TN:
SF:background\service-worker.js
FN:29,loadDetachedPanelState
FN:60,saveDetachedPanelState
FN:86,waitForWindowState
FN:95,(anonymous_3)
FN:101,(anonymous_4)
FN:129,handleOpenBigEditor
FN:131,(anonymous_6)
FN:145,(anonymous_7)
FN:160,handleSyncNoteEdit
FN:170,handleOpenSidePanel
FN:177,(anonymous_10)
FN:178,(anonymous_11)
FN:181,handleCloseSidePanel
FN:189,(anonymous_13)
FN:190,(anonymous_14)
FN:193,handlePanelHeartbeat
FN:201,handlePanelClosed
FN:209,handleIsPanelOpen
FN:214,handleContentScriptReady
FN:218,(anonymous_19)
FN:227,isPanelOpenForTab
FN:234,resolveHostWindowForTab
FN:256,pickDetachedPanelWidth
FN:264,clampDetachedPanelWidth
FN:270,joinedPanelLeft
FN:274,lockDetachedSync
FN:279,isDetachedSyncLocked
FN:283,findDetachedEntryByWindowId
FN:295,syncDetachedPairFromHost
FN:350,syncDetachedPairFromPanel
FN:420,openDetachedPanelWindow
FN:586,openNotesPanelForTab
FN:613,closeNotesPanelForTab
FN:636,(anonymous_33)
FN:637,(anonymous_34)
FN:683,(anonymous_35)
FN:704,(anonymous_36)
FN:711,(anonymous_37)
FN:717,(anonymous_38)
FN:725,(anonymous_39)
FN:727,(anonymous_40)
FN:734,(anonymous_41)
FN:735,(anonymous_42)
FN:741,(anonymous_43)
FN:748,(anonymous_44)
FN:762,(anonymous_45)
FN:763,(anonymous_46)
FN:779,(anonymous_47)
FN:783,(anonymous_48)
FN:789,(anonymous_49)
FN:804,(anonymous_50)
FN:808,(anonymous_51)
FN:823,(anonymous_52)
FN:830,(anonymous_53)
FN:832,(anonymous_54)
FN:866,onBoundsChangedExecution
FN:878,(anonymous_56)
FN:887,(anonymous_57)
FN:902,(anonymous_58)
FN:913,(anonymous_59)
FN:929,(anonymous_60)
FN:933,(anonymous_61)
FNF:62
FNH:0
FNDA:0,loadDetachedPanelState
FNDA:0,saveDetachedPanelState
FNDA:0,waitForWindowState
FNDA:0,(anonymous_3)
FNDA:0,(anonymous_4)
FNDA:0,handleOpenBigEditor
FNDA:0,(anonymous_6)
FNDA:0,(anonymous_7)
FNDA:0,handleSyncNoteEdit
FNDA:0,handleOpenSidePanel
FNDA:0,(anonymous_10)
FNDA:0,(anonymous_11)
FNDA:0,handleCloseSidePanel
FNDA:0,(anonymous_13)
FNDA:0,(anonymous_14)
FNDA:0,handlePanelHeartbeat
FNDA:0,handlePanelClosed
FNDA:0,handleIsPanelOpen
FNDA:0,handleContentScriptReady
FNDA:0,(anonymous_19)
FNDA:0,isPanelOpenForTab
FNDA:0,resolveHostWindowForTab
FNDA:0,pickDetachedPanelWidth
FNDA:0,clampDetachedPanelWidth
FNDA:0,joinedPanelLeft
FNDA:0,lockDetachedSync
FNDA:0,isDetachedSyncLocked
FNDA:0,findDetachedEntryByWindowId
FNDA:0,syncDetachedPairFromHost
FNDA:0,syncDetachedPairFromPanel
FNDA:0,openDetachedPanelWindow
FNDA:0,openNotesPanelForTab
FNDA:0,closeNotesPanelForTab
FNDA:0,(anonymous_33)
FNDA:0,(anonymous_34)
FNDA:0,(anonymous_35)
FNDA:0,(anonymous_36)
FNDA:0,(anonymous_37)
FNDA:0,(anonymous_38)
FNDA:0,(anonymous_39)
FNDA:0,(anonymous_40)
FNDA:0,(anonymous_41)
FNDA:0,(anonymous_42)
FNDA:0,(anonymous_43)
FNDA:0,(anonymous_44)
FNDA:0,(anonymous_45)
FNDA:0,(anonymous_46)
FNDA:0,(anonymous_47)
FNDA:0,(anonymous_48)
FNDA:0,(anonymous_49)
FNDA:0,(anonymous_50)
FNDA:0,(anonymous_51)
FNDA:0,(anonymous_52)
FNDA:0,(anonymous_53)
FNDA:0,(anonymous_54)
FNDA:0,onBoundsChangedExecution
FNDA:0,(anonymous_56)
FNDA:0,(anonymous_57)
FNDA:0,(anonymous_58)
FNDA:0,(anonymous_59)
FNDA:0,(anonymous_60)
FNDA:0,(anonymous_61)
DA:3,0
DA:4,0
DA:5,0
DA:6,0
DA:7,0
DA:8,0
DA:9,0
DA:10,0
DA:11,0
DA:13,0
DA:23,0
DA:26,0
DA:30,0
DA:31,0
DA:32,0
DA:33,0
DA:35,0
DA:36,0
DA:37,0
DA:38,0
DA:39,0
DA:44,0
DA:45,0
DA:46,0
DA:47,0
DA:48,0
DA:52,0
DA:55,0
DA:61,0
DA:62,0
DA:68,0
DA:69,0
DA:72,0
DA:73,0
DA:76,0
DA:78,0
DA:83,0
DA:87,0
DA:88,0
DA:89,0
DA:90,0
DA:91,0
DA:93,0
DA:95,0
DA:97,0
DA:101,0
DA:102,0
DA:103,0
DA:104,0
DA:105,0
DA:106,0
DA:107,0
DA:108,0
DA:109,0
DA:110,0
DA:111,0
DA:112,0
DA:113,0
DA:114,0
DA:115,0
DA:116,0
DA:117,0
DA:118,0
DA:119,0
DA:120,0
DA:121,0
DA:122,0
DA:123,0
DA:124,0
DA:125,0
DA:130,0
DA:131,0
DA:132,0
DA:137,0
DA:139,0
DA:146,0
DA:147,0
DA:148,0
DA:149,0
DA:150,0
DA:152,0
DA:156,0
DA:161,0
DA:167,0
DA:171,0
DA:172,0
DA:173,0
DA:174,0
DA:176,0
DA:177,0
DA:178,0
DA:182,0
DA:183,0
DA:184,0
DA:185,0
DA:186,0
DA:188,0
DA:189,0
DA:190,0
DA:194,0
DA:195,0
DA:196,0
DA:198,0
DA:202,0
DA:203,0
DA:204,0
DA:206,0
DA:210,0
DA:211,0
DA:215,0
DA:216,0
DA:219,0
DA:223,0
DA:225,0
DA:228,0
DA:229,0
DA:230,0
DA:231,0
DA:235,0
DA:236,0
DA:237,0
DA:238,0
DA:244,0
DA:245,0
DA:246,0
DA:247,0
DA:250,0
DA:253,0
DA:257,0
DA:258,0
DA:260,0
DA:261,0
DA:265,0
DA:266,0
DA:267,0
DA:271,0
DA:275,0
DA:276,0
DA:280,0
DA:284,0
DA:285,0
DA:286,0
DA:288,0
DA:289,0
DA:292,0
DA:296,0
DA:297,0
DA:299,0
DA:300,0
DA:301,0
DA:303,0
DA:304,0
DA:308,0
DA:309,0
DA:311,0
DA:312,0
DA:313,0
DA:314,0
DA:317,0
DA:318,0
DA:319,0
DA:320,0
DA:323,0
DA:324,0
DA:327,0
DA:328,0
DA:335,0
DA:336,0
DA:339,0
DA:344,0
DA:346,0
DA:351,0
DA:352,0
DA:354,0
DA:355,0
DA:356,0
DA:358,0
DA:359,0
DA:363,0
DA:364,0
DA:366,0
DA:367,0
DA:370,0
DA:371,0
DA:374,0
DA:375,0
DA:376,0
DA:377,0
DA:380,0
DA:381,0
DA:382,0
DA:383,0
DA:384,0
DA:387,0
DA:388,0
DA:391,0
DA:392,0
DA:398,0
DA:405,0
DA:406,0
DA:409,0
DA:414,0
DA:416,0
DA:421,0
DA:422,0
DA:423,0
DA:424,0
DA:425,0
DA:426,0
DA:427,0
DA:429,0
DA:433,0
DA:434,0
DA:436,0
DA:437,0
DA:447,0
DA:448,0
DA:449,0
DA:451,0
DA:452,0
DA:454,0
DA:455,0
DA:457,0
DA:462,0
DA:463,0
DA:465,0
DA:467,0
DA:471,0
DA:472,0
DA:473,0
DA:474,0
DA:475,0
DA:478,0
DA:481,0
DA:482,0
DA:483,0
DA:484,0
DA:486,0
DA:487,0
DA:491,0
DA:494,0
DA:495,0
DA:497,0
DA:498,0
DA:500,0
DA:508,0
DA:509,0
DA:518,0
DA:519,0
DA:522,0
DA:525,0
DA:530,0
DA:531,0
DA:532,0
DA:539,0
DA:540,0
DA:542,0
DA:545,0
DA:546,0
DA:554,0
DA:555,0
DA:558,0
DA:563,0
DA:565,0
DA:566,0
DA:567,0
DA:573,0
DA:574,0
DA:579,0
DA:582,0
DA:587,0
DA:589,0
DA:590,0
DA:591,0
DA:596,0
DA:597,0
DA:598,0
DA:604,0
DA:605,0
DA:606,0
DA:607,0
DA:610,0
DA:614,0
DA:616,0
DA:618,0
DA:620,0
DA:621,0
DA:622,0
DA:623,0
DA:624,0
DA:625,0
DA:626,0
DA:629,0
DA:634,0
DA:635,0
DA:636,0
DA:637,0
DA:638,0
DA:641,0
DA:644,0
DA:645,0
DA:649,0
DA:650,0
DA:656,0
DA:657,0
DA:666,0
DA:667,0
DA:668,0
DA:673,0
DA:679,0
DA:683,0
DA:685,0
DA:694,0
DA:695,0
DA:699,0
DA:701,0
DA:704,0
DA:707,0
DA:711,0
DA:714,0
DA:717,0
DA:719,0
DA:721,0
DA:725,0
DA:726,0
DA:727,0
DA:728,0
DA:734,0
DA:735,0
DA:736,0
DA:741,0
DA:742,0
DA:743,0
DA:744,0
DA:745,0
DA:746,0
DA:747,0
DA:748,0
DA:749,0
DA:754,0
DA:755,0
DA:756,0
DA:760,0
DA:761,0
DA:762,0
DA:763,0
DA:764,0
DA:767,0
DA:771,0
DA:773,0
DA:774,0
DA:780,0
DA:781,0
DA:784,0
DA:789,0
DA:790,0
DA:791,0
DA:792,0
DA:794,0
DA:795,0
DA:796,0
DA:797,0
DA:798,0
DA:799,0
DA:805,0
DA:806,0
DA:809,0
DA:813,0
DA:814,0
DA:818,0
DA:819,0
DA:820,0
DA:822,0
DA:823,0
DA:824,0
DA:828,0
DA:829,0
DA:830,0
DA:831,0
DA:832,0
DA:833,0
DA:837,0
DA:840,0
DA:841,0
DA:846,0
DA:847,0
DA:848,0
DA:849,0
DA:854,0
DA:855,0
DA:856,0
DA:860,0
DA:863,0
DA:867,0
DA:868,0
DA:870,0
DA:871,0
DA:877,0
DA:878,0
DA:879,0
DA:887,0
DA:888,0
DA:889,0
DA:891,0
DA:892,0
DA:894,0
DA:895,0
DA:898,0
DA:899,0
DA:902,0
DA:903,0
DA:904,0
DA:907,0
DA:910,0
DA:913,0
DA:914,0
DA:915,0
DA:917,0
DA:918,0
DA:920,0
DA:922,0
DA:924,0
DA:925,0
DA:929,0
DA:930,0
DA:931,0
DA:933,0
DA:934,0
DA:935,0
DA:938,0
DA:942,0
DA:946,0
LF:432
LH:0
BRDA:33,0,0,0
BRDA:33,0,1,0
BRDA:33,1,0,0
BRDA:33,1,1,0
BRDA:35,2,0,0
BRDA:35,2,1,0
BRDA:38,3,0,0
BRDA:38,3,1,0
BRDA:44,4,0,0
BRDA:44,4,1,0
BRDA:47,5,0,0
BRDA:47,5,1,0
BRDA:47,6,0,0
BRDA:47,6,1,0
BRDA:86,7,0,0
BRDA:91,8,0,0
BRDA:91,8,1,0
BRDA:102,9,0,0
BRDA:102,9,1,0
BRDA:105,10,0,0
BRDA:105,10,1,0
BRDA:108,11,0,0
BRDA:108,11,1,0
BRDA:111,12,0,0
BRDA:111,12,1,0
BRDA:114,13,0,0
BRDA:114,13,1,0
BRDA:117,14,0,0
BRDA:117,14,1,0
BRDA:120,15,0,0
BRDA:120,15,1,0
BRDA:123,16,0,0
BRDA:123,16,1,0
BRDA:135,17,0,0
BRDA:135,17,1,0
BRDA:146,18,0,0
BRDA:146,18,1,0
BRDA:146,19,0,0
BRDA:146,19,1,0
BRDA:147,20,0,0
BRDA:147,20,1,0
BRDA:148,21,0,0
BRDA:148,21,1,0
BRDA:149,22,0,0
BRDA:149,22,1,0
BRDA:172,23,0,0
BRDA:172,23,1,0
BRDA:183,24,0,0
BRDA:183,24,1,0
BRDA:184,25,0,0
BRDA:184,25,1,0
BRDA:195,26,0,0
BRDA:195,26,1,0
BRDA:203,27,0,0
BRDA:203,27,1,0
BRDA:219,28,0,0
BRDA:219,28,1,0
BRDA:228,29,0,0
BRDA:228,29,1,0
BRDA:230,30,0,0
BRDA:230,30,1,0
BRDA:236,31,0,0
BRDA:236,31,1,0
BRDA:246,32,0,0
BRDA:246,32,1,0
BRDA:257,33,0,0
BRDA:257,33,1,0
BRDA:257,34,0,0
BRDA:257,34,1,0
BRDA:266,35,0,0
BRDA:266,35,1,0
BRDA:266,36,0,0
BRDA:266,36,1,0
BRDA:275,37,0,0
BRDA:275,37,1,0
BRDA:285,38,0,0
BRDA:285,38,1,0
BRDA:288,39,0,0
BRDA:288,39,1,0
BRDA:297,40,0,0
BRDA:297,40,1,0
BRDA:301,41,0,0
BRDA:301,41,1,0
BRDA:301,42,0,0
BRDA:301,42,1,0
BRDA:308,43,0,0
BRDA:308,43,1,0
BRDA:308,44,0,0
BRDA:308,44,1,0
BRDA:309,45,0,0
BRDA:309,45,1,0
BRDA:309,46,0,0
BRDA:309,46,1,0
BRDA:311,47,0,0
BRDA:311,47,1,0
BRDA:323,48,0,0
BRDA:323,48,1,0
BRDA:323,49,0,0
BRDA:323,49,1,0
BRDA:323,49,2,0
BRDA:323,49,3,0
BRDA:352,50,0,0
BRDA:352,50,1,0
BRDA:356,51,0,0
BRDA:356,51,1,0
BRDA:356,52,0,0
BRDA:356,52,1,0
BRDA:363,53,0,0
BRDA:363,53,1,0
BRDA:363,54,0,0
BRDA:363,54,1,0
BRDA:364,55,0,0
BRDA:364,55,1,0
BRDA:364,56,0,0
BRDA:364,56,1,0
BRDA:367,57,0,0
BRDA:367,57,1,0
BRDA:370,58,0,0
BRDA:370,58,1,0
BRDA:370,59,0,0
BRDA:370,59,1,0
BRDA:370,59,2,0
BRDA:387,60,0,0
BRDA:387,60,1,0
BRDA:387,61,0,0
BRDA:387,61,1,0
BRDA:387,61,2,0
BRDA:387,61,3,0
BRDA:387,61,4,0
BRDA:423,62,0,0
BRDA:423,62,1,0
BRDA:434,63,0,0
BRDA:434,63,1,0
BRDA:436,64,0,0
BRDA:436,64,1,0
BRDA:448,65,0,0
BRDA:448,65,1,0
BRDA:474,66,0,0
BRDA:474,66,1,0
BRDA:486,67,0,0
BRDA:486,67,1,0
BRDA:497,68,0,0
BRDA:497,68,1,0
BRDA:497,69,0,0
BRDA:497,69,1,0
BRDA:528,70,0,0
BRDA:528,70,1,0
BRDA:539,71,0,0
BRDA:539,71,1,0
BRDA:540,72,0,0
BRDA:540,72,1,0
BRDA:545,73,0,0
BRDA:545,73,1,0
BRDA:554,74,0,0
BRDA:554,74,1,0
BRDA:565,75,0,0
BRDA:565,75,1,0
BRDA:565,76,0,0
BRDA:565,76,1,0
BRDA:573,77,0,0
BRDA:573,77,1,0
BRDA:573,78,0,0
BRDA:573,78,1,0
BRDA:586,79,0,0
BRDA:587,80,0,0
BRDA:587,80,1,0
BRDA:589,81,0,0
BRDA:589,81,1,0
BRDA:589,82,0,0
BRDA:589,82,1,0
BRDA:605,83,0,0
BRDA:605,83,1,0
BRDA:614,84,0,0
BRDA:614,84,1,0
BRDA:622,85,0,0
BRDA:622,85,1,0
BRDA:635,86,0,0
BRDA:635,86,1,0
BRDA:645,87,0,0
BRDA:645,87,1,0
BRDA:646,88,0,0
BRDA:646,88,1,0
BRDA:656,89,0,0
BRDA:656,89,1,0
BRDA:656,90,0,0
BRDA:656,90,1,0
BRDA:666,91,0,0
BRDA:666,91,1,0
BRDA:726,92,0,0
BRDA:726,92,1,0
BRDA:747,93,0,0
BRDA:747,93,1,0
BRDA:754,94,0,0
BRDA:754,94,1,0
BRDA:761,95,0,0
BRDA:761,95,1,0
BRDA:773,96,0,0
BRDA:773,96,1,0
BRDA:773,97,0,0
BRDA:773,97,1,0
BRDA:780,98,0,0
BRDA:780,98,1,0
BRDA:780,99,0,0
BRDA:780,99,1,0
BRDA:794,100,0,0
BRDA:794,100,1,0
BRDA:798,101,0,0
BRDA:798,101,1,0
BRDA:798,102,0,0
BRDA:798,102,1,0
BRDA:805,103,0,0
BRDA:805,103,1,0
BRDA:805,104,0,0
BRDA:805,104,1,0
BRDA:818,105,0,0
BRDA:818,105,1,0
BRDA:822,106,0,0
BRDA:822,106,1,0
BRDA:822,107,0,0
BRDA:822,107,1,0
BRDA:829,108,0,0
BRDA:829,108,1,0
BRDA:831,109,0,0
BRDA:831,109,1,0
BRDA:831,110,0,0
BRDA:831,110,1,0
BRDA:847,111,0,0
BRDA:847,111,1,0
BRDA:849,112,0,0
BRDA:849,112,1,0
BRDA:854,113,0,0
BRDA:854,113,1,0
BRDA:868,114,0,0
BRDA:868,114,1,0
BRDA:871,115,0,0
BRDA:871,115,1,0
BRDA:877,116,0,0
BRDA:877,116,1,0
BRDA:889,117,0,0
BRDA:889,117,1,0
BRDA:892,118,0,0
BRDA:892,118,1,0
BRDA:895,119,0,0
BRDA:895,119,1,0
BRDA:898,120,0,0
BRDA:898,120,1,0
BRDA:914,121,0,0
BRDA:914,121,1,0
BRDA:914,122,0,0
BRDA:914,122,1,0
BRDA:914,122,2,0
BRDA:920,123,0,0
BRDA:920,123,1,0
BRDA:922,124,0,0
BRDA:922,124,1,0
BRDA:924,125,0,0
BRDA:924,125,1,0
BRDA:934,126,0,0
BRDA:934,126,1,0
BRDA:934,127,0,0
BRDA:934,127,1,0
BRF:261
BRH:0
end_of_record
TN:
SF:content\content-script.js
FN:1,(anonymous_0)
FN:11,debugLog
FN:16,(anonymous_2)
FN:46,(anonymous_3)
FN:54,(anonymous_4)
FN:75,(anonymous_5)
FN:119,(anonymous_6)
FN:120,(anonymous_7)
FN:122,(anonymous_8)
FN:131,(anonymous_9)
FN:141,(anonymous_10)
FN:144,(anonymous_11)
FN:158,(anonymous_12)
FN:166,(anonymous_13)
FN:173,(anonymous_14)
FN:189,(anonymous_15)
FN:211,(anonymous_16)
FN:215,(anonymous_17)
FN:224,(anonymous_18)
FN:235,(anonymous_19)
FN:243,(anonymous_20)
FN:253,(anonymous_21)
FN:265,(anonymous_22)
FN:282,(anonymous_23)
FN:284,(anonymous_24)
FN:296,(anonymous_25)
FN:305,(anonymous_26)
FN:307,(anonymous_27)
FN:309,(anonymous_28)
FN:319,(anonymous_29)
FN:321,(anonymous_30)
FN:331,(anonymous_31)
FN:336,(anonymous_32)
FN:359,(anonymous_33)
FN:368,(anonymous_34)
FN:397,(anonymous_35)
FN:400,(anonymous_36)
FN:409,(anonymous_37)
FN:421,(anonymous_38)
FN:426,(anonymous_39)
FN:432,(anonymous_40)
FN:438,(anonymous_41)
FN:447,(anonymous_42)
FN:453,(anonymous_43)
FN:465,(anonymous_44)
FN:481,(anonymous_45)
FN:482,(anonymous_46)
FN:491,(anonymous_47)
FN:500,(anonymous_48)
FN:503,(anonymous_49)
FN:509,(anonymous_50)
FN:518,(anonymous_51)
FN:526,(anonymous_52)
FN:533,(anonymous_53)
FN:537,(anonymous_54)
FN:570,(anonymous_55)
FN:591,(anonymous_56)
FN:608,(anonymous_57)
FN:619,(anonymous_58)
FN:638,(anonymous_59)
FN:647,(anonymous_60)
FN:652,(anonymous_61)
FN:669,(anonymous_62)
FN:677,(anonymous_63)
FN:684,(anonymous_64)
FN:695,(anonymous_65)
FN:696,(anonymous_66)
FN:704,(anonymous_67)
FN:713,(anonymous_68)
FN:747,(anonymous_69)
FN:766,(anonymous_70)
FN:774,(anonymous_71)
FN:782,(anonymous_72)
FN:805,(anonymous_73)
FN:816,(anonymous_74)
FN:832,(anonymous_75)
FN:852,(anonymous_76)
FN:868,(anonymous_77)
FN:890,(anonymous_78)
FN:896,(anonymous_79)
FN:904,(anonymous_80)
FN:913,(anonymous_81)
FN:915,(anonymous_82)
FN:916,(anonymous_83)
FN:917,(anonymous_84)
FN:918,(anonymous_85)
FN:922,(anonymous_86)
FN:928,(anonymous_87)
FN:935,(anonymous_88)
FN:944,(anonymous_89)
FN:987,(anonymous_90)
FN:1007,(anonymous_91)
FN:1025,(anonymous_92)
FN:1031,(anonymous_93)
FN:1035,(anonymous_94)
FN:1060,(anonymous_95)
FN:1078,(anonymous_96)
FN:1088,(anonymous_97)
FN:1090,(anonymous_98)
FN:1104,(anonymous_99)
FN:1113,(anonymous_100)
FN:1129,(anonymous_101)
FN:1146,(anonymous_102)
FN:1174,(anonymous_103)
FN:1212,(anonymous_104)
FN:1286,(anonymous_105)
FN:1321,(anonymous_106)
FN:1322,(anonymous_107)
FN:1325,(anonymous_108)
FN:1355,(anonymous_109)
FN:1355,(anonymous_110)
FN:1364,(anonymous_111)
FN:1463,(anonymous_112)
FN:1507,(anonymous_113)
FN:1585,(anonymous_114)
FN:1590,(anonymous_115)
FN:1616,(anonymous_116)
FN:1619,(anonymous_117)
FN:1631,(anonymous_118)
FN:1637,(anonymous_119)
FN:1649,(anonymous_120)
FN:1658,(anonymous_121)
FN:1746,(anonymous_122)
FN:1759,(anonymous_123)
FN:1766,(anonymous_124)
FN:1774,(anonymous_125)
FN:1789,(anonymous_126)
FN:1803,(anonymous_127)
FN:1814,bootstrapYouTubeController
FNF:129
FNH:0
FNDA:0,(anonymous_0)
FNDA:0,debugLog
FNDA:0,(anonymous_2)
FNDA:0,(anonymous_3)
FNDA:0,(anonymous_4)
FNDA:0,(anonymous_5)
FNDA:0,(anonymous_6)
FNDA:0,(anonymous_7)
FNDA:0,(anonymous_8)
FNDA:0,(anonymous_9)
FNDA:0,(anonymous_10)
FNDA:0,(anonymous_11)
FNDA:0,(anonymous_12)
FNDA:0,(anonymous_13)
FNDA:0,(anonymous_14)
FNDA:0,(anonymous_15)
FNDA:0,(anonymous_16)
FNDA:0,(anonymous_17)
FNDA:0,(anonymous_18)
FNDA:0,(anonymous_19)
FNDA:0,(anonymous_20)
FNDA:0,(anonymous_21)
FNDA:0,(anonymous_22)
FNDA:0,(anonymous_23)
FNDA:0,(anonymous_24)
FNDA:0,(anonymous_25)
FNDA:0,(anonymous_26)
FNDA:0,(anonymous_27)
FNDA:0,(anonymous_28)
FNDA:0,(anonymous_29)
FNDA:0,(anonymous_30)
FNDA:0,(anonymous_31)
FNDA:0,(anonymous_32)
FNDA:0,(anonymous_33)
FNDA:0,(anonymous_34)
FNDA:0,(anonymous_35)
FNDA:0,(anonymous_36)
FNDA:0,(anonymous_37)
FNDA:0,(anonymous_38)
FNDA:0,(anonymous_39)
FNDA:0,(anonymous_40)
FNDA:0,(anonymous_41)
FNDA:0,(anonymous_42)
FNDA:0,(anonymous_43)
FNDA:0,(anonymous_44)
FNDA:0,(anonymous_45)
FNDA:0,(anonymous_46)
FNDA:0,(anonymous_47)
FNDA:0,(anonymous_48)
FNDA:0,(anonymous_49)
FNDA:0,(anonymous_50)
FNDA:0,(anonymous_51)
FNDA:0,(anonymous_52)
FNDA:0,(anonymous_53)
FNDA:0,(anonymous_54)
FNDA:0,(anonymous_55)
FNDA:0,(anonymous_56)
FNDA:0,(anonymous_57)
FNDA:0,(anonymous_58)
FNDA:0,(anonymous_59)
FNDA:0,(anonymous_60)
FNDA:0,(anonymous_61)
FNDA:0,(anonymous_62)
FNDA:0,(anonymous_63)
FNDA:0,(anonymous_64)
FNDA:0,(anonymous_65)
FNDA:0,(anonymous_66)
FNDA:0,(anonymous_67)
FNDA:0,(anonymous_68)
FNDA:0,(anonymous_69)
FNDA:0,(anonymous_70)
FNDA:0,(anonymous_71)
FNDA:0,(anonymous_72)
FNDA:0,(anonymous_73)
FNDA:0,(anonymous_74)
FNDA:0,(anonymous_75)
FNDA:0,(anonymous_76)
FNDA:0,(anonymous_77)
FNDA:0,(anonymous_78)
FNDA:0,(anonymous_79)
FNDA:0,(anonymous_80)
FNDA:0,(anonymous_81)
FNDA:0,(anonymous_82)
FNDA:0,(anonymous_83)
FNDA:0,(anonymous_84)
FNDA:0,(anonymous_85)
FNDA:0,(anonymous_86)
FNDA:0,(anonymous_87)
FNDA:0,(anonymous_88)
FNDA:0,(anonymous_89)
FNDA:0,(anonymous_90)
FNDA:0,(anonymous_91)
FNDA:0,(anonymous_92)
FNDA:0,(anonymous_93)
FNDA:0,(anonymous_94)
FNDA:0,(anonymous_95)
FNDA:0,(anonymous_96)
FNDA:0,(anonymous_97)
FNDA:0,(anonymous_98)
FNDA:0,(anonymous_99)
FNDA:0,(anonymous_100)
FNDA:0,(anonymous_101)
FNDA:0,(anonymous_102)
FNDA:0,(anonymous_103)
FNDA:0,(anonymous_104)
FNDA:0,(anonymous_105)
FNDA:0,(anonymous_106)
FNDA:0,(anonymous_107)
FNDA:0,(anonymous_108)
FNDA:0,(anonymous_109)
FNDA:0,(anonymous_110)
FNDA:0,(anonymous_111)
FNDA:0,(anonymous_112)
FNDA:0,(anonymous_113)
FNDA:0,(anonymous_114)
FNDA:0,(anonymous_115)
FNDA:0,(anonymous_116)
FNDA:0,(anonymous_117)
FNDA:0,(anonymous_118)
FNDA:0,(anonymous_119)
FNDA:0,(anonymous_120)
FNDA:0,(anonymous_121)
FNDA:0,(anonymous_122)
FNDA:0,(anonymous_123)
FNDA:0,(anonymous_124)
FNDA:0,(anonymous_125)
FNDA:0,(anonymous_126)
FNDA:0,(anonymous_127)
FNDA:0,bootstrapYouTubeController
DA:1,0
DA:2,0
DA:12,0
DA:17,0
DA:18,0
DA:19,0
DA:20,0
DA:21,0
DA:22,0
DA:23,0
DA:24,0
DA:25,0
DA:26,0
DA:27,0
DA:28,0
DA:29,0
DA:30,0
DA:31,0
DA:32,0
DA:33,0
DA:34,0
DA:35,0
DA:36,0
DA:37,0
DA:38,0
DA:39,0
DA:40,0
DA:41,0
DA:42,0
DA:47,0
DA:48,0
DA:50,0
DA:55,0
DA:57,0
DA:58,0
DA:59,0
DA:60,0
DA:62,0
DA:63,0
DA:64,0
DA:65,0
DA:68,0
DA:70,0
DA:71,0
DA:72,0
DA:75,0
DA:76,0
DA:77,0
DA:78,0
DA:84,0
DA:85,0
DA:87,0
DA:88,0
DA:89,0
DA:91,0
DA:92,0
DA:94,0
DA:95,0
DA:96,0
DA:98,0
DA:102,0
DA:103,0
DA:104,0
DA:106,0
DA:107,0
DA:108,0
DA:111,0
DA:112,0
DA:113,0
DA:114,0
DA:120,0
DA:122,0
DA:123,0
DA:124,0
DA:125,0
DA:126,0
DA:128,0
DA:131,0
DA:132,0
DA:133,0
DA:135,0
DA:136,0
DA:142,0
DA:144,0
DA:145,0
DA:146,0
DA:147,0
DA:148,0
DA:149,0
DA:150,0
DA:154,0
DA:155,0
DA:158,0
DA:159,0
DA:160,0
DA:161,0
DA:163,0
DA:166,0
DA:167,0
DA:168,0
DA:169,0
DA:177,0
DA:178,0
DA:179,0
DA:180,0
DA:181,0
DA:184,0
DA:185,0
DA:186,0
DA:187,0
DA:189,0
DA:190,0
DA:195,0
DA:196,0
DA:197,0
DA:200,0
DA:201,0
DA:202,0
DA:203,0
DA:204,0
DA:205,0
DA:206,0
DA:207,0
DA:212,0
DA:216,0
DA:217,0
DA:218,0
DA:219,0
DA:220,0
DA:221,0
DA:225,0
DA:232,0
DA:233,0
DA:234,0
DA:235,0
DA:236,0
DA:237,0
DA:238,0
DA:244,0
DA:247,0
DA:248,0
DA:249,0
DA:253,0
DA:254,0
DA:255,0
DA:256,0
DA:257,0
DA:261,0
DA:262,0
DA:266,0
DA:267,0
DA:270,0
DA:271,0
DA:273,0
DA:274,0
DA:275,0
DA:276,0
DA:277,0
DA:278,0
DA:279,0
DA:280,0
DA:282,0
DA:283,0
DA:284,0
DA:285,0
DA:286,0
DA:287,0
DA:292,0
DA:293,0
DA:297,0
DA:298,0
DA:299,0
DA:300,0
DA:301,0
DA:308,0
DA:309,0
DA:310,0
DA:311,0
DA:312,0
DA:313,0
DA:314,0
DA:320,0
DA:321,0
DA:322,0
DA:323,0
DA:324,0
DA:326,0
DA:327,0
DA:332,0
DA:333,0
DA:338,0
DA:339,0
DA:342,0
DA:343,0
DA:345,0
DA:346,0
DA:347,0
DA:351,0
DA:352,0
DA:353,0
DA:356,0
DA:360,0
DA:363,0
DA:364,0
DA:365,0
DA:368,0
DA:369,0
DA:371,0
DA:372,0
DA:374,0
DA:377,0
DA:378,0
DA:379,0
DA:380,0
DA:384,0
DA:385,0
DA:390,0
DA:394,0
DA:398,0
DA:399,0
DA:400,0
DA:401,0
DA:406,0
DA:410,0
DA:413,0
DA:414,0
DA:416,0
DA:417,0
DA:421,0
DA:422,0
DA:423,0
DA:427,0
DA:432,0
DA:433,0
DA:434,0
DA:439,0
DA:443,0
DA:444,0
DA:448,0
DA:449,0
DA:454,0
DA:455,0
DA:467,0
DA:468,0
DA:470,0
DA:473,0
DA:479,0
DA:480,0
DA:481,0
DA:482,0
DA:483,0
DA:484,0
DA:485,0
DA:491,0
DA:492,0
DA:493,0
DA:494,0
DA:495,0
DA:496,0
DA:497,0
DA:500,0
DA:503,0
DA:504,0
DA:505,0
DA:506,0
DA:508,0
DA:509,0
DA:510,0
DA:511,0
DA:512,0
DA:515,0
DA:516,0
DA:518,0
DA:519,0
DA:520,0
DA:522,0
DA:526,0
DA:527,0
DA:528,0
DA:538,0
DA:539,0
DA:540,0
DA:541,0
DA:567,0
DA:571,0
DA:574,0
DA:576,0
DA:577,0
DA:580,0
DA:581,0
DA:582,0
DA:583,0
DA:584,0
DA:585,0
DA:591,0
DA:592,0
DA:593,0
DA:594,0
DA:598,0
DA:599,0
DA:600,0
DA:601,0
DA:602,0
DA:603,0
DA:608,0
DA:609,0
DA:610,0
DA:611,0
DA:615,0
DA:616,0
DA:620,0
DA:621,0
DA:623,0
DA:624,0
DA:625,0
DA:626,0
DA:631,0
DA:633,0
DA:639,0
DA:640,0
DA:641,0
DA:644,0
DA:645,0
DA:646,0
DA:647,0
DA:653,0
DA:655,0
DA:656,0
DA:657,0
DA:658,0
DA:659,0
DA:661,0
DA:670,0
DA:671,0
DA:672,0
DA:673,0
DA:677,0
DA:678,0
DA:679,0
DA:680,0
DA:681,0
DA:682,0
DA:683,0
DA:684,0
DA:685,0
DA:686,0
DA:688,0
DA:691,0
DA:692,0
DA:694,0
DA:695,0
DA:696,0
DA:697,0
DA:698,0
DA:701,0
DA:702,0
DA:704,0
DA:705,0
DA:706,0
DA:707,0
DA:708,0
DA:709,0
DA:710,0
DA:711,0
DA:712,0
DA:713,0
DA:714,0
DA:715,0
DA:716,0
DA:717,0
DA:718,0
DA:719,0
DA:720,0
DA:726,0
DA:727,0
DA:728,0
DA:729,0
DA:730,0
DA:731,0
DA:732,0
DA:733,0
DA:734,0
DA:735,0
DA:736,0
DA:737,0
DA:738,0
DA:739,0
DA:741,0
DA:744,0
DA:748,0
DA:750,0
DA:751,0
DA:752,0
DA:754,0
DA:755,0
DA:757,0
DA:758,0
DA:759,0
DA:760,0
DA:762,0
DA:763,0
DA:766,0
DA:767,0
DA:770,0
DA:771,0
DA:775,0
DA:776,0
DA:777,0
DA:779,0
DA:783,0
DA:784,0
DA:785,0
DA:788,0
DA:789,0
DA:791,0
DA:792,0
DA:793,0
DA:794,0
DA:796,0
DA:797,0
DA:798,0
DA:800,0
DA:802,0
DA:803,0
DA:805,0
DA:806,0
DA:807,0
DA:808,0
DA:809,0
DA:810,0
DA:811,0
DA:812,0
DA:813,0
DA:816,0
DA:817,0
DA:818,0
DA:819,0
DA:821,0
DA:822,0
DA:823,0
DA:824,0
DA:826,0
DA:827,0
DA:828,0
DA:829,0
DA:832,0
DA:833,0
DA:834,0
DA:836,0
DA:838,0
DA:839,0
DA:840,0
DA:841,0
DA:843,0
DA:844,0
DA:845,0
DA:849,0
DA:852,0
DA:853,0
DA:854,0
DA:855,0
DA:856,0
DA:857,0
DA:858,0
DA:862,0
DA:863,0
DA:864,0
DA:865,0
DA:869,0
DA:871,0
DA:872,0
DA:875,0
DA:876,0
DA:878,0
DA:879,0
DA:880,0
DA:881,0
DA:883,0
DA:884,0
DA:885,0
DA:886,0
DA:888,0
DA:890,0
DA:891,0
DA:892,0
DA:893,0
DA:895,0
DA:896,0
DA:897,0
DA:898,0
DA:899,0
DA:901,0
DA:904,0
DA:905,0
DA:908,0
DA:909,0
DA:914,0
DA:915,0
DA:916,0
DA:917,0
DA:918,0
DA:919,0
DA:923,0
DA:924,0
DA:925,0
DA:929,0
DA:936,0
DA:937,0
DA:938,0
DA:940,0
DA:941,0
DA:942,0
DA:944,0
DA:945,0
DA:946,0
DA:947,0
DA:950,0
DA:951,0
DA:952,0
DA:954,0
DA:955,0
DA:956,0
DA:957,0
DA:960,0
DA:962,0
DA:963,0
DA:964,0
DA:967,0
DA:968,0
DA:969,0
DA:970,0
DA:971,0
DA:972,0
DA:973,0
DA:975,0
DA:976,0
DA:977,0
DA:979,0
DA:980,0
DA:983,0
DA:984,0
DA:988,0
DA:990,0
DA:991,0
DA:992,0
DA:994,0
DA:995,0
DA:997,0
DA:998,0
DA:999,0
DA:1007,0
DA:1009,0
DA:1010,0
DA:1011,0
DA:1012,0
DA:1017,0
DA:1019,0
DA:1022,0
DA:1026,0
DA:1027,0
DA:1028,0
DA:1032,0
DA:1033,0
DA:1035,0
DA:1036,0
DA:1038,0
DA:1039,0
DA:1041,0
DA:1042,0
DA:1043,0
DA:1045,0
DA:1046,0
DA:1047,0
DA:1048,0
DA:1050,0
DA:1051,0
DA:1053,0
DA:1054,0
DA:1056,0
DA:1057,0
DA:1058,0
DA:1059,0
DA:1060,0
DA:1063,0
DA:1064,0
DA:1071,0
DA:1073,0
DA:1074,0
DA:1079,0
DA:1080,0
DA:1081,0
DA:1083,0
DA:1085,0
DA:1087,0
DA:1088,0
DA:1089,0
DA:1090,0
DA:1091,0
DA:1092,0
DA:1093,0
DA:1094,0
DA:1095,0
DA:1101,0
DA:1105,0
DA:1106,0
DA:1107,0
DA:1109,0
DA:1112,0
DA:1113,0
DA:1114,0
DA:1115,0
DA:1116,0
DA:1117,0
DA:1118,0
DA:1119,0
DA:1126,0
DA:1128,0
DA:1129,0
DA:1130,0
DA:1131,0
DA:1132,0
DA:1133,0
DA:1134,0
DA:1135,0
DA:1136,0
DA:1143,0
DA:1147,0
DA:1148,0
DA:1149,0
DA:1150,0
DA:1152,0
DA:1153,0
DA:1154,0
DA:1155,0
DA:1157,0
DA:1158,0
DA:1159,0
DA:1160,0
DA:1161,0
DA:1162,0
DA:1164,0
DA:1165,0
DA:1166,0
DA:1167,0
DA:1170,0
DA:1171,0
DA:1175,0
DA:1176,0
DA:1178,0
DA:1179,0
DA:1180,0
DA:1182,0
DA:1183,0
DA:1184,0
DA:1186,0
DA:1187,0
DA:1188,0
DA:1189,0
DA:1190,0
DA:1191,0
DA:1193,0
DA:1194,0
DA:1197,0
DA:1198,0
DA:1199,0
DA:1200,0
DA:1202,0
DA:1209,0
DA:1213,0
DA:1214,0
DA:1216,0
DA:1217,0
DA:1218,0
DA:1219,0
DA:1220,0
DA:1221,0
DA:1224,0
DA:1225,0
DA:1226,0
DA:1227,0
DA:1228,0
DA:1229,0
DA:1230,0
DA:1233,0
DA:1234,0
DA:1235,0
DA:1236,0
DA:1238,0
DA:1239,0
DA:1240,0
DA:1241,0
DA:1244,0
DA:1245,0
DA:1246,0
DA:1248,0
DA:1249,0
DA:1250,0
DA:1252,0
DA:1254,0
DA:1257,0
DA:1258,0
DA:1259,0
DA:1261,0
DA:1262,0
DA:1263,0
DA:1267,0
DA:1268,0
DA:1269,0
DA:1270,0
DA:1272,0
DA:1275,0
DA:1276,0
DA:1277,0
DA:1278,0
DA:1279,0
DA:1280,0
DA:1282,0
DA:1283,0
DA:1287,0
DA:1288,0
DA:1289,0
DA:1291,0
DA:1292,0
DA:1293,0
DA:1294,0
DA:1295,0
DA:1297,0
DA:1299,0
DA:1300,0
DA:1303,0
DA:1304,0
DA:1305,0
DA:1306,0
DA:1307,0
DA:1309,0
DA:1310,0
DA:1311,0
DA:1312,0
DA:1313,0
DA:1315,0
DA:1318,0
DA:1321,0
DA:1322,0
DA:1326,0
DA:1327,0
DA:1328,0
DA:1329,0
DA:1332,0
DA:1333,0
DA:1334,0
DA:1341,0
DA:1342,0
DA:1343,0
DA:1344,0
DA:1345,0
DA:1346,0
DA:1347,0
DA:1348,0
DA:1349,0
DA:1352,0
DA:1355,0
DA:1357,0
DA:1358,0
DA:1359,0
DA:1361,0
DA:1362,0
DA:1363,0
DA:1364,0
DA:1365,0
DA:1366,0
DA:1367,0
DA:1371,0
DA:1372,0
DA:1373,0
DA:1374,0
DA:1375,0
DA:1380,0
DA:1384,0
DA:1386,0
DA:1387,0
DA:1388,0
DA:1391,0
DA:1392,0
DA:1393,0
DA:1396,0
DA:1397,0
DA:1398,0
DA:1399,0
DA:1400,0
DA:1401,0
DA:1402,0
DA:1403,0
DA:1404,0
DA:1407,0
DA:1413,0
DA:1414,0
DA:1415,0
DA:1425,0
DA:1426,0
DA:1427,0
DA:1428,0
DA:1429,0
DA:1431,0
DA:1432,0
DA:1436,0
DA:1437,0
DA:1438,0
DA:1439,0
DA:1441,0
DA:1442,0
DA:1443,0
DA:1444,0
DA:1447,0
DA:1448,0
DA:1450,0
DA:1451,0
DA:1453,0
DA:1457,0
DA:1464,0
DA:1465,0
DA:1467,0
DA:1468,0
DA:1469,0
DA:1470,0
DA:1474,0
DA:1475,0
DA:1476,0
DA:1479,0
DA:1480,0
DA:1481,0
DA:1482,0
DA:1485,0
DA:1487,0
DA:1488,0
DA:1491,0
DA:1492,0
DA:1494,0
DA:1498,0
DA:1508,0
DA:1511,0
DA:1512,0
DA:1513,0
DA:1516,0
DA:1518,0
DA:1523,0
DA:1524,0
DA:1525,0
DA:1526,0
DA:1528,0
DA:1529,0
DA:1531,0
DA:1532,0
DA:1533,0
DA:1540,0
DA:1545,0
DA:1546,0
DA:1554,0
DA:1555,0
DA:1556,0
DA:1559,0
DA:1560,0
DA:1561,0
DA:1564,0
DA:1566,0
DA:1567,0
DA:1568,0
DA:1569,0
DA:1572,0
DA:1580,0
DA:1581,0
DA:1586,0
DA:1587,0
DA:1590,0
DA:1591,0
DA:1593,0
DA:1594,0
DA:1595,0
DA:1597,0
DA:1598,0
DA:1600,0
DA:1602,0
DA:1603,0
DA:1604,0
DA:1605,0
DA:1610,0
DA:1617,0
DA:1619,0
DA:1620,0
DA:1621,0
DA:1625,0
DA:1626,0
DA:1627,0
DA:1631,0
DA:1632,0
DA:1634,0
DA:1635,0
DA:1636,0
DA:1637,0
DA:1638,0
DA:1641,0
DA:1646,0
DA:1650,0
DA:1651,0
DA:1652,0
DA:1653,0
DA:1654,0
DA:1659,0
DA:1661,0
DA:1662,0
DA:1663,0
DA:1664,0
DA:1666,0
DA:1667,0
DA:1670,0
DA:1671,0
DA:1672,0
DA:1673,0
DA:1674,0
DA:1675,0
DA:1677,0
DA:1678,0
DA:1679,0
DA:1681,0
DA:1682,0
DA:1684,0
DA:1685,0
DA:1686,0
DA:1688,0
DA:1689,0
DA:1690,0
DA:1691,0
DA:1692,0
DA:1693,0
DA:1694,0
DA:1695,0
DA:1696,0
DA:1697,0
DA:1698,0
DA:1699,0
DA:1700,0
DA:1704,0
DA:1705,0
DA:1706,0
DA:1707,0
DA:1708,0
DA:1709,0
DA:1710,0
DA:1712,0
DA:1713,0
DA:1714,0
DA:1715,0
DA:1716,0
DA:1717,0
DA:1718,0
DA:1720,0
DA:1722,0
DA:1723,0
DA:1725,0
DA:1727,0
DA:1746,0
DA:1747,0
DA:1750,0
DA:1751,0
DA:1756,0
DA:1757,0
DA:1759,0
DA:1760,0
DA:1761,0
DA:1762,0
DA:1763,0
DA:1766,0
DA:1767,0
DA:1768,0
DA:1769,0
DA:1770,0
DA:1771,0
DA:1774,0
DA:1775,0
DA:1776,0
DA:1777,0
DA:1778,0
DA:1779,0
DA:1780,0
DA:1781,0
DA:1785,0
DA:1786,0
DA:1787,0
DA:1789,0
DA:1790,0
DA:1791,0
DA:1792,0
DA:1795,0
DA:1801,0
DA:1804,0
DA:1805,0
DA:1806,0
DA:1807,0
DA:1808,0
DA:1809,0
DA:1811,0
DA:1814,0
DA:1815,0
DA:1816,0
DA:1817,0
DA:1818,0
DA:1819,0
DA:1821,0
DA:1824,0
LF:1008
LH:0
BRDA:12,0,0,0
BRDA:12,0,1,0
BRDA:57,1,0,0
BRDA:57,1,1,0
BRDA:58,2,0,0
BRDA:58,2,1,0
BRDA:59,3,0,0
BRDA:59,3,1,0
BRDA:60,4,0,0
BRDA:60,4,1,0
BRDA:68,5,0,0
BRDA:68,5,1,0
BRDA:70,6,0,0
BRDA:70,6,1,0
BRDA:76,7,0,0
BRDA:76,7,1,0
BRDA:76,8,0,0
BRDA:76,8,1,0
BRDA:94,9,0,0
BRDA:94,9,1,0
BRDA:102,10,0,0
BRDA:102,10,1,0
BRDA:102,11,0,0
BRDA:102,11,1,0
BRDA:106,12,0,0
BRDA:106,12,1,0
BRDA:106,13,0,0
BRDA:106,13,1,0
BRDA:113,14,0,0
BRDA:113,14,1,0
BRDA:126,15,0,0
BRDA:126,15,1,0
BRDA:142,16,0,0
BRDA:142,16,1,0
BRDA:145,17,0,0
BRDA:145,17,1,0
BRDA:147,18,0,0
BRDA:147,18,1,0
BRDA:159,19,0,0
BRDA:159,19,1,0
BRDA:169,20,0,0
BRDA:169,20,1,0
BRDA:178,21,0,0
BRDA:178,21,1,0
BRDA:178,22,0,0
BRDA:178,22,1,0
BRDA:184,23,0,0
BRDA:184,23,1,0
BRDA:190,24,0,0
BRDA:190,24,1,0
BRDA:200,25,0,0
BRDA:200,25,1,0
BRDA:202,26,0,0
BRDA:202,26,1,0
BRDA:204,27,0,0
BRDA:204,27,1,0
BRDA:236,28,0,0
BRDA:236,28,1,0
BRDA:244,29,0,0
BRDA:244,29,1,0
BRDA:247,30,0,0
BRDA:247,30,1,0
BRDA:254,31,0,0
BRDA:254,31,1,0
BRDA:255,32,0,0
BRDA:255,32,1,0
BRDA:266,33,0,0
BRDA:266,33,1,0
BRDA:266,34,0,0
BRDA:266,34,1,0
BRDA:271,35,0,0
BRDA:271,35,1,0
BRDA:283,36,0,0
BRDA:283,36,1,0
BRDA:285,37,0,0
BRDA:285,37,1,0
BRDA:285,38,0,0
BRDA:285,38,1,0
BRDA:299,39,0,0
BRDA:299,39,1,0
BRDA:300,40,0,0
BRDA:300,40,1,0
BRDA:300,40,2,0
BRDA:308,41,0,0
BRDA:308,41,1,0
BRDA:310,42,0,0
BRDA:310,42,1,0
BRDA:311,43,0,0
BRDA:311,43,1,0
BRDA:312,44,0,0
BRDA:312,44,1,0
BRDA:320,45,0,0
BRDA:320,45,1,0
BRDA:322,46,0,0
BRDA:322,46,1,0
BRDA:322,47,0,0
BRDA:322,47,1,0
BRDA:339,48,0,0
BRDA:339,48,1,0
BRDA:339,49,0,0
BRDA:339,49,1,0
BRDA:347,50,0,0
BRDA:347,50,1,0
BRDA:347,51,0,0
BRDA:347,51,1,0
BRDA:347,51,2,0
BRDA:353,52,0,0
BRDA:353,52,1,0
BRDA:356,53,0,0
BRDA:356,53,1,0
BRDA:356,53,2,0
BRDA:360,54,0,0
BRDA:360,54,1,0
BRDA:363,55,0,0
BRDA:363,55,1,0
BRDA:369,56,0,0
BRDA:369,56,1,0
BRDA:372,57,0,0
BRDA:372,57,1,0
BRDA:372,58,0,0
BRDA:372,58,1,0
BRDA:377,59,0,0
BRDA:377,59,1,0
BRDA:384,60,0,0
BRDA:384,60,1,0
BRDA:390,61,0,0
BRDA:390,61,1,0
BRDA:394,62,0,0
BRDA:394,62,1,0
BRDA:398,63,0,0
BRDA:398,63,1,0
BRDA:401,64,0,0
BRDA:401,64,1,0
BRDA:410,65,0,0
BRDA:410,65,1,0
BRDA:413,66,0,0
BRDA:413,66,1,0
BRDA:416,67,0,0
BRDA:416,67,1,0
BRDA:422,68,0,0
BRDA:422,68,1,0
BRDA:422,69,0,0
BRDA:422,69,1,0
BRDA:427,70,0,0
BRDA:427,70,1,0
BRDA:433,71,0,0
BRDA:433,71,1,0
BRDA:433,72,0,0
BRDA:433,72,1,0
BRDA:439,73,0,0
BRDA:439,73,1,0
BRDA:448,74,0,0
BRDA:448,74,1,0
BRDA:454,75,0,0
BRDA:454,75,1,0
BRDA:456,76,0,0
BRDA:456,76,1,0
BRDA:457,77,0,0
BRDA:457,77,1,0
BRDA:458,78,0,0
BRDA:458,78,1,0
BRDA:459,79,0,0
BRDA:459,79,1,0
BRDA:465,80,0,0
BRDA:468,81,0,0
BRDA:468,81,1,0
BRDA:470,82,0,0
BRDA:470,82,1,0
BRDA:470,83,0,0
BRDA:470,83,1,0
BRDA:480,84,0,0
BRDA:480,84,1,0
BRDA:483,85,0,0
BRDA:483,85,1,0
BRDA:504,86,0,0
BRDA:504,86,1,0
BRDA:511,87,0,0
BRDA:511,87,1,0
BRDA:511,88,0,0
BRDA:511,88,1,0
BRDA:538,89,0,0
BRDA:538,89,1,0
BRDA:571,90,0,0
BRDA:571,90,1,0
BRDA:574,91,0,0
BRDA:574,91,1,0
BRDA:577,92,0,0
BRDA:577,92,1,0
BRDA:620,93,0,0
BRDA:620,93,1,0
BRDA:639,94,0,0
BRDA:639,94,1,0
BRDA:645,95,0,0
BRDA:645,95,1,0
BRDA:658,96,0,0
BRDA:658,96,1,0
BRDA:658,97,0,0
BRDA:658,97,1,0
BRDA:658,97,2,0
BRDA:662,98,0,0
BRDA:662,98,1,0
BRDA:663,99,0,0
BRDA:663,99,1,0
BRDA:664,100,0,0
BRDA:664,100,1,0
BRDA:670,101,0,0
BRDA:670,101,1,0
BRDA:671,102,0,0
BRDA:671,102,1,0
BRDA:678,103,0,0
BRDA:678,103,1,0
BRDA:680,104,0,0
BRDA:680,104,1,0
BRDA:683,105,0,0
BRDA:683,105,1,0
BRDA:685,106,0,0
BRDA:685,106,1,0
BRDA:692,107,0,0
BRDA:692,107,1,0
BRDA:702,108,0,0
BRDA:702,108,1,0
BRDA:704,109,0,0
BRDA:704,109,1,0
BRDA:707,110,0,0
BRDA:707,110,1,0
BRDA:710,111,0,0
BRDA:710,111,1,0
BRDA:712,112,0,0
BRDA:712,112,1,0
BRDA:715,113,0,0
BRDA:715,113,1,0
BRDA:719,114,0,0
BRDA:719,114,1,0
BRDA:723,115,0,0
BRDA:723,115,1,0
BRDA:724,116,0,0
BRDA:724,116,1,0
BRDA:726,117,0,0
BRDA:726,117,1,0
BRDA:730,118,0,0
BRDA:730,118,1,0
BRDA:734,119,0,0
BRDA:734,119,1,0
BRDA:737,120,0,0
BRDA:737,120,1,0
BRDA:767,121,0,0
BRDA:767,121,1,0
BRDA:776,122,0,0
BRDA:776,122,1,0
BRDA:783,123,0,0
BRDA:783,123,1,0
BRDA:817,124,0,0
BRDA:817,124,1,0
BRDA:833,125,0,0
BRDA:833,125,1,0
BRDA:836,126,0,0
BRDA:836,126,1,0
BRDA:839,127,0,0
BRDA:839,127,1,0
BRDA:843,128,0,0
BRDA:843,128,1,0
BRDA:843,129,0,0
BRDA:843,129,1,0
BRDA:853,130,0,0
BRDA:853,130,1,0
BRDA:855,131,0,0
BRDA:855,131,1,0
BRDA:869,132,0,0
BRDA:869,132,1,0
BRDA:891,133,0,0
BRDA:891,133,1,0
BRDA:898,134,0,0
BRDA:898,134,1,0
BRDA:914,135,0,0
BRDA:914,135,1,0
BRDA:914,136,0,0
BRDA:914,136,1,0
BRDA:915,137,0,0
BRDA:915,137,1,0
BRDA:916,138,0,0
BRDA:916,138,1,0
BRDA:919,139,0,0
BRDA:919,139,1,0
BRDA:919,139,2,0
BRDA:919,139,3,0
BRDA:929,140,0,0
BRDA:929,140,1,0
BRDA:935,141,0,0
BRDA:937,142,0,0
BRDA:937,142,1,0
BRDA:938,143,0,0
BRDA:938,143,1,0
BRDA:940,144,0,0
BRDA:940,144,1,0
BRDA:946,145,0,0
BRDA:946,145,1,0
BRDA:952,146,0,0
BRDA:952,146,1,0
BRDA:954,147,0,0
BRDA:954,147,1,0
BRDA:955,148,0,0
BRDA:955,148,1,0
BRDA:962,149,0,0
BRDA:962,149,1,0
BRDA:970,150,0,0
BRDA:970,150,1,0
BRDA:971,151,0,0
BRDA:971,151,1,0
BRDA:976,152,0,0
BRDA:976,152,1,0
BRDA:980,153,0,0
BRDA:980,153,1,0
BRDA:990,154,0,0
BRDA:990,154,1,0
BRDA:992,155,0,0
BRDA:992,155,1,0
BRDA:994,156,0,0
BRDA:994,156,1,0
BRDA:995,157,0,0
BRDA:995,157,1,0
BRDA:1012,158,0,0
BRDA:1012,158,1,0
BRDA:1013,159,0,0
BRDA:1013,159,1,0
BRDA:1013,159,2,0
BRDA:1032,160,0,0
BRDA:1032,160,1,0
BRDA:1035,161,0,0
BRDA:1035,161,1,0
BRDA:1036,162,0,0
BRDA:1036,162,1,0
BRDA:1039,163,0,0
BRDA:1039,163,1,0
BRDA:1043,164,0,0
BRDA:1043,164,1,0
BRDA:1048,165,0,0
BRDA:1048,165,1,0
BRDA:1051,166,0,0
BRDA:1051,166,1,0
BRDA:1054,167,0,0
BRDA:1054,167,1,0
BRDA:1057,168,0,0
BRDA:1057,168,1,0
BRDA:1059,169,0,0
BRDA:1059,169,1,0
BRDA:1060,170,0,0
BRDA:1060,170,1,0
BRDA:1063,171,0,0
BRDA:1063,171,1,0
BRDA:1085,172,0,0
BRDA:1085,172,1,0
BRDA:1085,173,0,0
BRDA:1085,173,1,0
BRDA:1089,174,0,0
BRDA:1089,174,1,0
BRDA:1089,175,0,0
BRDA:1089,175,1,0
BRDA:1090,176,0,0
BRDA:1090,176,1,0
BRDA:1092,177,0,0
BRDA:1092,177,1,0
BRDA:1094,178,0,0
BRDA:1094,178,1,0
BRDA:1107,179,0,0
BRDA:1107,179,1,0
BRDA:1115,180,0,0
BRDA:1115,180,1,0
BRDA:1116,181,0,0
BRDA:1116,181,1,0
BRDA:1117,182,0,0
BRDA:1117,182,1,0
BRDA:1118,183,0,0
BRDA:1118,183,1,0
BRDA:1126,184,0,0
BRDA:1126,184,1,0
BRDA:1131,185,0,0
BRDA:1131,185,1,0
BRDA:1132,186,0,0
BRDA:1132,186,1,0
BRDA:1133,187,0,0
BRDA:1133,187,1,0
BRDA:1135,188,0,0
BRDA:1135,188,1,0
BRDA:1147,189,0,0
BRDA:1147,189,1,0
BRDA:1150,190,0,0
BRDA:1150,190,1,0
BRDA:1150,191,0,0
BRDA:1150,191,1,0
BRDA:1157,192,0,0
BRDA:1157,192,1,0
BRDA:1162,193,0,0
BRDA:1162,193,1,0
BRDA:1167,194,0,0
BRDA:1167,194,1,0
BRDA:1170,195,0,0
BRDA:1170,195,1,0
BRDA:1180,196,0,0
BRDA:1180,196,1,0
BRDA:1184,197,0,0
BRDA:1184,197,1,0
BRDA:1189,198,0,0
BRDA:1189,198,1,0
BRDA:1194,199,0,0
BRDA:1194,199,1,0
BRDA:1200,200,0,0
BRDA:1200,200,1,0
BRDA:1212,201,0,0
BRDA:1213,202,0,0
BRDA:1213,202,1,0
BRDA:1214,203,0,0
BRDA:1214,203,1,0
BRDA:1216,204,0,0
BRDA:1216,204,1,0
BRDA:1218,205,0,0
BRDA:1218,205,1,0
BRDA:1224,206,0,0
BRDA:1224,206,1,0
BRDA:1233,207,0,0
BRDA:1233,207,1,0
BRDA:1233,208,0,0
BRDA:1233,208,1,0
BRDA:1233,208,2,0
BRDA:1233,208,3,0
BRDA:1233,208,4,0
BRDA:1238,209,0,0
BRDA:1238,209,1,0
BRDA:1244,210,0,0
BRDA:1244,210,1,0
BRDA:1249,211,0,0
BRDA:1249,211,1,0
BRDA:1252,212,0,0
BRDA:1252,212,1,0
BRDA:1257,213,0,0
BRDA:1257,213,1,0
BRDA:1257,214,0,0
BRDA:1257,214,1,0
BRDA:1259,215,0,0
BRDA:1259,215,1,0
BRDA:1261,216,0,0
BRDA:1261,216,1,0
BRDA:1263,217,0,0
BRDA:1263,217,1,0
BRDA:1270,218,0,0
BRDA:1270,218,1,0
BRDA:1276,219,0,0
BRDA:1276,219,1,0
BRDA:1278,220,0,0
BRDA:1278,220,1,0
BRDA:1280,221,0,0
BRDA:1280,221,1,0
BRDA:1286,222,0,0
BRDA:1289,223,0,0
BRDA:1289,223,1,0
BRDA:1291,224,0,0
BRDA:1291,224,1,0
BRDA:1292,225,0,0
BRDA:1292,225,1,0
BRDA:1293,226,0,0
BRDA:1293,226,1,0
BRDA:1294,227,0,0
BRDA:1294,227,1,0
BRDA:1294,228,0,0
BRDA:1294,228,1,0
BRDA:1299,229,0,0
BRDA:1299,229,1,0
BRDA:1299,230,0,0
BRDA:1299,230,1,0
BRDA:1305,231,0,0
BRDA:1305,231,1,0
BRDA:1306,232,0,0
BRDA:1306,232,1,0
BRDA:1307,233,0,0
BRDA:1307,233,1,0
BRDA:1309,234,0,0
BRDA:1309,234,1,0
BRDA:1309,235,0,0
BRDA:1309,235,1,0
BRDA:1310,236,0,0
BRDA:1310,236,1,0
BRDA:1310,237,0,0
BRDA:1310,237,1,0
BRDA:1311,238,0,0
BRDA:1311,238,1,0
BRDA:1312,239,0,0
BRDA:1312,239,1,0
BRDA:1313,240,0,0
BRDA:1313,240,1,0
BRDA:1313,241,0,0
BRDA:1313,241,1,0
BRDA:1332,242,0,0
BRDA:1332,242,1,0
BRDA:1333,243,0,0
BRDA:1333,243,1,0
BRDA:1335,244,0,0
BRDA:1335,244,1,0
BRDA:1336,245,0,0
BRDA:1336,245,1,0
BRDA:1337,246,0,0
BRDA:1337,246,1,0
BRDA:1338,247,0,0
BRDA:1338,247,1,0
BRDA:1341,248,0,0
BRDA:1341,248,1,0
BRDA:1346,249,0,0
BRDA:1346,249,1,0
BRDA:1346,250,0,0
BRDA:1346,250,1,0
BRDA:1352,251,0,0
BRDA:1352,251,1,0
BRDA:1359,252,0,0
BRDA:1359,252,1,0
BRDA:1363,253,0,0
BRDA:1363,253,1,0
BRDA:1365,254,0,0
BRDA:1365,254,1,0
BRDA:1371,255,0,0
BRDA:1371,255,1,0
BRDA:1373,256,0,0
BRDA:1373,256,1,0
BRDA:1375,257,0,0
BRDA:1375,257,1,0
BRDA:1375,258,0,0
BRDA:1375,258,1,0
BRDA:1375,259,0,0
BRDA:1375,259,1,0
BRDA:1380,260,0,0
BRDA:1380,260,1,0
BRDA:1386,261,0,0
BRDA:1386,261,1,0
BRDA:1388,262,0,0
BRDA:1388,262,1,0
BRDA:1388,263,0,0
BRDA:1388,263,1,0
BRDA:1388,264,0,0
BRDA:1388,264,1,0
BRDA:1391,265,0,0
BRDA:1391,265,1,0
BRDA:1396,266,0,0
BRDA:1396,266,1,0
BRDA:1402,267,0,0
BRDA:1402,267,1,0
BRDA:1416,268,0,0
BRDA:1416,268,1,0
BRDA:1425,269,0,0
BRDA:1425,269,1,0
BRDA:1426,270,0,0
BRDA:1426,270,1,0
BRDA:1427,271,0,0
BRDA:1427,271,1,0
BRDA:1431,272,0,0
BRDA:1431,272,1,0
BRDA:1437,273,0,0
BRDA:1437,273,1,0
BRDA:1442,274,0,0
BRDA:1442,274,1,0
BRDA:1442,275,0,0
BRDA:1442,275,1,0
BRDA:1448,276,0,0
BRDA:1448,276,1,0
BRDA:1448,277,0,0
BRDA:1448,277,1,0
BRDA:1448,278,0,0
BRDA:1448,278,1,0
BRDA:1450,279,0,0
BRDA:1450,279,1,0
BRDA:1459,280,0,0
BRDA:1459,280,1,0
BRDA:1474,281,0,0
BRDA:1474,281,1,0
BRDA:1480,282,0,0
BRDA:1480,282,1,0
BRDA:1480,283,0,0
BRDA:1480,283,1,0
BRDA:1487,284,0,0
BRDA:1487,284,1,0
BRDA:1487,285,0,0
BRDA:1487,285,1,0
BRDA:1491,286,0,0
BRDA:1491,286,1,0
BRDA:1500,287,0,0
BRDA:1500,287,1,0
BRDA:1512,288,0,0
BRDA:1512,288,1,0
BRDA:1513,289,0,0
BRDA:1513,289,1,0
BRDA:1523,290,0,0
BRDA:1523,290,1,0
BRDA:1525,291,0,0
BRDA:1525,291,1,0
BRDA:1526,292,0,0
BRDA:1526,292,1,0
BRDA:1531,293,0,0
BRDA:1531,293,1,0
BRDA:1531,294,0,0
BRDA:1531,294,1,0
BRDA:1537,295,0,0
BRDA:1537,295,1,0
BRDA:1545,296,0,0
BRDA:1545,296,1,0
BRDA:1545,297,0,0
BRDA:1545,297,1,0
BRDA:1548,298,0,0
BRDA:1548,298,1,0
BRDA:1555,299,0,0
BRDA:1555,299,1,0
BRDA:1555,300,0,0
BRDA:1555,300,1,0
BRDA:1560,301,0,0
BRDA:1560,301,1,0
BRDA:1566,302,0,0
BRDA:1566,302,1,0
BRDA:1566,303,0,0
BRDA:1566,303,1,0
BRDA:1568,304,0,0
BRDA:1568,304,1,0
BRDA:1575,305,0,0
BRDA:1575,305,1,0
BRDA:1576,306,0,0
BRDA:1576,306,1,0
BRDA:1586,307,0,0
BRDA:1586,307,1,0
BRDA:1591,308,0,0
BRDA:1591,308,1,0
BRDA:1594,309,0,0
BRDA:1594,309,1,0
BRDA:1594,309,2,0
BRDA:1595,310,0,0
BRDA:1595,310,1,0
BRDA:1598,311,0,0
BRDA:1598,311,1,0
BRDA:1598,312,0,0
BRDA:1598,312,1,0
BRDA:1598,312,2,0
BRDA:1598,312,3,0
BRDA:1598,312,4,0
BRDA:1600,313,0,0
BRDA:1600,313,1,0
BRDA:1600,314,0,0
BRDA:1600,314,1,0
BRDA:1600,314,2,0
BRDA:1600,314,3,0
BRDA:1600,314,4,0
BRDA:1602,315,0,0
BRDA:1602,315,1,0
BRDA:1617,316,0,0
BRDA:1617,316,1,0
BRDA:1620,317,0,0
BRDA:1620,317,1,0
BRDA:1625,318,0,0
BRDA:1625,318,1,0
BRDA:1632,319,0,0
BRDA:1632,319,1,0
BRDA:1634,320,0,0
BRDA:1634,320,1,0
BRDA:1636,321,0,0
BRDA:1636,321,1,0
BRDA:1651,322,0,0
BRDA:1651,322,1,0
BRDA:1652,323,0,0
BRDA:1652,323,1,0
BRDA:1664,324,0,0
BRDA:1664,324,1,0
BRDA:1666,325,0,0
BRDA:1666,325,1,0
BRDA:1666,326,0,0
BRDA:1666,326,1,0
BRDA:1666,326,2,0
BRDA:1682,327,0,0
BRDA:1682,327,1,0
BRDA:1688,328,0,0
BRDA:1688,328,1,0
BRDA:1693,329,0,0
BRDA:1693,329,1,0
BRDA:1697,330,0,0
BRDA:1697,330,1,0
BRDA:1714,331,0,0
BRDA:1714,331,1,0
BRDA:1717,332,0,0
BRDA:1717,332,1,0
BRDA:1722,333,0,0
BRDA:1722,333,1,0
BRDA:1729,334,0,0
BRDA:1729,334,1,0
BRDA:1729,335,0,0
BRDA:1729,335,1,0
BRDA:1756,336,0,0
BRDA:1756,336,1,0
BRDA:1757,337,0,0
BRDA:1757,337,1,0
BRDA:1760,338,0,0
BRDA:1760,338,1,0
BRDA:1767,339,0,0
BRDA:1767,339,1,0
BRDA:1775,340,0,0
BRDA:1775,340,1,0
BRDA:1801,341,0,0
BRDA:1801,341,1,0
BRDA:1801,342,0,0
BRDA:1801,342,1,0
BRDA:1808,343,0,0
BRDA:1808,343,1,0
BRDA:1817,344,0,0
BRDA:1817,344,1,0
BRDA:1817,345,0,0
BRDA:1817,345,1,0
BRF:706
BRH:0
end_of_record
TN:
SF:content\page-bridge.js
FN:4,(anonymous_0)
FN:14,parseMaybeJson
FN:25,getCurrentVideoId
FN:34,rememberTimedtextUrl
FN:83,seedTimedtextUrlsFromPerformance
FN:94,getObservedTimedtextUrlsForCurrentVideo
FN:100,(anonymous_6)
FN:101,(anonymous_7)
FN:139,getPlayerResponseCandidates
FN:176,getResponseVideoId
FN:180,getBestPlayerResponse
FN:186,(anonymous_11)
FN:190,(anonymous_12)
FN:196,(anonymous_13)
FN:202,hookFetchAndXhr
FN:206,(anonymous_15)
FN:229,(anonymous_16)
FN:238,(anonymous_17)
FN:246,(anonymous_18)
FN:254,(anonymous_19)
FN:268,(anonymous_20)
FN:274,(anonymous_21)
FN:282,(anonymous_22)
FN:307,(anonymous_23)
FN:321,(anonymous_24)
FN:334,(anonymous_25)
FN:343,(anonymous_26)
FNF:27
FNH:0
FNDA:0,(anonymous_0)
FNDA:0,parseMaybeJson
FNDA:0,getCurrentVideoId
FNDA:0,rememberTimedtextUrl
FNDA:0,seedTimedtextUrlsFromPerformance
FNDA:0,getObservedTimedtextUrlsForCurrentVideo
FNDA:0,(anonymous_6)
FNDA:0,(anonymous_7)
FNDA:0,getPlayerResponseCandidates
FNDA:0,getResponseVideoId
FNDA:0,getBestPlayerResponse
FNDA:0,(anonymous_11)
FNDA:0,(anonymous_12)
FNDA:0,(anonymous_13)
FNDA:0,hookFetchAndXhr
FNDA:0,(anonymous_15)
FNDA:0,(anonymous_16)
FNDA:0,(anonymous_17)
FNDA:0,(anonymous_18)
FNDA:0,(anonymous_19)
FNDA:0,(anonymous_20)
FNDA:0,(anonymous_21)
FNDA:0,(anonymous_22)
FNDA:0,(anonymous_23)
FNDA:0,(anonymous_24)
FNDA:0,(anonymous_25)
FNDA:0,(anonymous_26)
DA:4,0
DA:5,0
DA:6,0
DA:7,0
DA:9,0
DA:11,0
DA:12,0
DA:15,0
DA:16,0
DA:17,0
DA:18,0
DA:19,0
DA:21,0
DA:26,0
DA:27,0
DA:29,0
DA:35,0
DA:36,0
DA:37,0
DA:38,0
DA:39,0
DA:40,0
DA:43,0
DA:44,0
DA:45,0
DA:46,0
DA:49,0
DA:50,0
DA:51,0
DA:52,0
DA:55,0
DA:57,0
DA:67,0
DA:68,0
DA:69,0
DA:70,0
DA:71,0
DA:72,0
DA:73,0
DA:76,0
DA:79,0
DA:84,0
DA:85,0
DA:86,0
DA:87,0
DA:90,0
DA:95,0
DA:96,0
DA:99,0
DA:100,0
DA:101,0
DA:108,0
DA:110,0
DA:111,0
DA:112,0
DA:113,0
DA:114,0
DA:115,0
DA:116,0
DA:117,0
DA:118,0
DA:119,0
DA:122,0
DA:123,0
DA:124,0
DA:125,0
DA:126,0
DA:130,0
DA:135,0
DA:136,0
DA:140,0
DA:142,0
DA:143,0
DA:144,0
DA:146,0
DA:149,0
DA:150,0
DA:151,0
DA:152,0
DA:155,0
DA:158,0
DA:159,0
DA:160,0
DA:162,0
DA:165,0
DA:166,0
DA:167,0
DA:170,0
DA:173,0
DA:177,0
DA:181,0
DA:182,0
DA:183,0
DA:185,0
DA:186,0
DA:187,0
DA:190,0
DA:191,0
DA:192,0
DA:194,0
DA:196,0
DA:197,0
DA:199,0
DA:203,0
DA:204,0
DA:205,0
DA:206,0
DA:207,0
DA:208,0
DA:209,0
DA:210,0
DA:212,0
DA:213,0
DA:214,0
DA:215,0
DA:216,0
DA:219,0
DA:220,0
DA:221,0
DA:222,0
DA:226,0
DA:228,0
DA:229,0
DA:230,0
DA:232,0
DA:235,0
DA:236,0
DA:237,0
DA:238,0
DA:239,0
DA:240,0
DA:241,0
DA:242,0
DA:243,0
DA:247,0
DA:251,0
DA:255,0
DA:257,0
DA:261,0
DA:264,0
DA:265,0
DA:266,0
DA:268,0
DA:269,0
DA:270,0
DA:271,0
DA:274,0
DA:275,0
DA:276,0
DA:277,0
DA:278,0
DA:280,0
DA:282,0
DA:283,0
DA:284,0
DA:286,0
DA:287,0
DA:288,0
DA:289,0
DA:290,0
DA:291,0
DA:292,0
DA:293,0
DA:298,0
DA:301,0
DA:304,0
DA:305,0
DA:307,0
DA:308,0
DA:309,0
DA:310,0
DA:311,0
DA:312,0
DA:313,0
DA:318,0
DA:321,0
DA:322,0
DA:323,0
DA:328,0
DA:332,0
DA:334,0
DA:335,0
DA:336,0
DA:338,0
DA:344,0
DA:345,0
DA:346,0
DA:347,0
DA:349,0
DA:354,0
LF:190
LH:0
BRDA:6,0,0,0
BRDA:6,0,1,0
BRDA:15,1,0,0
BRDA:15,1,1,0
BRDA:16,2,0,0
BRDA:16,2,1,0
BRDA:17,3,0,0
BRDA:17,3,1,0
BRDA:34,4,0,0
BRDA:34,5,0,0
BRDA:35,6,0,0
BRDA:35,6,1,0
BRDA:40,7,0,0
BRDA:40,7,1,0
BRDA:40,8,0,0
BRDA:40,8,1,0
BRDA:44,9,0,0
BRDA:44,9,1,0
BRDA:44,10,0,0
BRDA:44,10,1,0
BRDA:49,11,0,0
BRDA:49,11,1,0
BRDA:49,11,2,0
BRDA:55,12,0,0
BRDA:55,12,1,0
BRDA:58,13,0,0
BRDA:58,13,1,0
BRDA:59,14,0,0
BRDA:59,14,1,0
BRDA:60,15,0,0
BRDA:60,15,1,0
BRDA:61,16,0,0
BRDA:61,16,1,0
BRDA:61,17,0,0
BRDA:61,17,1,0
BRDA:62,18,0,0
BRDA:62,18,1,0
BRDA:62,18,2,0
BRDA:63,19,0,0
BRDA:63,19,1,0
BRDA:67,20,0,0
BRDA:67,20,1,0
BRDA:71,21,0,0
BRDA:71,21,1,0
BRDA:76,22,0,0
BRDA:76,22,1,0
BRDA:87,23,0,0
BRDA:87,23,1,0
BRDA:103,24,0,0
BRDA:103,24,1,0
BRDA:104,25,0,0
BRDA:104,25,1,0
BRDA:105,26,0,0
BRDA:105,26,1,0
BRDA:108,27,0,0
BRDA:108,27,1,0
BRDA:117,28,0,0
BRDA:117,28,1,0
BRDA:122,29,0,0
BRDA:122,29,1,0
BRDA:124,30,0,0
BRDA:124,30,1,0
BRDA:125,31,0,0
BRDA:125,31,1,0
BRDA:125,32,0,0
BRDA:125,32,1,0
BRDA:135,33,0,0
BRDA:135,33,1,0
BRDA:144,34,0,0
BRDA:144,34,1,0
BRDA:150,35,0,0
BRDA:150,35,1,0
BRDA:152,36,0,0
BRDA:152,36,1,0
BRDA:160,37,0,0
BRDA:160,37,1,0
BRDA:166,38,0,0
BRDA:166,38,1,0
BRDA:177,39,0,0
BRDA:177,39,1,0
BRDA:183,40,0,0
BRDA:183,40,1,0
BRDA:185,41,0,0
BRDA:185,41,1,0
BRDA:187,42,0,0
BRDA:187,42,1,0
BRDA:192,43,0,0
BRDA:192,43,1,0
BRDA:194,44,0,0
BRDA:194,44,1,0
BRDA:197,45,0,0
BRDA:197,45,1,0
BRDA:204,46,0,0
BRDA:204,46,1,0
BRDA:212,47,0,0
BRDA:212,47,1,0
BRDA:214,48,0,0
BRDA:214,48,1,0
BRDA:214,49,0,0
BRDA:214,49,1,0
BRDA:216,50,0,0
BRDA:216,50,1,0
BRDA:219,51,0,0
BRDA:219,51,1,0
BRDA:220,52,0,0
BRDA:220,52,1,0
BRDA:221,53,0,0
BRDA:221,53,1,0
BRDA:221,54,0,0
BRDA:221,54,1,0
BRDA:226,55,0,0
BRDA:226,55,1,0
BRDA:230,56,0,0
BRDA:230,56,1,0
BRDA:232,57,0,0
BRDA:232,57,1,0
BRDA:235,58,0,0
BRDA:235,58,1,0
BRDA:235,58,2,0
BRDA:236,59,0,0
BRDA:236,59,1,0
BRDA:236,60,0,0
BRDA:236,60,1,0
BRDA:239,61,0,0
BRDA:239,61,1,0
BRDA:239,62,0,0
BRDA:239,62,1,0
BRDA:241,63,0,0
BRDA:241,63,1,0
BRDA:276,64,0,0
BRDA:276,64,1,0
BRDA:277,65,0,0
BRDA:277,65,1,0
BRDA:280,66,0,0
BRDA:280,66,1,0
BRDA:283,67,0,0
BRDA:283,67,1,0
BRDA:284,68,0,0
BRDA:284,68,1,0
BRDA:286,69,0,0
BRDA:286,69,1,0
BRDA:286,69,2,0
BRDA:287,70,0,0
BRDA:287,70,1,0
BRDA:287,71,0,0
BRDA:287,71,1,0
BRDA:289,72,0,0
BRDA:289,72,1,0
BRDA:289,73,0,0
BRDA:289,73,1,0
BRDA:291,74,0,0
BRDA:291,74,1,0
BRDA:305,75,0,0
BRDA:305,75,1,0
BRDA:310,76,0,0
BRDA:310,76,1,0
BRDA:310,77,0,0
BRDA:310,77,1,0
BRDA:310,77,2,0
BRDA:312,78,0,0
BRDA:312,78,1,0
BRDA:344,79,0,0
BRDA:344,79,1,0
BRDA:345,80,0,0
BRDA:345,80,1,0
BRF:165
BRH:0
end_of_record
TN:
SF:sidepanel\editor.js
FN:23,(anonymous_0)
FN:31,(anonymous_1)
FN:31,(anonymous_2)
FN:32,(anonymous_3)
FN:54,attemptFetch
FN:55,(anonymous_5)
FN:56,(anonymous_6)
FN:61,(anonymous_7)
FN:91,initEditor
FN:100,(anonymous_9)
FN:107,(anonymous_10)
FN:122,(anonymous_11)
FN:133,getViewportScaleFactor
FN:138,setupInteractions
FN:141,(anonymous_14)
FN:154,(anonymous_15)
FN:170,(anonymous_16)
FN:215,(anonymous_17)
FN:281,(anonymous_18)
FN:282,(anonymous_19)
FN:283,(anonymous_20)
FN:290,(anonymous_21)
FN:295,(anonymous_22)
FN:309,(anonymous_23)
FN:310,(anonymous_24)
FN:311,(anonymous_25)
FN:325,(anonymous_26)
FN:335,(anonymous_27)
FN:343,(anonymous_28)
FN:345,(anonymous_29)
FN:359,(anonymous_30)
FN:365,handleViewportResize
FN:368,(anonymous_32)
FN:374,applyCanvasViewportFit
FN:394,(anonymous_34)
FN:403,updateStatusText
FN:415,drawShape
FN:439,drawArrow
FN:458,redrawAll
FN:463,(anonymous_39)
FN:491,undo
FN:498,redo
FN:506,saveToHistory
FN:512,updateHistoryButtons
FN:518,(anonymous_44)
FN:559,showConfirm
FN:560,(anonymous_46)
FN:573,(anonymous_47)
FN:580,(anonymous_48)
FN:581,(anonymous_49)
FN:585,showAlert
FN:586,(anonymous_51)
FN:600,(anonymous_52)
FN:612,(anonymous_53)
FNF:54
FNH:0
FNDA:0,(anonymous_0)
FNDA:0,(anonymous_1)
FNDA:0,(anonymous_2)
FNDA:0,(anonymous_3)
FNDA:0,attemptFetch
FNDA:0,(anonymous_5)
FNDA:0,(anonymous_6)
FNDA:0,(anonymous_7)
FNDA:0,initEditor
FNDA:0,(anonymous_9)
FNDA:0,(anonymous_10)
FNDA:0,(anonymous_11)
FNDA:0,getViewportScaleFactor
FNDA:0,setupInteractions
FNDA:0,(anonymous_14)
FNDA:0,(anonymous_15)
FNDA:0,(anonymous_16)
FNDA:0,(anonymous_17)
FNDA:0,(anonymous_18)
FNDA:0,(anonymous_19)
FNDA:0,(anonymous_20)
FNDA:0,(anonymous_21)
FNDA:0,(anonymous_22)
FNDA:0,(anonymous_23)
FNDA:0,(anonymous_24)
FNDA:0,(anonymous_25)
FNDA:0,(anonymous_26)
FNDA:0,(anonymous_27)
FNDA:0,(anonymous_28)
FNDA:0,(anonymous_29)
FNDA:0,(anonymous_30)
FNDA:0,handleViewportResize
FNDA:0,(anonymous_32)
FNDA:0,applyCanvasViewportFit
FNDA:0,(anonymous_34)
FNDA:0,updateStatusText
FNDA:0,drawShape
FNDA:0,drawArrow
FNDA:0,redrawAll
FNDA:0,(anonymous_39)
FNDA:0,undo
FNDA:0,redo
FNDA:0,saveToHistory
FNDA:0,updateHistoryButtons
FNDA:0,(anonymous_44)
FNDA:0,showConfirm
FNDA:0,(anonymous_46)
FNDA:0,(anonymous_47)
FNDA:0,(anonymous_48)
FNDA:0,(anonymous_49)
FNDA:0,showAlert
FNDA:0,(anonymous_51)
FNDA:0,(anonymous_52)
FNDA:0,(anonymous_53)
DA:6,0
DA:7,0
DA:8,0
DA:9,0
DA:10,0
DA:11,0
DA:12,0
DA:13,0
DA:14,0
DA:15,0
DA:16,0
DA:19,0
DA:20,0
DA:21,0
DA:23,0
DA:24,0
DA:25,0
DA:26,0
DA:28,0
DA:30,0
DA:31,0
DA:32,0
DA:33,0
DA:34,0
DA:35,0
DA:36,0
DA:38,0
DA:42,0
DA:43,0
DA:44,0
DA:46,0
DA:47,0
DA:51,0
DA:52,0
DA:55,0
DA:56,0
DA:57,0
DA:58,0
DA:59,0
DA:60,0
DA:61,0
DA:63,0
DA:66,0
DA:72,0
DA:73,0
DA:74,0
DA:75,0
DA:76,0
DA:77,0
DA:80,0
DA:81,0
DA:82,0
DA:83,0
DA:86,0
DA:87,0
DA:88,0
DA:92,0
DA:93,0
DA:94,0
DA:96,0
DA:97,0
DA:98,0
DA:100,0
DA:101,0
DA:102,0
DA:103,0
DA:104,0
DA:107,0
DA:108,0
DA:109,0
DA:113,0
DA:114,0
DA:115,0
DA:116,0
DA:119,0
DA:122,0
DA:123,0
DA:124,0
DA:127,0
DA:128,0
DA:130,0
DA:134,0
DA:135,0
DA:139,0
DA:141,0
DA:142,0
DA:143,0
DA:144,0
DA:145,0
DA:146,0
DA:147,0
DA:154,0
DA:155,0
DA:156,0
DA:157,0
DA:158,0
DA:159,0
DA:161,0
DA:162,0
DA:164,0
DA:165,0
DA:166,0
DA:170,0
DA:171,0
DA:172,0
DA:174,0
DA:175,0
DA:177,0
DA:178,0
DA:179,0
DA:181,0
DA:182,0
DA:184,0
DA:185,0
DA:188,0
DA:189,0
DA:190,0
DA:191,0
DA:192,0
DA:193,0
DA:196,0
DA:197,0
DA:198,0
DA:200,0
DA:201,0
DA:203,0
DA:204,0
DA:205,0
DA:206,0
DA:210,0
DA:211,0
DA:215,0
DA:216,0
DA:217,0
DA:218,0
DA:220,0
DA:224,0
DA:226,0
DA:235,0
DA:245,0
DA:246,0
DA:247,0
DA:248,0
DA:250,0
DA:251,0
DA:252,0
DA:253,0
DA:254,0
DA:255,0
DA:256,0
DA:257,0
DA:258,0
DA:262,0
DA:263,0
DA:264,0
DA:267,0
DA:270,0
DA:273,0
DA:274,0
DA:277,0
DA:278,0
DA:281,0
DA:282,0
DA:283,0
DA:284,0
DA:285,0
DA:290,0
DA:291,0
DA:292,0
DA:293,0
DA:294,0
DA:295,0
DA:296,0
DA:299,0
DA:300,0
DA:301,0
DA:302,0
DA:303,0
DA:304,0
DA:309,0
DA:310,0
DA:311,0
DA:312,0
DA:313,0
DA:314,0
DA:317,0
DA:318,0
DA:323,0
DA:324,0
DA:325,0
DA:326,0
DA:327,0
DA:328,0
DA:332,0
DA:333,0
DA:335,0
DA:336,0
DA:337,0
DA:338,0
DA:339,0
DA:343,0
DA:345,0
DA:347,0
DA:348,0
DA:349,0
DA:350,0
DA:352,0
DA:353,0
DA:355,0
DA:359,0
DA:362,0
DA:366,0
DA:367,0
DA:368,0
DA:369,0
DA:370,0
DA:375,0
DA:376,0
DA:377,0
DA:379,0
DA:380,0
DA:381,0
DA:383,0
DA:384,0
DA:385,0
DA:386,0
DA:388,0
DA:389,0
DA:391,0
DA:392,0
DA:394,0
DA:395,0
DA:396,0
DA:397,0
DA:400,0
DA:404,0
DA:405,0
DA:407,0
DA:411,0
DA:416,0
DA:417,0
DA:418,0
DA:420,0
DA:421,0
DA:422,0
DA:423,0
DA:425,0
DA:426,0
DA:427,0
DA:428,0
DA:429,0
DA:430,0
DA:431,0
DA:432,0
DA:433,0
DA:434,0
DA:435,0
DA:440,0
DA:441,0
DA:442,0
DA:443,0
DA:444,0
DA:447,0
DA:448,0
DA:449,0
DA:450,0
DA:451,0
DA:452,0
DA:460,0
DA:463,0
DA:464,0
DA:465,0
DA:466,0
DA:468,0
DA:470,0
DA:471,0
DA:472,0
DA:475,0
DA:476,0
DA:477,0
DA:478,0
DA:480,0
DA:482,0
DA:484,0
DA:488,0
DA:492,0
DA:493,0
DA:494,0
DA:495,0
DA:499,0
DA:500,0
DA:501,0
DA:502,0
DA:509,0
DA:513,0
DA:514,0
DA:518,0
DA:519,0
DA:520,0
DA:522,0
DA:523,0
DA:524,0
DA:525,0
DA:526,0
DA:529,0
DA:530,0
DA:531,0
DA:532,0
DA:533,0
DA:536,0
DA:537,0
DA:538,0
DA:539,0
DA:540,0
DA:543,0
DA:544,0
DA:545,0
DA:546,0
DA:549,0
DA:550,0
DA:551,0
DA:555,0
DA:556,0
DA:560,0
DA:561,0
DA:562,0
DA:563,0
DA:564,0
DA:565,0
DA:566,0
DA:568,0
DA:569,0
DA:570,0
DA:571,0
DA:573,0
DA:574,0
DA:575,0
DA:576,0
DA:577,0
DA:580,0
DA:581,0
DA:586,0
DA:587,0
DA:588,0
DA:589,0
DA:590,0
DA:591,0
DA:592,0
DA:594,0
DA:595,0
DA:596,0
DA:597,0
DA:598,0
DA:600,0
DA:601,0
DA:602,0
DA:603,0
DA:604,0
DA:607,0
DA:612,0
DA:613,0
DA:614,0
DA:615,0
LF:363
LH:0
BRDA:28,0,0,0
BRDA:28,0,1,0
BRDA:34,1,0,0
BRDA:34,1,1,0
BRDA:38,2,0,0
BRDA:38,2,1,0
BRDA:43,3,0,0
BRDA:43,3,1,0
BRDA:46,4,0,0
BRDA:46,4,1,0
BRDA:46,5,0,0
BRDA:46,5,1,0
BRDA:51,6,0,0
BRDA:51,6,1,0
BRDA:51,7,0,0
BRDA:51,7,1,0
BRDA:58,8,0,0
BRDA:58,8,1,0
BRDA:58,9,0,0
BRDA:58,9,1,0
BRDA:58,9,2,0
BRDA:58,9,3,0
BRDA:59,10,0,0
BRDA:59,10,1,0
BRDA:73,11,0,0
BRDA:73,11,1,0
BRDA:80,12,0,0
BRDA:80,12,1,0
BRDA:86,13,0,0
BRDA:86,13,1,0
BRDA:134,14,0,0
BRDA:134,14,1,0
BRDA:150,15,0,0
BRDA:150,15,1,0
BRDA:150,16,0,0
BRDA:150,16,1,0
BRDA:164,17,0,0
BRDA:164,17,1,0
BRDA:164,18,0,0
BRDA:164,18,1,0
BRDA:171,19,0,0
BRDA:171,19,1,0
BRDA:174,20,0,0
BRDA:174,20,1,0
BRDA:174,21,0,0
BRDA:174,21,1,0
BRDA:178,22,0,0
BRDA:178,22,1,0
BRDA:181,23,0,0
BRDA:181,23,1,0
BRDA:188,24,0,0
BRDA:188,24,1,0
BRDA:189,25,0,0
BRDA:189,25,1,0
BRDA:216,26,0,0
BRDA:216,26,1,0
BRDA:224,27,0,0
BRDA:224,27,1,0
BRDA:224,28,0,0
BRDA:224,28,1,0
BRDA:231,29,0,0
BRDA:231,29,1,0
BRDA:245,30,0,0
BRDA:245,30,1,0
BRDA:245,31,0,0
BRDA:245,31,1,0
BRDA:248,32,0,0
BRDA:248,32,1,0
BRDA:263,33,0,0
BRDA:263,33,1,0
BRDA:291,34,0,0
BRDA:291,34,1,0
BRDA:294,35,0,0
BRDA:294,35,1,0
BRDA:299,36,0,0
BRDA:299,36,1,0
BRDA:300,37,0,0
BRDA:300,37,1,0
BRDA:303,38,0,0
BRDA:303,38,1,0
BRDA:304,39,0,0
BRDA:304,39,1,0
BRDA:317,40,0,0
BRDA:317,40,1,0
BRDA:337,41,0,0
BRDA:337,41,1,0
BRDA:366,42,0,0
BRDA:366,42,1,0
BRDA:366,43,0,0
BRDA:366,43,1,0
BRDA:367,44,0,0
BRDA:367,44,1,0
BRDA:377,45,0,0
BRDA:377,45,1,0
BRDA:377,46,0,0
BRDA:377,46,1,0
BRDA:377,46,2,0
BRDA:377,46,3,0
BRDA:380,47,0,0
BRDA:380,47,1,0
BRDA:380,48,0,0
BRDA:380,48,1,0
BRDA:381,49,0,0
BRDA:381,49,1,0
BRDA:381,50,0,0
BRDA:381,50,1,0
BRDA:386,51,0,0
BRDA:386,51,1,0
BRDA:386,52,0,0
BRDA:386,52,1,0
BRDA:395,53,0,0
BRDA:395,53,1,0
BRDA:405,54,0,0
BRDA:405,54,1,0
BRDA:407,55,0,0
BRDA:407,55,1,0
BRDA:407,56,0,0
BRDA:407,56,1,0
BRDA:425,57,0,0
BRDA:425,57,1,0
BRDA:427,58,0,0
BRDA:427,58,1,0
BRDA:434,59,0,0
BRDA:434,59,1,0
BRDA:464,60,0,0
BRDA:464,60,1,0
BRDA:468,61,0,0
BRDA:468,61,1,0
BRDA:468,62,0,0
BRDA:468,62,1,0
BRDA:470,63,0,0
BRDA:470,63,1,0
BRDA:470,64,0,0
BRDA:470,64,1,0
BRDA:482,65,0,0
BRDA:482,65,1,0
BRDA:492,66,0,0
BRDA:492,66,1,0
BRDA:499,67,0,0
BRDA:499,67,1,0
BRDA:519,68,0,0
BRDA:519,68,1,0
BRDA:520,69,0,0
BRDA:520,69,1,0
BRDA:522,70,0,0
BRDA:522,70,1,0
BRDA:522,71,0,0
BRDA:522,71,1,0
BRDA:525,72,0,0
BRDA:525,72,1,0
BRDA:529,73,0,0
BRDA:529,73,1,0
BRDA:532,74,0,0
BRDA:532,74,1,0
BRDA:536,75,0,0
BRDA:536,75,1,0
BRDA:539,76,0,0
BRDA:539,76,1,0
BRDA:543,77,0,0
BRDA:543,77,1,0
BRDA:543,78,0,0
BRDA:543,78,1,0
BRDA:543,78,2,0
BRDA:549,79,0,0
BRDA:549,79,1,0
BRDA:549,80,0,0
BRDA:549,80,1,0
BRDA:549,80,2,0
BRDA:549,80,3,0
BRDA:549,80,4,0
BRDA:613,81,0,0
BRDA:613,81,1,0
BRDA:614,82,0,0
BRDA:614,82,1,0
BRDA:615,83,0,0
BRDA:615,83,1,0
BRF:176
BRH:0
end_of_record
TN:
SF:sidepanel\file-system.js
FN:11,(anonymous_0)
FN:19,(anonymous_1)
FN:32,(anonymous_2)
FN:33,(anonymous_3)
FN:36,(anonymous_4)
FN:43,(anonymous_5)
FN:48,(anonymous_6)
FN:52,(anonymous_7)
FN:53,(anonymous_8)
FN:57,(anonymous_9)
FN:62,(anonymous_10)
FN:66,(anonymous_11)
FN:67,(anonymous_12)
FN:76,(anonymous_13)
FN:80,(anonymous_14)
FN:84,(anonymous_15)
FN:88,(anonymous_16)
FN:95,(anonymous_17)
FN:96,(anonymous_18)
FN:100,(anonymous_19)
FN:104,(anonymous_20)
FN:108,(anonymous_21)
FN:155,(anonymous_22)
FN:179,(anonymous_23)
FN:232,(anonymous_24)
FN:265,(anonymous_25)
FN:277,(anonymous_26)
FN:337,(anonymous_27)
FN:346,(anonymous_28)
FN:352,(anonymous_29)
FN:398,(anonymous_30)
FN:412,(anonymous_31)
FN:433,(anonymous_32)
FN:473,(anonymous_33)
FN:567,(anonymous_34)
FN:584,(anonymous_35)
FN:595,(anonymous_36)
FNF:37
FNH:0
FNDA:0,(anonymous_0)
FNDA:0,(anonymous_1)
FNDA:0,(anonymous_2)
FNDA:0,(anonymous_3)
FNDA:0,(anonymous_4)
FNDA:0,(anonymous_5)
FNDA:0,(anonymous_6)
FNDA:0,(anonymous_7)
FNDA:0,(anonymous_8)
FNDA:0,(anonymous_9)
FNDA:0,(anonymous_10)
FNDA:0,(anonymous_11)
FNDA:0,(anonymous_12)
FNDA:0,(anonymous_13)
FNDA:0,(anonymous_14)
FNDA:0,(anonymous_15)
FNDA:0,(anonymous_16)
FNDA:0,(anonymous_17)
FNDA:0,(anonymous_18)
FNDA:0,(anonymous_19)
FNDA:0,(anonymous_20)
FNDA:0,(anonymous_21)
FNDA:0,(anonymous_22)
FNDA:0,(anonymous_23)
FNDA:0,(anonymous_24)
FNDA:0,(anonymous_25)
FNDA:0,(anonymous_26)
FNDA:0,(anonymous_27)
FNDA:0,(anonymous_28)
FNDA:0,(anonymous_29)
FNDA:0,(anonymous_30)
FNDA:0,(anonymous_31)
FNDA:0,(anonymous_32)
FNDA:0,(anonymous_33)
FNDA:0,(anonymous_34)
FNDA:0,(anonymous_35)
FNDA:0,(anonymous_36)
DA:3,0
DA:12,0
DA:13,0
DA:15,0
DA:20,0
DA:33,0
DA:34,0
DA:36,0
DA:37,0
DA:38,0
DA:39,0
DA:43,0
DA:44,0
DA:45,0
DA:48,0
DA:53,0
DA:54,0
DA:55,0
DA:56,0
DA:57,0
DA:58,0
DA:59,0
DA:60,0
DA:62,0
DA:67,0
DA:68,0
DA:69,0
DA:70,0
DA:71,0
DA:73,0
DA:74,0
DA:76,0
DA:77,0
DA:78,0
DA:80,0
DA:81,0
DA:82,0
DA:84,0
DA:85,0
DA:86,0
DA:88,0
DA:89,0
DA:90,0
DA:96,0
DA:97,0
DA:98,0
DA:99,0
DA:100,0
DA:101,0
DA:102,0
DA:104,0
DA:109,0
DA:111,0
DA:112,0
DA:113,0
DA:117,0
DA:118,0
DA:119,0
DA:120,0
DA:123,0
DA:124,0
DA:125,0
DA:127,0
DA:131,0
DA:134,0
DA:135,0
DA:136,0
DA:137,0
DA:138,0
DA:141,0
DA:142,0
DA:144,0
DA:145,0
DA:147,0
DA:152,0
DA:156,0
DA:157,0
DA:159,0
DA:162,0
DA:163,0
DA:164,0
DA:165,0
DA:166,0
DA:170,0
DA:171,0
DA:172,0
DA:173,0
DA:176,0
DA:181,0
DA:183,0
DA:184,0
DA:185,0
DA:187,0
DA:189,0
DA:192,0
DA:193,0
DA:196,0
DA:197,0
DA:199,0
DA:200,0
DA:204,0
DA:205,0
DA:206,0
DA:207,0
DA:210,0
DA:211,0
DA:213,0
DA:216,0
DA:217,0
DA:218,0
DA:219,0
DA:223,0
DA:224,0
DA:225,0
DA:233,0
DA:236,0
DA:237,0
DA:238,0
DA:239,0
DA:240,0
DA:243,0
DA:244,0
DA:245,0
DA:248,0
DA:249,0
DA:251,0
DA:253,0
DA:254,0
DA:256,0
DA:258,0
DA:266,0
DA:267,0
DA:268,0
DA:269,0
DA:270,0
DA:272,0
DA:273,0
DA:278,0
DA:280,0
DA:281,0
DA:285,0
DA:286,0
DA:287,0
DA:288,0
DA:289,0
DA:291,0
DA:295,0
DA:296,0
DA:297,0
DA:298,0
DA:299,0
DA:300,0
DA:301,0
DA:303,0
DA:304,0
DA:305,0
DA:306,0
DA:307,0
DA:309,0
DA:310,0
DA:312,0
DA:315,0
DA:316,0
DA:318,0
DA:319,0
DA:322,0
DA:323,0
DA:324,0
DA:327,0
DA:328,0
DA:329,0
DA:330,0
DA:334,0
DA:335,0
DA:336,0
DA:337,0
DA:339,0
DA:343,0
DA:347,0
DA:348,0
DA:349,0
DA:353,0
DA:354,0
DA:363,0
DA:364,0
DA:366,0
DA:369,0
DA:370,0
DA:371,0
DA:375,0
DA:376,0
DA:379,0
DA:380,0
DA:381,0
DA:382,0
DA:384,0
DA:389,0
DA:390,0
DA:392,0
DA:393,0
DA:394,0
DA:399,0
DA:400,0
DA:401,0
DA:402,0
DA:403,0
DA:404,0
DA:406,0
DA:407,0
DA:408,0
DA:413,0
DA:414,0
DA:415,0
DA:419,0
DA:420,0
DA:422,0
DA:425,0
DA:426,0
DA:429,0
DA:434,0
DA:438,0
DA:439,0
DA:440,0
DA:443,0
DA:446,0
DA:447,0
DA:448,0
DA:452,0
DA:453,0
DA:458,0
DA:459,0
DA:460,0
DA:461,0
DA:463,0
DA:465,0
DA:474,0
DA:475,0
DA:478,0
DA:479,0
DA:480,0
DA:481,0
DA:482,0
DA:483,0
DA:486,0
DA:487,0
DA:488,0
DA:492,0
DA:493,0
DA:496,0
DA:497,0
DA:498,0
DA:500,0
DA:502,0
DA:503,0
DA:504,0
DA:505,0
DA:506,0
DA:509,0
DA:510,0
DA:511,0
DA:518,0
DA:519,0
DA:522,0
DA:523,0
DA:524,0
DA:525,0
DA:526,0
DA:527,0
DA:529,0
DA:530,0
DA:532,0
DA:533,0
DA:535,0
DA:541,0
DA:543,0
DA:544,0
DA:545,0
DA:546,0
DA:549,0
DA:551,0
DA:552,0
DA:554,0
DA:555,0
DA:556,0
DA:557,0
DA:559,0
DA:562,0
DA:568,0
DA:569,0
DA:570,0
DA:571,0
DA:572,0
DA:573,0
DA:576,0
DA:578,0
DA:579,0
DA:585,0
DA:586,0
DA:587,0
DA:588,0
DA:590,0
DA:591,0
DA:596,0
DA:597,0
DA:599,0
LF:305
LH:0
BRDA:13,0,0,0
BRDA:13,0,1,0
BRDA:38,1,0,0
BRDA:38,1,1,0
BRDA:78,2,0,0
BRDA:78,2,1,0
BRDA:82,3,0,0
BRDA:82,3,1,0
BRDA:86,4,0,0
BRDA:86,4,1,0
BRDA:90,5,0,0
BRDA:90,5,1,0
BRDA:108,6,0,0
BRDA:109,7,0,0
BRDA:109,7,1,0
BRDA:112,8,0,0
BRDA:112,8,1,0
BRDA:118,9,0,0
BRDA:118,9,1,0
BRDA:123,10,0,0
BRDA:123,10,1,0
BRDA:124,11,0,0
BRDA:124,11,1,0
BRDA:124,12,0,0
BRDA:124,12,1,0
BRDA:127,13,0,0
BRDA:127,13,1,0
BRDA:134,14,0,0
BRDA:134,14,1,0
BRDA:136,15,0,0
BRDA:136,15,1,0
BRDA:141,16,0,0
BRDA:141,16,1,0
BRDA:142,17,0,0
BRDA:142,17,1,0
BRDA:144,18,0,0
BRDA:144,18,1,0
BRDA:144,19,0,0
BRDA:144,19,1,0
BRDA:144,19,2,0
BRDA:147,20,0,0
BRDA:147,20,1,0
BRDA:162,21,0,0
BRDA:162,21,1,0
BRDA:165,22,0,0
BRDA:165,22,1,0
BRDA:166,23,0,0
BRDA:166,23,1,0
BRDA:170,24,0,0
BRDA:170,24,1,0
BRDA:172,25,0,0
BRDA:172,25,1,0
BRDA:183,26,0,0
BRDA:183,26,1,0
BRDA:184,27,0,0
BRDA:184,27,1,0
BRDA:199,28,0,0
BRDA:199,28,1,0
BRDA:204,29,0,0
BRDA:204,29,1,0
BRDA:204,30,0,0
BRDA:204,30,1,0
BRDA:210,31,0,0
BRDA:210,31,1,0
BRDA:211,32,0,0
BRDA:211,32,1,0
BRDA:213,33,0,0
BRDA:213,33,1,0
BRDA:216,34,0,0
BRDA:216,34,1,0
BRDA:232,35,0,0
BRDA:233,36,0,0
BRDA:233,36,1,0
BRDA:237,37,0,0
BRDA:237,37,1,0
BRDA:243,38,0,0
BRDA:243,38,1,0
BRDA:251,39,0,0
BRDA:251,39,1,0
BRDA:253,40,0,0
BRDA:253,40,1,0
BRDA:253,41,0,0
BRDA:253,41,1,0
BRDA:268,42,0,0
BRDA:268,42,1,0
BRDA:277,43,0,0
BRDA:277,44,0,0
BRDA:278,45,0,0
BRDA:278,45,1,0
BRDA:280,46,0,0
BRDA:280,46,1,0
BRDA:280,47,0,0
BRDA:280,47,1,0
BRDA:286,48,0,0
BRDA:286,48,1,0
BRDA:288,49,0,0
BRDA:288,49,1,0
BRDA:299,50,0,0
BRDA:299,50,1,0
BRDA:312,51,0,0
BRDA:312,51,1,0
BRDA:315,52,0,0
BRDA:315,52,1,0
BRDA:322,53,0,0
BRDA:322,53,1,0
BRDA:322,54,0,0
BRDA:322,54,1,0
BRDA:327,55,0,0
BRDA:327,55,1,0
BRDA:334,56,0,0
BRDA:334,56,1,0
BRDA:348,57,0,0
BRDA:348,57,1,0
BRDA:363,58,0,0
BRDA:363,58,1,0
BRDA:369,59,0,0
BRDA:369,59,1,0
BRDA:379,60,0,0
BRDA:379,60,1,0
BRDA:379,61,0,0
BRDA:379,61,1,0
BRDA:379,61,2,0
BRDA:392,62,0,0
BRDA:392,62,1,0
BRDA:399,63,0,0
BRDA:399,63,1,0
BRDA:406,64,0,0
BRDA:406,64,1,0
BRDA:414,65,0,0
BRDA:414,65,1,0
BRDA:414,66,0,0
BRDA:414,66,1,0
BRDA:425,67,0,0
BRDA:425,67,1,0
BRDA:425,68,0,0
BRDA:425,68,1,0
BRDA:434,69,0,0
BRDA:434,69,1,0
BRDA:443,70,0,0
BRDA:443,70,1,0
BRDA:446,71,0,0
BRDA:446,71,1,0
BRDA:452,72,0,0
BRDA:452,72,1,0
BRDA:452,73,0,0
BRDA:452,73,1,0
BRDA:460,74,0,0
BRDA:460,74,1,0
BRDA:473,75,0,0
BRDA:473,76,0,0
BRDA:474,77,0,0
BRDA:474,77,1,0
BRDA:478,78,0,0
BRDA:478,78,1,0
BRDA:480,79,0,0
BRDA:480,79,1,0
BRDA:486,80,0,0
BRDA:486,80,1,0
BRDA:493,81,0,0
BRDA:493,81,1,0
BRDA:496,82,0,0
BRDA:496,82,1,0
BRDA:500,83,0,0
BRDA:500,83,1,0
BRDA:502,84,0,0
BRDA:502,84,1,0
BRDA:502,85,0,0
BRDA:502,85,1,0
BRDA:504,86,0,0
BRDA:504,86,1,0
BRDA:509,87,0,0
BRDA:509,87,1,0
BRDA:509,88,0,0
BRDA:509,88,1,0
BRDA:522,89,0,0
BRDA:522,89,1,0
BRDA:529,90,0,0
BRDA:529,90,1,0
BRDA:529,91,0,0
BRDA:529,91,1,0
BRDA:532,92,0,0
BRDA:532,92,1,0
BRDA:543,93,0,0
BRDA:543,93,1,0
BRDA:544,94,0,0
BRDA:544,94,1,0
BRDA:544,95,0,0
BRDA:544,95,1,0
BRDA:549,96,0,0
BRDA:549,96,1,0
BRDA:554,97,0,0
BRDA:554,97,1,0
BRDA:555,98,0,0
BRDA:555,98,1,0
BRDA:555,99,0,0
BRDA:555,99,1,0
BRDA:568,100,0,0
BRDA:568,100,1,0
BRDA:572,101,0,0
BRDA:572,101,1,0
BRDA:585,102,0,0
BRDA:585,102,1,0
BRDA:596,103,0,0
BRDA:596,103,1,0
BRF:204
BRH:0
end_of_record
TN:
SF:sidepanel\note-editor-big.js
FN:4,(anonymous_0)
FN:22,loadInitialContent
FN:24,(anonymous_2)
FN:37,(anonymous_3)
FN:38,(anonymous_4)
FN:47,(anonymous_5)
FN:48,(anonymous_6)
FN:56,(anonymous_7)
FN:95,(anonymous_8)
FN:104,(anonymous_9)
FN:109,(anonymous_10)
FN:115,showConfirm
FN:116,(anonymous_12)
FN:126,(anonymous_13)
FN:133,(anonymous_14)
FN:134,(anonymous_15)
FN:139,(anonymous_16)
FNF:17
FNH:0
FNDA:0,(anonymous_0)
FNDA:0,loadInitialContent
FNDA:0,(anonymous_2)
FNDA:0,(anonymous_3)
FNDA:0,(anonymous_4)
FNDA:0,(anonymous_5)
FNDA:0,(anonymous_6)
FNDA:0,(anonymous_7)
FNDA:0,(anonymous_8)
FNDA:0,(anonymous_9)
FNDA:0,(anonymous_10)
FNDA:0,showConfirm
FNDA:0,(anonymous_12)
FNDA:0,(anonymous_13)
FNDA:0,(anonymous_14)
FNDA:0,(anonymous_15)
FNDA:0,(anonymous_16)
DA:4,0
DA:5,0
DA:6,0
DA:7,0
DA:8,0
DA:9,0
DA:12,0
DA:13,0
DA:14,0
DA:15,0
DA:17,0
DA:18,0
DA:24,0
DA:25,0
DA:27,0
DA:34,0
DA:37,0
DA:38,0
DA:39,0
DA:40,0
DA:41,0
DA:42,0
DA:43,0
DA:47,0
DA:48,0
DA:49,0
DA:50,0
DA:51,0
DA:56,0
DA:57,0
DA:59,0
DA:60,0
DA:62,0
DA:63,0
DA:64,0
DA:66,0
DA:67,0
DA:69,0
DA:70,0
DA:71,0
DA:72,0
DA:76,0
DA:78,0
DA:79,0
DA:80,0
DA:81,0
DA:83,0
DA:85,0
DA:89,0
DA:90,0
DA:95,0
DA:96,0
DA:99,0
DA:105,0
DA:109,0
DA:110,0
DA:111,0
DA:116,0
DA:117,0
DA:118,0
DA:119,0
DA:120,0
DA:122,0
DA:123,0
DA:124,0
DA:126,0
DA:127,0
DA:128,0
DA:129,0
DA:130,0
DA:133,0
DA:134,0
DA:139,0
DA:140,0
DA:141,0
DA:143,0
DA:144,0
DA:145,0
DA:148,0
DA:149,0
DA:150,0
DA:154,0
LF:82
LH:0
BRDA:17,0,0,0
BRDA:17,0,1,0
BRDA:25,1,0,0
BRDA:25,1,1,0
BRDA:25,2,0,0
BRDA:25,2,1,0
BRDA:27,3,0,0
BRDA:27,3,1,0
BRDA:42,4,0,0
BRDA:42,4,1,0
BRDA:57,5,0,0
BRDA:57,5,1,0
BRDA:60,6,0,0
BRDA:60,6,1,0
BRDA:64,7,0,0
BRDA:64,7,1,0
BRDA:70,8,0,0
BRDA:70,8,1,0
BRDA:76,9,0,0
BRDA:76,9,1,0
BRDA:78,10,0,0
BRDA:78,10,1,0
BRDA:80,11,0,0
BRDA:80,11,1,0
BRDA:111,12,0,0
BRDA:111,12,1,0
BRDA:140,13,0,0
BRDA:140,13,1,0
BRDA:141,14,0,0
BRDA:141,14,1,0
BRDA:143,15,0,0
BRDA:143,15,1,0
BRDA:148,16,0,0
BRDA:148,16,1,0
BRDA:148,17,0,0
BRDA:148,17,1,0
BRF:36
BRH:0
end_of_record
TN:
SF:sidepanel\panel.js
FN:91,debugLog
FN:96,(anonymous_1)
FN:106,safeSendMessage
FN:128,(anonymous_3)
FN:155,(anonymous_4)
FN:170,(anonymous_5)
FN:179,(anonymous_6)
FN:193,(anonymous_7)
FN:197,(anonymous_8)
FN:204,(anonymous_9)
FN:221,handlePanelVisibilityChange
FN:224,(anonymous_11)
FN:238,performPanelHiddenCleanup
FN:243,(anonymous_13)
FN:256,(anonymous_14)
FN:257,(anonymous_15)
FN:270,(anonymous_16)
FN:274,(anonymous_17)
FN:278,(anonymous_18)
FN:282,(anonymous_19)
FN:286,(anonymous_20)
FN:288,(anonymous_21)
FN:296,rehydrateActiveScreenshots
FN:317,(anonymous_23)
FN:346,(anonymous_24)
FN:358,(anonymous_25)
FN:380,(anonymous_26)
FN:399,(anonymous_27)
FN:417,showToast
FN:437,(anonymous_29)
FN:439,(anonymous_30)
FN:446,safeSetInnerHTML
FN:466,calculateDHash
FN:472,computeHashFromBitmap
FN:498,(anonymous_34)
FN:503,(anonymous_35)
FN:514,(anonymous_36)
FN:516,(anonymous_37)
FN:527,_dHashViaImage
FN:528,(anonymous_39)
FN:530,(anonymous_40)
FN:556,(anonymous_41)
FN:561,getHammingDistance
FN:577,isDuplicate
FN:604,isMissingFileSystemEntryError
FN:612,isPermissionDeniedFileSystemError
FN:621,sendMessageWithRetry
FN:624,(anonymous_47)
FN:625,(anonymous_48)
FN:640,(anonymous_49)
FN:647,isYouTubeWatchUrl
FN:660,shouldTrackSenderTab
FN:683,getValidatedWatchTab
FN:697,extractVideoIdFromWatchUrl
FN:707,pickBestYouTubeWatchTab
FN:708,(anonymous_55)
FN:711,(anonymous_56)
FN:720,(anonymous_57)
FN:728,seekActiveYouTubeTab
FN:735,initMessageListeners
FN:736,(anonymous_60)
FN:785,(anonymous_61)
FN:802,(anonymous_62)
FN:803,(anonymous_63)
FN:825,handleScreenshotEditedResult
FN:826,(anonymous_65)
FN:863,checkMetadataImmediate
FN:874,handleMetadataResponse
FN:933,initTheme
FN:937,(anonymous_69)
FN:947,showPrompt
FN:948,(anonymous_71)
FN:973,(anonymous_72)
FN:988,(anonymous_73)
FN:995,(anonymous_74)
FN:1008,(anonymous_75)
FN:1017,(anonymous_76)
FN:1018,(anonymous_77)
FN:1019,(anonymous_78)
FN:1034,showConfirm
FN:1035,(anonymous_80)
FN:1050,(anonymous_81)
FN:1058,(anonymous_82)
FN:1059,(anonymous_83)
FN:1060,(anonymous_84)
FN:1075,showAlert
FN:1076,(anonymous_86)
FN:1091,(anonymous_87)
FN:1099,(anonymous_88)
FN:1109,resolveActiveYouTubeTabId
FN:1144,(anonymous_90)
FN:1185,closeDetachedPanelIfHostMissing
FN:1205,resolveTrackedYouTubeTab
FN:1218,sendPanelHeartbeat
FN:1223,(anonymous_94)
FN:1230,sendPanelClosed
FN:1233,(anonymous_96)
FN:1240,startPanelHeartbeat
FN:1248,stopPanelHeartbeat
FN:1259,ensureExportProgressOverlay
FN:1283,showExportProgressDialog
FN:1290,updateExportProgressDialog
FN:1296,hideExportProgressDialog
FN:1306,handleFolderPermissionRegrantClick
FN:1330,showFolderPermissionBanner
FN:1338,(anonymous_105)
FN:1345,showFolderMissingBanner
FN:1358,showFolderPermissionBannerIfNeeded
FN:1370,initFileSystem
FN:1373,(anonymous_109)
FN:1404,initTabs
FN:1405,(anonymous_111)
FN:1406,(anonymous_112)
FN:1411,(anonymous_113)
FN:1412,(anonymous_114)
FN:1431,initButtons
FN:1452,(anonymous_116)
FN:1465,(anonymous_117)
FN:1482,(anonymous_118)
FN:1492,(anonymous_119)
FN:1504,(anonymous_120)
FN:1527,(anonymous_121)
FN:1533,(anonymous_122)
FN:1534,(anonymous_123)
FN:1535,(anonymous_124)
FN:1539,(anonymous_125)
FN:1545,(anonymous_126)
FN:1571,updateIntervalSelect
FN:1589,(anonymous_128)
FN:1608,(anonymous_129)
FN:1611,(anonymous_130)
FN:1619,openLastScreenshotNote
FN:1626,(anonymous_132)
FN:1636,(anonymous_133)
FN:1660,editLastScreenshot
FN:1662,(anonymous_135)
FN:1672,handleAreaCapture
FN:1680,(anonymous_137)
FN:1721,(anonymous_138)
FN:1761,initAutoShotToggle
FN:1785,getCachedPlaybackRate
FN:1813,startAutoScreenshot
FN:1824,(anonymous_142)
FN:1834,(anonymous_143)
FN:1870,handleAutoScreenshotToggle
FN:1885,(anonymous_145)
FN:1919,handleDurationCalculator
FN:1923,syncNotebookStateToContent
FN:1932,(anonymous_148)
FN:1934,(anonymous_149)
FN:1942,initOptInToggle
FN:1948,(anonymous_151)
FN:1967,pollCurrentVideo
FN:2033,updateTimeline
FN:2108,handleCapture
FN:2116,(anonymous_155)
FN:2198,(anonymous_156)
FN:2205,(anonymous_157)
FN:2210,(anonymous_158)
FN:2266,(anonymous_159)
FN:2324,handleAddLocalImage
FN:2359,(anonymous_161)
FN:2361,(anonymous_162)
FN:2425,dataURLtoBlobAsync
FN:2426,(anonymous_164)
FN:2462,renderMainGallery
FN:2475,(anonymous_166)
FN:2479,(anonymous_167)
FN:2480,(anonymous_168)
FN:2483,(anonymous_169)
FN:2492,(anonymous_170)
FN:2501,(anonymous_171)
FN:2516,renderGalleryImmediate
FN:2520,(anonymous_173)
FN:2533,renderGalleryProgressively
FN:2540,renderNextBatch
FN:2549,(anonymous_176)
FN:2580,createTOCGalleryElement
FN:2630,(anonymous_178)
FN:2645,(anonymous_179)
FN:2654,(anonymous_180)
FN:2662,(anonymous_181)
FN:2677,(anonymous_182)
FN:2693,(anonymous_183)
FN:2699,(anonymous_184)
FN:2708,(anonymous_185)
FN:2713,(anonymous_186)
FN:2718,(anonymous_187)
FN:2732,(anonymous_188)
FN:2737,(anonymous_189)
FN:2740,(anonymous_190)
FN:2770,hasNoteHighlightStyle
FN:2774,syncNoteHighlightNodes
FN:2777,(anonymous_193)
FN:2788,applyNoteToolbarCommand
FN:2820,createScreenshotCard
FN:2901,(anonymous_196)
FN:2918,(anonymous_197)
FN:2919,(anonymous_198)
FN:2928,(anonymous_199)
FN:2929,(anonymous_200)
FN:2936,(anonymous_201)
FN:2973,(anonymous_202)
FN:2985,(anonymous_203)
FN:3013,(anonymous_204)
FN:3017,(anonymous_205)
FN:3021,(anonymous_206)
FN:3025,(anonymous_207)
FN:3065,(anonymous_208)
FN:3069,(anonymous_209)
FN:3075,(anonymous_210)
FN:3085,(anonymous_211)
FN:3092,(anonymous_212)
FN:3097,(anonymous_213)
FN:3101,(anonymous_214)
FN:3103,(anonymous_215)
FN:3109,startDownload
FN:3110,(anonymous_217)
FN:3118,waitForDownloadCompletion
FN:3119,(anonymous_219)
FN:3123,(anonymous_220)
FN:3131,(anonymous_221)
FN:3138,(anonymous_222)
FN:3150,(anonymous_223)
FN:3154,(anonymous_224)
FN:3167,(anonymous_225)
FN:3173,openCompletedDownload
FN:3178,openScreenshotInSystemViewer
FN:3179,(anonymous_228)
FN:3209,(anonymous_229)
FN:3215,persistScreenshotEditState
FN:3217,(anonymous_231)
FN:3217,(anonymous_232)
FN:3219,(anonymous_233)
FN:3220,(anonymous_234)
FN:3222,(anonymous_235)
FN:3223,(anonymous_236)
FN:3234,(anonymous_237)
FN:3259,openScreenshotEditor
FN:3260,(anonymous_239)
FN:3307,(anonymous_240)
FN:3319,handleCreateBoard
FN:3385,(anonymous_242)
FN:3391,normalizeScreenshotRecord
FN:3405,addScreenshotToUI
FN:3429,(anonymous_245)
FN:3465,(anonymous_246)
FN:3483,safeScrollToElement
FN:3493,(anonymous_248)
FN:3517,normalizeTOCRecord
FN:3548,normalizeTOCLevel
FN:3556,sortTOCByTimeline
FN:3557,(anonymous_252)
FN:3568,sortTOCByCreated
FN:3569,(anonymous_254)
FN:3580,promptTOCLevel
FN:3607,openBigNoteEditor
FN:3619,revokeScreenshotBlobUrlIfNeeded
FN:3631,deleteScreenshotFilesFromCurrentVideo
FN:3649,(anonymous_259)
FN:3655,(anonymous_260)
FN:3700,(anonymous_261)
FN:3751,deleteScreenshot
FN:3754,(anonymous_263)
FN:3774,(anonymous_264)
FN:3783,(anonymous_265)
FN:3802,handleDeleteAllScreenshotsForCurrentVideo
FN:3814,(anonymous_267)
FN:3831,(anonymous_268)
FN:3832,(anonymous_269)
FN:3849,getSafeFolderNameForTitle
FN:3861,getHistorySortTimestamp
FN:3866,sortHistoryEntries
FN:3867,(anonymous_273)
FN:3870,buildHistoryEntryFromState
FN:3892,normalizeHistoryIndexEntries
FN:3917,readHistoryIndexEntries
FN:3931,writeHistoryIndexEntries
FN:3951,upsertHistoryIndexEntry
FN:3955,(anonymous_279)
FN:3970,removeHistoryIndexEntry
FN:3973,(anonymous_281)
FN:3983,scanFoldersForHistoryEntries
FN:3995,(anonymous_283)
FN:4011,(anonymous_284)
FN:4021,renderHistoryEntry
FN:4050,(anonymous_286)
FN:4053,(anonymous_287)
FN:4063,(anonymous_288)
FN:4091,refreshHistory
FN:4102,(anonymous_290)
FN:4111,(anonymous_291)
FN:4147,collectTOCEntryDetails
FN:4158,collectTOCPlacementForScreenshot
FN:4179,handleAddTOC
FN:4233,insertElementSorted
FN:4239,(anonymous_296)
FN:4241,(anonymous_297)
FN:4250,addTOCToUI
FN:4284,renderTOCList
FN:4295,(anonymous_300)
FN:4302,renderTOCModal
FN:4310,(anonymous_302)
FN:4311,(anonymous_303)
FN:4320,(anonymous_304)
FN:4334,(anonymous_305)
FN:4347,(anonymous_306)
FN:4363,clearVideoStateUI
FN:4365,(anonymous_308)
FN:4433,escapeHtmlForExport
FN:4442,normalizeInlineStyleForExport
FN:4511,sanitizeHtmlForEditorAndExport
FN:4521,(anonymous_312)
FN:4535,(anonymous_313)
FN:4550,(anonymous_314)
FN:4578,plainTextToEditorHtml
FN:4582,getPlainTextFromHtmlForExport
FN:4591,getPlainTextWithBreaksFromHtml
FN:4601,(anonymous_318)
FN:4635,getScreenshotNoteHtml
FN:4658,sanitizeNoteHtml
FN:4708,sanitizeNode
FN:4727,(anonymous_322)
FN:4738,(anonymous_323)
FN:4765,(anonymous_324)
FN:4774,sanitizeStyleAttribute
FN:4780,(anonymous_326)
FN:4810,convertMarkdownToHtml
FN:4823,(anonymous_328)
FN:4882,(anonymous_329)
FN:4883,(anonymous_330)
FN:4959,handleNoteEditorPaste
FN:4991,(anonymous_332)
FN:5001,handleNoteEditorKeydown
FN:5044,loadImageFromDataUrl
FN:5045,(anonymous_335)
FN:5047,(anonymous_336)
FN:5053,ensureDataUrlFromBlob
FN:5059,(anonymous_338)
FN:5069,(anonymous_339)
FN:5071,(anonymous_340)
FN:5079,(anonymous_341)
FN:5089,isDataUrlLikelyBlank
FN:5134,fitImageWithinBox
FN:5169,stripInvalidXmlChars
FN:5193,renderRichTextToCanvas
FN:5194,(anonymous_346)
FN:5221,(anonymous_347)
FN:5225,(anonymous_348)
FN:5273,(anonymous_349)
FN:5284,(anonymous_350)
FN:5300,renderPlainTextToCanvas
FN:5320,(anonymous_352)
FN:5372,addImageDataToPdfWithPaging
FN:5435,addRichBlockToPdf
FN:5441,generatePDFDoc
FN:5458,(anonymous_356)
FN:5464,(anonymous_357)
FN:5486,(anonymous_358)
FN:5496,(anonymous_359)
FN:5512,(anonymous_360)
FN:5524,(anonymous_361)
FN:5526,(anonymous_362)
FN:5539,(anonymous_363)
FN:5541,(anonymous_364)
FN:5561,(anonymous_365)
FN:5567,(anonymous_366)
FN:5568,(anonymous_367)
FN:5574,(anonymous_368)
FN:5599,(anonymous_369)
FN:5613,(anonymous_370)
FN:5638,(anonymous_371)
FN:5639,(anonymous_372)
FN:5640,(anonymous_373)
FN:5642,(anonymous_374)
FN:5651,(anonymous_375)
FN:5661,(anonymous_376)
FN:5731,(anonymous_377)
FN:5744,(anonymous_378)
FN:5762,(anonymous_379)
FN:5824,(anonymous_380)
FN:5828,(anonymous_381)
FN:5832,(anonymous_382)
FN:5846,(anonymous_383)
FN:5928,(anonymous_384)
FN:6121,(anonymous_385)
FN:6166,(anonymous_386)
FN:6167,(anonymous_387)
FN:6168,(anonymous_388)
FN:6194,(anonymous_389)
FN:6196,(anonymous_390)
FN:6306,handleExportPDF
FN:6323,(anonymous_392)
FN:6350,imageUrlToBase64
FN:6355,(anonymous_394)
FN:6357,(anonymous_395)
FN:6367,handleExportWatchLaterPDF
FN:6385,(anonymous_397)
FN:6411,generateWatchLaterPDFDoc
FN:6443,(anonymous_399)
FN:6524,getMeaningfulNoteTextForPreview
FN:6547,buildPreviewPagePlan
FN:6550,(anonymous_402)
FN:6557,(anonymous_403)
FN:6558,(anonymous_404)
FN:6565,(anonymous_405)
FN:6583,(anonymous_406)
FN:6606,renderPreviewPlaceholders
FN:6610,(anonymous_408)
FN:6619,renderPreviewPage
FN:6650,(anonymous_410)
FN:6670,(anonymous_411)
FN:6719,setupPreviewObserver
FN:6728,(anonymous_413)
FN:6729,(anonymous_414)
FN:6738,(anonymous_415)
FN:6743,openPdfPreviewModal
FN:6749,closePdfPreviewModal
FN:6765,initPreviewMode
FN:6791,(anonymous_419)
FN:6846,handlePreviewPDF
FN:6867,(anonymous_421)
FN:6868,(anonymous_422)
FN:6894,closePDFPreview
FN:6905,buildStateSnapshot
FN:6914,(anonymous_425)
FN:6936,saveVideoState
FN:6946,(anonymous_427)
FN:6966,(anonymous_428)
FN:6972,saveVideoStateExecution
FN:7016,(anonymous_430)
FN:7023,getDisplayPath
FN:7028,loadVideoState
FN:7107,(anonymous_433)
FN:7114,(anonymous_434)
FN:7119,(anonymous_435)
FN:7126,(anonymous_436)
FN:7134,(anonymous_437)
FN:7136,(anonymous_438)
FN:7145,(anonymous_439)
FN:7146,(anonymous_440)
FN:7160,(anonymous_441)
FN:7186,setNotebookToggleState
FN:7210,setAutoOpenToggleState
FN:7232,initAutoOpenToggle
FN:7246,(anonymous_445)
FN:7251,setCCToggleState
FN:7273,initCCToggle
FN:7287,(anonymous_448)
FN:7299,initTranscriptRangeSettings
FN:7306,(anonymous_450)
FN:7312,(anonymous_451)
FN:7322,getCachedTranscript
FN:7336,refreshTranscript
FN:7369,(anonymous_454)
FN:7384,splitTranscriptTextForDisplay
FN:7393,(anonymous_456)
FN:7435,normalizeTranscriptSegmentsForDisplay
FN:7455,(anonymous_458)
FN:7472,displayTranscript
FN:7484,(anonymous_460)
FN:7492,(anonymous_461)
FN:7495,(anonymous_462)
FN:7506,copyTranscriptToClipboard
FN:7527,(anonymous_464)
FN:7559,(anonymous_465)
FN:7571,(anonymous_466)
FN:7587,(anonymous_467)
FN:7599,(anonymous_468)
FN:7610,parseTimeToMs
FN:7612,(anonymous_470)
FN:7641,initDurationCalculator
FN:7647,(anonymous_472)
FN:7665,(anonymous_473)
FN:7672,(anonymous_474)
FN:7673,(anonymous_475)
FN:7685,(anonymous_476)
FN:7697,openDurationCalculator
FN:7719,(anonymous_478)
FN:7735,closeDurationCalculator
FN:7739,formatCalcTime
FN:7749,formatHoursMins
FN:7757,updateDurationCalculations
FN:7770,(anonymous_483)
FN:7810,(anonymous_484)
FN:7842,(anonymous_485)
FN:7863,(anonymous_486)
FN:7882,handleSetInterval
FN:7928,generateIntervalMarkers
FN:8016,initWatchLaterTab
FN:8019,(anonymous_490)
FN:8025,loadWatchLaterList
FN:8042,saveWatchLaterList
FN:8058,handleAddWatchLaterRequest
FN:8086,(anonymous_494)
FN:8140,renderWatchLaterList
FN:8156,(anonymous_496)
FN:8165,(anonymous_497)
FN:8191,(anonymous_498)
FN:8193,(anonymous_499)
FN:8208,(anonymous_500)
FN:8225,loadCountdowns
FN:8242,saveCountdowns
FN:8255,handleAddCountdownPrompt
FN:8312,renderCountdowns
FN:8330,(anonymous_505)
FN:8438,(anonymous_506)
FN:8441,(anonymous_507)
FN:8461,(anonymous_508)
FN:8467,(anonymous_509)
FN:8469,(anonymous_510)
FN:8505,toggleMiniView
FN:8512,(anonymous_512)
FN:8524,closeMiniView
FN:8530,(anonymous_514)
FNF:515
FNH:0
FNDA:0,debugLog
FNDA:0,(anonymous_1)
FNDA:0,safeSendMessage
FNDA:0,(anonymous_3)
FNDA:0,(anonymous_4)
FNDA:0,(anonymous_5)
FNDA:0,(anonymous_6)
FNDA:0,(anonymous_7)
FNDA:0,(anonymous_8)
FNDA:0,(anonymous_9)
FNDA:0,handlePanelVisibilityChange
FNDA:0,(anonymous_11)
FNDA:0,performPanelHiddenCleanup
FNDA:0,(anonymous_13)
FNDA:0,(anonymous_14)
FNDA:0,(anonymous_15)
FNDA:0,(anonymous_16)
FNDA:0,(anonymous_17)
FNDA:0,(anonymous_18)
FNDA:0,(anonymous_19)
FNDA:0,(anonymous_20)
FNDA:0,(anonymous_21)
FNDA:0,rehydrateActiveScreenshots
FNDA:0,(anonymous_23)
FNDA:0,(anonymous_24)
FNDA:0,(anonymous_25)
FNDA:0,(anonymous_26)
FNDA:0,(anonymous_27)
FNDA:0,showToast
FNDA:0,(anonymous_29)
FNDA:0,(anonymous_30)
FNDA:0,safeSetInnerHTML
FNDA:0,calculateDHash
FNDA:0,computeHashFromBitmap
FNDA:0,(anonymous_34)
FNDA:0,(anonymous_35)
FNDA:0,(anonymous_36)
FNDA:0,(anonymous_37)
FNDA:0,_dHashViaImage
FNDA:0,(anonymous_39)
FNDA:0,(anonymous_40)
FNDA:0,(anonymous_41)
FNDA:0,getHammingDistance
FNDA:0,isDuplicate
FNDA:0,isMissingFileSystemEntryError
FNDA:0,isPermissionDeniedFileSystemError
FNDA:0,sendMessageWithRetry
FNDA:0,(anonymous_47)
FNDA:0,(anonymous_48)
FNDA:0,(anonymous_49)
FNDA:0,isYouTubeWatchUrl
FNDA:0,shouldTrackSenderTab
FNDA:0,getValidatedWatchTab
FNDA:0,extractVideoIdFromWatchUrl
FNDA:0,pickBestYouTubeWatchTab
FNDA:0,(anonymous_55)
FNDA:0,(anonymous_56)
FNDA:0,(anonymous_57)
FNDA:0,seekActiveYouTubeTab
FNDA:0,initMessageListeners
FNDA:0,(anonymous_60)
FNDA:0,(anonymous_61)
FNDA:0,(anonymous_62)
FNDA:0,(anonymous_63)
FNDA:0,handleScreenshotEditedResult
FNDA:0,(anonymous_65)
FNDA:0,checkMetadataImmediate
FNDA:0,handleMetadataResponse
FNDA:0,initTheme
FNDA:0,(anonymous_69)
FNDA:0,showPrompt
FNDA:0,(anonymous_71)
FNDA:0,(anonymous_72)
FNDA:0,(anonymous_73)
FNDA:0,(anonymous_74)
FNDA:0,(anonymous_75)
FNDA:0,(anonymous_76)
FNDA:0,(anonymous_77)
FNDA:0,(anonymous_78)
FNDA:0,showConfirm
FNDA:0,(anonymous_80)
FNDA:0,(anonymous_81)
FNDA:0,(anonymous_82)
FNDA:0,(anonymous_83)
FNDA:0,(anonymous_84)
FNDA:0,showAlert
FNDA:0,(anonymous_86)
FNDA:0,(anonymous_87)
FNDA:0,(anonymous_88)
FNDA:0,resolveActiveYouTubeTabId
FNDA:0,(anonymous_90)
FNDA:0,closeDetachedPanelIfHostMissing
FNDA:0,resolveTrackedYouTubeTab
FNDA:0,sendPanelHeartbeat
FNDA:0,(anonymous_94)
FNDA:0,sendPanelClosed
FNDA:0,(anonymous_96)
FNDA:0,startPanelHeartbeat
FNDA:0,stopPanelHeartbeat
FNDA:0,ensureExportProgressOverlay
FNDA:0,showExportProgressDialog
FNDA:0,updateExportProgressDialog
FNDA:0,hideExportProgressDialog
FNDA:0,handleFolderPermissionRegrantClick
FNDA:0,showFolderPermissionBanner
FNDA:0,(anonymous_105)
FNDA:0,showFolderMissingBanner
FNDA:0,showFolderPermissionBannerIfNeeded
FNDA:0,initFileSystem
FNDA:0,(anonymous_109)
FNDA:0,initTabs
FNDA:0,(anonymous_111)
FNDA:0,(anonymous_112)
FNDA:0,(anonymous_113)
FNDA:0,(anonymous_114)
FNDA:0,initButtons
FNDA:0,(anonymous_116)
FNDA:0,(anonymous_117)
FNDA:0,(anonymous_118)
FNDA:0,(anonymous_119)
FNDA:0,(anonymous_120)
FNDA:0,(anonymous_121)
FNDA:0,(anonymous_122)
FNDA:0,(anonymous_123)
FNDA:0,(anonymous_124)
FNDA:0,(anonymous_125)
FNDA:0,(anonymous_126)
FNDA:0,updateIntervalSelect
FNDA:0,(anonymous_128)
FNDA:0,(anonymous_129)
FNDA:0,(anonymous_130)
FNDA:0,openLastScreenshotNote
FNDA:0,(anonymous_132)
FNDA:0,(anonymous_133)
FNDA:0,editLastScreenshot
FNDA:0,(anonymous_135)
FNDA:0,handleAreaCapture
FNDA:0,(anonymous_137)
FNDA:0,(anonymous_138)
FNDA:0,initAutoShotToggle
FNDA:0,getCachedPlaybackRate
FNDA:0,startAutoScreenshot
FNDA:0,(anonymous_142)
FNDA:0,(anonymous_143)
FNDA:0,handleAutoScreenshotToggle
FNDA:0,(anonymous_145)
FNDA:0,handleDurationCalculator
FNDA:0,syncNotebookStateToContent
FNDA:0,(anonymous_148)
FNDA:0,(anonymous_149)
FNDA:0,initOptInToggle
FNDA:0,(anonymous_151)
FNDA:0,pollCurrentVideo
FNDA:0,updateTimeline
FNDA:0,handleCapture
FNDA:0,(anonymous_155)
FNDA:0,(anonymous_156)
FNDA:0,(anonymous_157)
FNDA:0,(anonymous_158)
FNDA:0,(anonymous_159)
FNDA:0,handleAddLocalImage
FNDA:0,(anonymous_161)
FNDA:0,(anonymous_162)
FNDA:0,dataURLtoBlobAsync
FNDA:0,(anonymous_164)
FNDA:0,renderMainGallery
FNDA:0,(anonymous_166)
FNDA:0,(anonymous_167)
FNDA:0,(anonymous_168)
FNDA:0,(anonymous_169)
FNDA:0,(anonymous_170)
FNDA:0,(anonymous_171)
FNDA:0,renderGalleryImmediate
FNDA:0,(anonymous_173)
FNDA:0,renderGalleryProgressively
FNDA:0,renderNextBatch
FNDA:0,(anonymous_176)
FNDA:0,createTOCGalleryElement
FNDA:0,(anonymous_178)
FNDA:0,(anonymous_179)
FNDA:0,(anonymous_180)
FNDA:0,(anonymous_181)
FNDA:0,(anonymous_182)
FNDA:0,(anonymous_183)
[...]
BRDA:5689,1062,1,0
BRDA:5707,1063,0,0
BRDA:5707,1063,1,0
BRDA:5709,1064,0,0
BRDA:5709,1064,1,0
BRDA:5709,1065,0,0
BRDA:5709,1065,1,0
BRDA:5721,1066,0,0
BRDA:5721,1066,1,0
BRDA:5733,1067,0,0
BRDA:5733,1067,1,0
BRDA:5737,1068,0,0
BRDA:5737,1068,1,0
BRDA:5739,1069,0,0
BRDA:5739,1069,1,0
BRDA:5748,1070,0,0
BRDA:5748,1070,1,0
BRDA:5750,1071,0,0
BRDA:5750,1071,1,0
BRDA:5753,1072,0,0
BRDA:5753,1072,1,0
BRDA:5768,1073,0,0
BRDA:5768,1073,1,0
BRDA:5774,1074,0,0
BRDA:5774,1074,1,0
BRDA:5786,1075,0,0
BRDA:5786,1075,1,0
BRDA:5812,1076,0,0
BRDA:5812,1076,1,0
BRDA:5815,1077,0,0
BRDA:5815,1077,1,0
BRDA:5832,1078,0,0
BRDA:5833,1079,0,0
BRDA:5833,1079,1,0
BRDA:5847,1080,0,0
BRDA:5847,1080,1,0
BRDA:5858,1081,0,0
BRDA:5858,1081,1,0
BRDA:5858,1082,0,0
BRDA:5858,1082,1,0
BRDA:5859,1083,0,0
BRDA:5859,1083,1,0
BRDA:5859,1084,0,0
BRDA:5859,1084,1,0
BRDA:5861,1085,0,0
BRDA:5861,1085,1,0
BRDA:5865,1086,0,0
BRDA:5865,1086,1,0
BRDA:5881,1087,0,0
BRDA:5881,1087,1,0
BRDA:5888,1088,0,0
BRDA:5888,1088,1,0
BRDA:5896,1089,0,0
BRDA:5896,1089,1,0
BRDA:5914,1090,0,0
BRDA:5914,1090,1,0
BRDA:5928,1091,0,0
BRDA:5941,1092,0,0
BRDA:5941,1092,1,0
BRDA:5945,1093,0,0
BRDA:5945,1093,1,0
BRDA:5949,1094,0,0
BRDA:5949,1094,1,0
BRDA:5949,1095,0,0
BRDA:5949,1095,1,0
BRDA:5949,1095,2,0
BRDA:5952,1096,0,0
BRDA:5952,1096,1,0
BRDA:5953,1097,0,0
BRDA:5953,1097,1,0
BRDA:5956,1098,0,0
BRDA:5956,1098,1,0
BRDA:5962,1099,0,0
BRDA:5962,1099,1,0
BRDA:5976,1100,0,0
BRDA:5976,1100,1,0
BRDA:5978,1101,0,0
BRDA:5978,1101,1,0
BRDA:5990,1102,0,0
BRDA:5990,1102,1,0
BRDA:6000,1103,0,0
BRDA:6000,1103,1,0
BRDA:6013,1104,0,0
BRDA:6013,1104,1,0
BRDA:6027,1105,0,0
BRDA:6027,1105,1,0
BRDA:6030,1106,0,0
BRDA:6030,1106,1,0
BRDA:6030,1107,0,0
BRDA:6030,1107,1,0
BRDA:6030,1107,2,0
BRDA:6038,1108,0,0
BRDA:6038,1108,1,0
BRDA:6039,1109,0,0
BRDA:6039,1109,1,0
BRDA:6050,1110,0,0
BRDA:6050,1110,1,0
BRDA:6058,1111,0,0
BRDA:6058,1111,1,0
BRDA:6067,1112,0,0
BRDA:6067,1112,1,0
BRDA:6068,1113,0,0
BRDA:6068,1113,1,0
BRDA:6078,1114,0,0
BRDA:6078,1114,1,0
BRDA:6087,1115,0,0
BRDA:6087,1115,1,0
BRDA:6091,1116,0,0
BRDA:6091,1116,1,0
BRDA:6104,1117,0,0
BRDA:6104,1117,1,0
BRDA:6123,1118,0,0
BRDA:6123,1118,1,0
BRDA:6123,1119,0,0
BRDA:6123,1119,1,0
BRDA:6124,1120,0,0
BRDA:6124,1120,1,0
BRDA:6124,1121,0,0
BRDA:6124,1121,1,0
BRDA:6127,1122,0,0
BRDA:6127,1122,1,0
BRDA:6151,1123,0,0
BRDA:6151,1123,1,0
BRDA:6159,1124,0,0
BRDA:6159,1124,1,0
BRDA:6166,1125,0,0
BRDA:6166,1125,1,0
BRDA:6167,1126,0,0
BRDA:6167,1126,1,0
BRDA:6174,1127,0,0
BRDA:6174,1127,1,0
BRDA:6188,1128,0,0
BRDA:6188,1128,1,0
BRDA:6188,1129,0,0
BRDA:6188,1129,1,0
BRDA:6193,1130,0,0
BRDA:6193,1130,1,0
BRDA:6200,1131,0,0
BRDA:6200,1131,1,0
BRDA:6202,1132,0,0
BRDA:6202,1132,1,0
BRDA:6214,1133,0,0
BRDA:6214,1133,1,0
BRDA:6214,1134,0,0
BRDA:6214,1134,1,0
BRDA:6220,1135,0,0
BRDA:6220,1135,1,0
BRDA:6226,1136,0,0
BRDA:6226,1136,1,0
BRDA:6228,1137,0,0
BRDA:6228,1137,1,0
BRDA:6228,1138,0,0
BRDA:6228,1138,1,0
BRDA:6245,1139,0,0
BRDA:6245,1139,1,0
BRDA:6268,1140,0,0
BRDA:6268,1140,1,0
BRDA:6283,1141,0,0
BRDA:6283,1141,1,0
BRDA:6291,1142,0,0
BRDA:6291,1142,1,0
BRDA:6310,1143,0,0
BRDA:6310,1143,1,0
BRDA:6315,1144,0,0
BRDA:6315,1144,1,0
BRDA:6324,1145,0,0
BRDA:6324,1145,1,0
BRDA:6327,1146,0,0
BRDA:6327,1146,1,0
BRDA:6336,1147,0,0
BRDA:6336,1147,1,0
BRDA:6353,1148,0,0
BRDA:6353,1148,1,0
BRDA:6368,1149,0,0
BRDA:6368,1149,1,0
BRDA:6378,1150,0,0
BRDA:6378,1150,1,0
BRDA:6386,1151,0,0
BRDA:6386,1151,1,0
BRDA:6389,1152,0,0
BRDA:6389,1152,1,0
BRDA:6398,1153,0,0
BRDA:6398,1153,1,0
BRDA:6411,1154,0,0
BRDA:6412,1155,0,0
BRDA:6412,1155,1,0
BRDA:6412,1156,0,0
BRDA:6412,1156,1,0
BRDA:6417,1157,0,0
BRDA:6417,1157,1,0
BRDA:6418,1158,0,0
BRDA:6418,1158,1,0
BRDA:6443,1159,0,0
BRDA:6443,1159,1,0
BRDA:6449,1160,0,0
BRDA:6449,1160,1,0
BRDA:6455,1161,0,0
BRDA:6455,1161,1,0
BRDA:6457,1162,0,0
BRDA:6457,1162,1,0
BRDA:6470,1163,0,0
BRDA:6470,1163,1,0
BRDA:6471,1164,0,0
BRDA:6471,1164,1,0
BRDA:6472,1165,0,0
BRDA:6472,1165,1,0
BRDA:6505,1166,0,0
BRDA:6505,1166,1,0
BRDA:6526,1167,0,0
BRDA:6526,1167,1,0
BRDA:6532,1168,0,0
BRDA:6532,1168,1,0
BRDA:6544,1169,0,0
BRDA:6544,1169,1,0
BRDA:6551,1170,0,0
BRDA:6551,1170,1,0
BRDA:6551,1170,2,0
BRDA:6552,1171,0,0
BRDA:6552,1171,1,0
BRDA:6552,1171,2,0
BRDA:6557,1172,0,0
BRDA:6557,1172,1,0
BRDA:6558,1173,0,0
BRDA:6558,1173,1,0
BRDA:6560,1174,0,0
BRDA:6560,1174,1,0
BRDA:6566,1175,0,0
BRDA:6566,1175,1,0
BRDA:6566,1176,0,0
BRDA:6566,1176,1,0
BRDA:6568,1177,0,0
BRDA:6568,1177,1,0
BRDA:6568,1178,0,0
BRDA:6568,1178,1,0
BRDA:6577,1179,0,0
BRDA:6577,1179,1,0
BRDA:6587,1180,0,0
BRDA:6587,1180,1,0
BRDA:6589,1181,0,0
BRDA:6589,1181,1,0
BRDA:6595,1182,0,0
BRDA:6595,1182,1,0
BRDA:6595,1183,0,0
BRDA:6595,1183,1,0
BRDA:6595,1183,2,0
BRDA:6608,1184,0,0
BRDA:6608,1184,1,0
BRDA:6620,1185,0,0
BRDA:6620,1185,1,0
BRDA:6620,1186,0,0
BRDA:6620,1186,1,0
BRDA:6625,1187,0,0
BRDA:6625,1187,1,0
BRDA:6626,1188,0,0
BRDA:6626,1188,1,0
BRDA:6627,1189,0,0
BRDA:6627,1189,1,0
BRDA:6628,1190,0,0
BRDA:6628,1190,1,0
BRDA:6637,1191,0,0
BRDA:6637,1191,1,0
BRDA:6642,1192,0,0
BRDA:6642,1192,1,0
BRDA:6645,1193,0,0
BRDA:6645,1193,1,0
BRDA:6657,1194,0,0
BRDA:6657,1194,1,0
BRDA:6660,1195,0,0
BRDA:6660,1195,1,0
BRDA:6669,1196,0,0
BRDA:6669,1196,1,0
BRDA:6675,1197,0,0
BRDA:6675,1197,1,0
BRDA:6679,1198,0,0
BRDA:6679,1198,1,0
BRDA:6684,1199,0,0
BRDA:6684,1199,1,0
BRDA:6686,1200,0,0
BRDA:6686,1200,1,0
BRDA:6700,1201,0,0
BRDA:6700,1201,1,0
BRDA:6707,1202,0,0
BRDA:6707,1202,1,0
BRDA:6722,1203,0,0
BRDA:6722,1203,1,0
BRDA:6722,1204,0,0
BRDA:6722,1204,1,0
BRDA:6724,1205,0,0
BRDA:6724,1205,1,0
BRDA:6730,1206,0,0
BRDA:6730,1206,1,0
BRDA:6732,1207,0,0
BRDA:6732,1207,1,0
BRDA:6732,1208,0,0
BRDA:6732,1208,1,0
BRDA:6745,1209,0,0
BRDA:6745,1209,1,0
BRDA:6751,1210,0,0
BRDA:6751,1210,1,0
BRDA:6754,1211,0,0
BRDA:6754,1211,1,0
BRDA:6762,1212,0,0
BRDA:6762,1212,1,0
BRDA:6768,1213,0,0
BRDA:6768,1213,1,0
BRDA:6772,1214,0,0
BRDA:6772,1214,1,0
BRDA:6780,1215,0,0
BRDA:6780,1215,1,0
BRDA:6789,1216,0,0
BRDA:6789,1216,1,0
BRDA:6802,1217,0,0
BRDA:6802,1217,1,0
BRDA:6802,1218,0,0
BRDA:6802,1218,1,0
BRDA:6808,1219,0,0
BRDA:6808,1219,1,0
BRDA:6813,1220,0,0
BRDA:6813,1220,1,0
BRDA:6821,1221,0,0
BRDA:6821,1221,1,0
BRDA:6832,1222,0,0
BRDA:6832,1222,1,0
BRDA:6834,1223,0,0
BRDA:6834,1223,1,0
BRDA:6847,1224,0,0
BRDA:6847,1224,1,0
BRDA:6847,1225,0,0
BRDA:6847,1225,1,0
BRDA:6856,1226,0,0
BRDA:6856,1226,1,0
BRDA:6856,1226,2,0
BRDA:6869,1227,0,0
BRDA:6869,1227,1,0
BRDA:6873,1228,0,0
BRDA:6873,1228,1,0
BRDA:6874,1229,0,0
BRDA:6874,1229,1,0
BRDA:6875,1230,0,0
BRDA:6875,1230,1,0
BRDA:6876,1231,0,0
BRDA:6876,1231,1,0
BRDA:6905,1232,0,0
BRDA:6905,1233,0,0
BRDA:6906,1234,0,0
BRDA:6906,1234,1,0
BRDA:6906,1234,2,0
BRDA:6906,1234,3,0
BRDA:6907,1235,0,0
BRDA:6907,1235,1,0
BRDA:6907,1235,2,0
BRDA:6907,1235,3,0
BRDA:6908,1236,0,0
BRDA:6908,1236,1,0
BRDA:6909,1237,0,0
BRDA:6909,1237,1,0
BRDA:6918,1238,0,0
BRDA:6918,1238,1,0
BRDA:6924,1239,0,0
BRDA:6924,1239,1,0
BRDA:6925,1240,0,0
BRDA:6925,1240,1,0
BRDA:6925,1240,2,0
BRDA:6936,1241,0,0
BRDA:6936,1242,0,0
BRDA:6938,1243,0,0
BRDA:6938,1243,1,0
BRDA:6944,1244,0,0
BRDA:6944,1244,1,0
BRDA:6948,1245,0,0
BRDA:6948,1245,1,0
BRDA:6963,1246,0,0
BRDA:6963,1246,1,0
BRDA:6972,1247,0,0
BRDA:6972,1248,0,0
BRDA:6973,1249,0,0
BRDA:6973,1249,1,0
BRDA:6973,1249,2,0
BRDA:6974,1250,0,0
BRDA:6974,1250,1,0
BRDA:6974,1251,0,0
BRDA:6974,1251,1,0
BRDA:6977,1252,0,0
BRDA:6977,1252,1,0
BRDA:6983,1253,0,0
BRDA:6983,1253,1,0
BRDA:6983,1253,2,0
BRDA:6983,1253,3,0
BRDA:6985,1254,0,0
BRDA:6985,1254,1,0
BRDA:6994,1255,0,0
BRDA:6994,1255,1,0
BRDA:7005,1256,0,0
BRDA:7005,1256,1,0
BRDA:7006,1257,0,0
BRDA:7006,1257,1,0
BRDA:7008,1258,0,0
BRDA:7008,1258,1,0
BRDA:7024,1259,0,0
BRDA:7024,1259,1,0
BRDA:7028,1260,0,0
BRDA:7029,1261,0,0
BRDA:7029,1261,1,0
BRDA:7030,1262,0,0
BRDA:7030,1262,1,0
BRDA:7031,1263,0,0
BRDA:7031,1263,1,0
BRDA:7033,1264,0,0
BRDA:7033,1264,1,0
BRDA:7040,1265,0,0
BRDA:7040,1265,1,0
BRDA:7040,1266,0,0
BRDA:7040,1266,1,0
BRDA:7040,1266,2,0
BRDA:7044,1267,0,0
BRDA:7044,1267,1,0
BRDA:7044,1268,0,0
BRDA:7044,1268,1,0
BRDA:7044,1268,2,0
BRDA:7049,1269,0,0
BRDA:7049,1269,1,0
BRDA:7053,1270,0,0
BRDA:7053,1270,1,0
BRDA:7055,1271,0,0
BRDA:7055,1271,1,0
BRDA:7060,1272,0,0
BRDA:7060,1272,1,0
BRDA:7065,1273,0,0
BRDA:7065,1273,1,0
BRDA:7070,1274,0,0
BRDA:7070,1274,1,0
BRDA:7073,1275,0,0
BRDA:7073,1275,1,0
BRDA:7081,1276,0,0
BRDA:7081,1276,1,0
BRDA:7081,1277,0,0
BRDA:7081,1277,1,0
BRDA:7081,1277,2,0
BRDA:7088,1278,0,0
BRDA:7088,1278,1,0
BRDA:7099,1279,0,0
BRDA:7099,1279,1,0
BRDA:7099,1280,0,0
BRDA:7099,1280,1,0
BRDA:7099,1280,2,0
BRDA:7099,1280,3,0
BRDA:7104,1281,0,0
BRDA:7104,1281,1,0
BRDA:7104,1282,0,0
BRDA:7104,1282,1,0
BRDA:7104,1282,2,0
BRDA:7106,1283,0,0
BRDA:7106,1283,1,0
BRDA:7114,1284,0,0
BRDA:7114,1284,1,0
BRDA:7114,1285,0,0
BRDA:7114,1285,1,0
BRDA:7117,1286,0,0
BRDA:7117,1286,1,0
BRDA:7117,1287,0,0
BRDA:7117,1287,1,0
BRDA:7117,1287,2,0
BRDA:7124,1288,0,0
BRDA:7124,1288,1,0
BRDA:7124,1289,0,0
BRDA:7124,1289,1,0
BRDA:7124,1289,2,0
BRDA:7124,1289,3,0
BRDA:7124,1289,4,0
BRDA:7132,1290,0,0
BRDA:7132,1290,1,0
BRDA:7132,1291,0,0
BRDA:7132,1291,1,0
BRDA:7140,1292,0,0
BRDA:7140,1292,1,0
BRDA:7140,1293,0,0
BRDA:7140,1293,1,0
BRDA:7147,1294,0,0
BRDA:7147,1294,1,0
BRDA:7147,1295,0,0
BRDA:7147,1295,1,0
BRDA:7149,1296,0,0
BRDA:7149,1296,1,0
BRDA:7153,1297,0,0
BRDA:7153,1297,1,0
BRDA:7162,1298,0,0
BRDA:7162,1298,1,0
BRDA:7177,1299,0,0
BRDA:7177,1299,1,0
BRDA:7190,1300,0,0
BRDA:7190,1300,1,0
BRDA:7190,1301,0,0
BRDA:7190,1301,1,0
BRDA:7192,1302,0,0
BRDA:7192,1302,1,0
BRDA:7214,1303,0,0
BRDA:7214,1303,1,0
BRDA:7214,1304,0,0
BRDA:7214,1304,1,0
BRDA:7216,1305,0,0
BRDA:7216,1305,1,0
BRDA:7234,1306,0,0
BRDA:7234,1306,1,0
BRDA:7255,1307,0,0
BRDA:7255,1307,1,0
BRDA:7255,1308,0,0
BRDA:7255,1308,1,0
BRDA:7257,1309,0,0
BRDA:7257,1309,1,0
BRDA:7275,1310,0,0
BRDA:7275,1310,1,0
BRDA:7303,1311,0,0
BRDA:7303,1311,1,0
BRDA:7303,1312,0,0
BRDA:7303,1312,1,0
BRDA:7307,1313,0,0
BRDA:7307,1313,1,0
BRDA:7308,1314,0,0
BRDA:7308,1314,1,0
BRDA:7313,1315,0,0
BRDA:7313,1315,1,0
BRDA:7314,1316,0,0
BRDA:7314,1316,1,0
BRDA:7322,1317,0,0
BRDA:7323,1318,0,0
BRDA:7323,1318,1,0
BRDA:7323,1319,0,0
BRDA:7323,1319,1,0
BRDA:7325,1320,0,0
BRDA:7325,1320,1,0
BRDA:7329,1321,0,0
BRDA:7329,1321,1,0
BRDA:7329,1322,0,0
BRDA:7329,1322,1,0
BRDA:7337,1323,0,0
BRDA:7337,1323,1,0
BRDA:7339,1324,0,0
BRDA:7339,1324,1,0
BRDA:7352,1325,0,0
BRDA:7352,1325,1,0
BRDA:7352,1326,0,0
BRDA:7352,1326,1,0
BRDA:7359,1327,0,0
BRDA:7359,1327,1,0
BRDA:7361,1328,0,0
BRDA:7361,1328,1,0
BRDA:7361,1329,0,0
BRDA:7361,1329,1,0
BRDA:7367,1330,0,0
BRDA:7367,1330,1,0
BRDA:7374,1331,0,0
BRDA:7374,1331,1,0
BRDA:7384,1332,0,0
BRDA:7385,1333,0,0
BRDA:7385,1333,1,0
BRDA:7386,1334,0,0
BRDA:7386,1334,1,0
BRDA:7387,1335,0,0
BRDA:7387,1335,1,0
BRDA:7389,1336,0,0
BRDA:7389,1336,1,0
BRDA:7395,1337,0,0
BRDA:7395,1337,1,0
BRDA:7401,1338,0,0
BRDA:7401,1338,1,0
BRDA:7402,1339,0,0
BRDA:7402,1339,1,0
BRDA:7403,1340,0,0
BRDA:7403,1340,1,0
BRDA:7410,1341,0,0
BRDA:7410,1341,1,0
BRDA:7418,1342,0,0
BRDA:7418,1342,1,0
BRDA:7419,1343,0,0
BRDA:7419,1343,1,0
BRDA:7424,1344,0,0
BRDA:7424,1344,1,0
BRDA:7428,1345,0,0
BRDA:7428,1345,1,0
BRDA:7438,1346,0,0
BRDA:7438,1346,1,0
BRDA:7439,1347,0,0
BRDA:7439,1347,1,0
BRDA:7442,1348,0,0
BRDA:7442,1348,1,0
BRDA:7443,1349,0,0
BRDA:7443,1349,1,0
BRDA:7443,1350,0,0
BRDA:7443,1350,1,0
BRDA:7445,1351,0,0
BRDA:7445,1351,1,0
BRDA:7460,1352,0,0
BRDA:7460,1352,1,0
BRDA:7461,1353,0,0
BRDA:7461,1353,1,0
BRDA:7461,1353,2,0
BRDA:7473,1354,0,0
BRDA:7473,1354,1,0
BRDA:7476,1355,0,0
BRDA:7476,1355,1,0
BRDA:7479,1356,0,0
BRDA:7479,1356,1,0
BRDA:7494,1357,0,0
BRDA:7494,1357,1,0
BRDA:7496,1358,0,0
BRDA:7496,1358,1,0
BRDA:7508,1359,0,0
BRDA:7508,1359,1,0
BRDA:7510,1360,0,0
BRDA:7510,1360,1,0
BRDA:7516,1361,0,0
BRDA:7516,1361,1,0
BRDA:7518,1362,0,0
BRDA:7518,1362,1,0
BRDA:7519,1363,0,0
BRDA:7519,1363,1,0
BRDA:7530,1364,0,0
BRDA:7530,1364,1,0
BRDA:7530,1365,0,0
BRDA:7530,1365,1,0
BRDA:7534,1366,0,0
BRDA:7534,1366,1,0
BRDA:7534,1367,0,0
BRDA:7534,1367,1,0
BRDA:7534,1367,2,0
BRDA:7538,1368,0,0
BRDA:7538,1368,1,0
BRDA:7541,1369,0,0
BRDA:7541,1369,1,0
BRDA:7542,1370,0,0
BRDA:7542,1370,1,0
BRDA:7544,1371,0,0
BRDA:7544,1371,1,0
BRDA:7544,1372,0,0
BRDA:7544,1372,1,0
BRDA:7550,1373,0,0
BRDA:7550,1373,1,0
BRDA:7552,1374,0,0
BRDA:7552,1374,1,0
BRDA:7554,1375,0,0
BRDA:7554,1375,1,0
BRDA:7554,1376,0,0
BRDA:7554,1376,1,0
BRDA:7562,1377,0,0
BRDA:7562,1377,1,0
BRDA:7562,1378,0,0
BRDA:7562,1378,1,0
BRDA:7566,1379,0,0
BRDA:7566,1379,1,0
BRDA:7566,1380,0,0
BRDA:7566,1380,1,0
BRDA:7566,1380,2,0
BRDA:7574,1381,0,0
BRDA:7574,1381,1,0
BRDA:7574,1382,0,0
BRDA:7574,1382,1,0
BRDA:7581,1383,0,0
BRDA:7581,1383,1,0
BRDA:7593,1384,0,0
BRDA:7593,1384,1,0
BRDA:7594,1385,0,0
BRDA:7594,1385,1,0
BRDA:7600,1386,0,0
BRDA:7600,1386,1,0
BRDA:7601,1387,0,0
BRDA:7601,1387,1,0
BRDA:7611,1388,0,0
BRDA:7611,1388,1,0
BRDA:7614,1389,0,0
BRDA:7614,1389,1,0
BRDA:7616,1390,0,0
BRDA:7616,1390,1,0
BRDA:7642,1391,0,0
BRDA:7642,1391,1,0
BRDA:7650,1392,0,0
BRDA:7650,1392,1,0
BRDA:7652,1393,0,0
BRDA:7652,1393,1,0
BRDA:7653,1394,0,0
BRDA:7653,1394,1,0
BRDA:7655,1395,0,0
BRDA:7655,1395,1,0
BRDA:7657,1396,0,0
BRDA:7657,1396,1,0
BRDA:7676,1397,0,0
BRDA:7676,1397,1,0
BRDA:7677,1398,0,0
BRDA:7677,1398,1,0
BRDA:7699,1399,0,0
BRDA:7699,1399,1,0
BRDA:7705,1400,0,0
BRDA:7705,1400,1,0
BRDA:7705,1401,0,0
BRDA:7705,1401,1,0
BRDA:7715,1402,0,0
BRDA:7715,1402,1,0
BRDA:7717,1403,0,0
BRDA:7717,1403,1,0
BRDA:7740,1404,0,0
BRDA:7740,1404,1,0
BRDA:7745,1405,0,0
BRDA:7745,1405,1,0
BRDA:7753,1406,0,0
BRDA:7753,1406,1,0
BRDA:7760,1407,0,0
BRDA:7760,1407,1,0
BRDA:7775,1408,0,0
BRDA:7775,1408,1,0
BRDA:7788,1409,0,0
BRDA:7788,1409,1,0
BRDA:7788,1410,0,0
BRDA:7788,1410,1,0
BRDA:7791,1411,0,0
BRDA:7791,1411,1,0
BRDA:7794,1412,0,0
BRDA:7794,1412,1,0
BRDA:7796,1413,0,0
BRDA:7796,1413,1,0
BRDA:7796,1414,0,0
BRDA:7796,1414,1,0
BRDA:7797,1415,0,0
BRDA:7797,1415,1,0
BRDA:7797,1416,0,0
BRDA:7797,1416,1,0
BRDA:7801,1417,0,0
BRDA:7801,1417,1,0
BRDA:7808,1418,0,0
BRDA:7808,1418,1,0
BRDA:7819,1419,0,0
BRDA:7819,1419,1,0
BRDA:7821,1420,0,0
BRDA:7821,1420,1,0
BRDA:7838,1421,0,0
BRDA:7838,1421,1,0
BRDA:7839,1422,0,0
BRDA:7839,1422,1,0
BRDA:7845,1423,0,0
BRDA:7845,1423,1,0
BRDA:7848,1424,0,0
BRDA:7848,1424,1,0
BRDA:7859,1425,0,0
BRDA:7859,1425,1,0
BRDA:7860,1426,0,0
BRDA:7860,1426,1,0
BRDA:7869,1427,0,0
BRDA:7869,1427,1,0
BRDA:7898,1428,0,0
BRDA:7898,1428,1,0
BRDA:7900,1429,0,0
BRDA:7900,1429,1,0
BRDA:7902,1430,0,0
BRDA:7902,1430,1,0
BRDA:7905,1431,0,0
BRDA:7905,1431,1,0
BRDA:7907,1432,0,0
BRDA:7907,1432,1,0
BRDA:7908,1433,0,0
BRDA:7908,1433,1,0
BRDA:7909,1434,0,0
BRDA:7909,1434,1,0
BRDA:7912,1435,0,0
BRDA:7912,1435,1,0
BRDA:7931,1436,0,0
BRDA:7931,1436,1,0
BRDA:7940,1437,0,0
BRDA:7940,1437,1,0
BRDA:7940,1438,0,0
BRDA:7940,1438,1,0
BRDA:7951,1439,0,0
BRDA:7951,1439,1,0
BRDA:7951,1440,0,0
BRDA:7951,1440,1,0
BRDA:7957,1441,0,0
BRDA:7957,1441,1,0
BRDA:7961,1442,0,0
BRDA:7961,1442,1,0
BRDA:7961,1443,0,0
BRDA:7961,1443,1,0
BRDA:7970,1444,0,0
BRDA:7970,1444,1,0
BRDA:7972,1445,0,0
BRDA:7972,1445,1,0
BRDA:7974,1446,0,0
BRDA:7974,1446,1,0
BRDA:8003,1447,0,0
BRDA:8003,1447,1,0
BRDA:8018,1448,0,0
BRDA:8018,1448,1,0
BRDA:8028,1449,0,0
BRDA:8028,1449,1,0
BRDA:8031,1450,0,0
BRDA:8031,1450,1,0
BRDA:8036,1451,0,0
BRDA:8036,1451,1,0
BRDA:8036,1452,0,0
BRDA:8036,1452,1,0
BRDA:8043,1453,0,0
BRDA:8043,1453,1,0
BRDA:8048,1454,0,0
BRDA:8048,1454,1,0
BRDA:8048,1455,0,0
BRDA:8048,1455,1,0
BRDA:8058,1456,0,0
BRDA:8062,1457,0,0
BRDA:8062,1457,1,0
BRDA:8062,1458,0,0
BRDA:8062,1458,1,0
BRDA:8062,1458,2,0
BRDA:8073,1459,0,0
BRDA:8073,1459,1,0
BRDA:8079,1460,0,0
BRDA:8079,1460,1,0
BRDA:8079,1461,0,0
BRDA:8079,1461,1,0
BRDA:8087,1462,0,0
BRDA:8087,1462,1,0
BRDA:8102,1463,0,0
BRDA:8102,1463,1,0
BRDA:8110,1464,0,0
BRDA:8110,1464,1,0
BRDA:8111,1465,0,0
BRDA:8111,1465,1,0
BRDA:8126,1466,0,0
BRDA:8126,1466,1,0
BRDA:8132,1467,0,0
BRDA:8132,1467,1,0
BRDA:8142,1468,0,0
BRDA:8142,1468,1,0
BRDA:8144,1469,0,0
BRDA:8144,1469,1,0
BRDA:8155,1470,0,0
BRDA:8155,1470,1,0
BRDA:8157,1471,0,0
BRDA:8157,1471,1,0
BRDA:8158,1472,0,0
BRDA:8158,1472,1,0
BRDA:8195,1473,0,0
BRDA:8195,1473,1,0
BRDA:8200,1474,0,0
BRDA:8200,1474,1,0
BRDA:8210,1475,0,0
BRDA:8210,1475,1,0
BRDA:8228,1476,0,0
BRDA:8228,1476,1,0
BRDA:8231,1477,0,0
BRDA:8231,1477,1,0
BRDA:8236,1478,0,0
BRDA:8236,1478,1,0
BRDA:8236,1479,0,0
BRDA:8236,1479,1,0
BRDA:8243,1480,0,0
BRDA:8243,1480,1,0
BRDA:8256,1481,0,0
BRDA:8256,1481,1,0
BRDA:8263,1482,0,0
BRDA:8263,1482,1,0
BRDA:8267,1483,0,0
BRDA:8267,1483,1,0
BRDA:8273,1484,0,0
BRDA:8273,1484,1,0
BRDA:8283,1485,0,0
BRDA:8283,1485,1,0
BRDA:8299,1486,0,0
BRDA:8299,1486,1,0
BRDA:8304,1487,0,0
BRDA:8304,1487,1,0
BRDA:8314,1488,0,0
BRDA:8314,1488,1,0
BRDA:8316,1489,0,0
BRDA:8316,1489,1,0
BRDA:8349,1490,0,0
BRDA:8349,1490,1,0
BRDA:8354,1491,0,0
BRDA:8354,1491,1,0
BRDA:8364,1492,0,0
BRDA:8364,1492,1,0
BRDA:8368,1493,0,0
BRDA:8368,1493,1,0
BRDA:8371,1494,0,0
BRDA:8371,1494,1,0
BRDA:8385,1495,0,0
BRDA:8385,1495,1,0
BRDA:8421,1496,0,0
BRDA:8421,1496,1,0
BRDA:8424,1497,0,0
BRDA:8424,1497,1,0
BRDA:8439,1498,0,0
BRDA:8439,1498,1,0
BRDA:8442,1499,0,0
BRDA:8442,1499,1,0
BRDA:8445,1500,0,0
BRDA:8445,1500,1,0
BRDA:8449,1501,0,0
BRDA:8449,1501,1,0
BRDA:8460,1502,0,0
BRDA:8460,1502,1,0
BRDA:8466,1503,0,0
BRDA:8466,1503,1,0
BRDA:8470,1504,0,0
BRDA:8470,1504,1,0
BRDA:8474,1505,0,0
BRDA:8474,1505,1,0
BRDA:8476,1506,0,0
BRDA:8476,1506,1,0
BRDA:8482,1507,0,0
BRDA:8482,1507,1,0
BRDA:8496,1508,0,0
BRDA:8496,1508,1,0
BRDA:8505,1509,0,0
BRDA:8507,1510,0,0
BRDA:8507,1510,1,0
BRDA:8507,1511,0,0
BRDA:8507,1511,1,0
BRDA:8513,1512,0,0
BRDA:8513,1512,1,0
BRDA:8531,1513,0,0
BRDA:8531,1513,1,0
BRDA:8531,1514,0,0
BRDA:8531,1514,1,0
BRDA:8532,1515,0,0
BRDA:8532,1515,1,0
BRF:3080
BRH:0
end_of_record
TN:
SF:sidepanel\pdf-worker.js
FN:16,(anonymous_0)
FN:154,stripHtml
FNF:2
FNH:0
FNDA:0,(anonymous_0)
FNDA:0,stripHtml
DA:4,0
DA:6,0
DA:7,0
DA:9,0
DA:10,0
DA:16,0
DA:17,0
DA:18,0
DA:20,0
DA:21,0
DA:22,0
DA:23,0
DA:26,0
DA:34,0
DA:35,0
DA:36,0
DA:37,0
DA:40,0
DA:41,0
DA:42,0
DA:44,0
DA:45,0
DA:46,0
DA:47,0
DA:50,0
DA:51,0
DA:52,0
DA:53,0
DA:56,0
DA:57,0
DA:58,0
DA:60,0
DA:61,0
DA:64,0
DA:65,0
DA:66,0
DA:70,0
DA:71,0
DA:72,0
DA:73,0
DA:76,0
DA:77,0
DA:78,0
DA:82,0
DA:83,0
DA:84,0
DA:85,0
DA:87,0
DA:88,0
DA:89,0
DA:90,0
DA:92,0
DA:93,0
DA:96,0
DA:97,0
DA:100,0
DA:101,0
DA:102,0
DA:103,0
DA:105,0
DA:106,0
DA:108,0
DA:113,0
DA:114,0
DA:115,0
DA:116,0
DA:117,0
DA:118,0
DA:120,0
DA:121,0
DA:122,0
DA:126,0
DA:129,0
DA:136,0
DA:139,0
DA:145,0
DA:146,0
DA:155,0
DA:157,0
DA:159,0
DA:161,0
LF:81
LH:0
BRDA:22,0,0,0
BRDA:22,0,1,0
BRDA:42,1,0,0
BRDA:42,1,1,0
BRDA:44,2,0,0
BRDA:44,2,1,0
BRDA:64,3,0,0
BRDA:64,3,1,0
BRDA:72,4,0,0
BRDA:72,4,1,0
BRDA:76,5,0,0
BRDA:76,5,1,0
BRDA:82,6,0,0
BRDA:82,6,1,0
BRDA:97,7,0,0
BRDA:97,7,1,0
BRDA:105,8,0,0
BRDA:105,8,1,0
BRDA:113,9,0,0
BRDA:113,9,1,0
BRDA:115,10,0,0
BRDA:115,10,1,0
BRDA:155,11,0,0
BRDA:155,11,1,0
BRF:24
BRH:0
end_of_record
TN:
SF:utils\time.js
FN:4,(anonymous_0)
FN:10,formatTime
FN:29,parseTimeToMs
FN:59,formatTimeWithOptions
FN:87,normalizeTimeInput
FNF:5
FNH:4
FNDA:1,(anonymous_0)
FNDA:22,formatTime
FNDA:22,parseTimeToMs
FNDA:0,formatTimeWithOptions
FNDA:7,normalizeTimeInput
DA:4,1
DA:11,22
DA:12,19
DA:13,17
DA:14,17
DA:15,17
DA:16,17
DA:17,17
DA:18,17
DA:19,6
DA:21,11
DA:30,22
DA:31,20
DA:32,20
DA:34,19
DA:35,19
DA:37,18
DA:38,18
DA:40,17
DA:41,9
DA:43,8
DA:44,3
DA:48,5
DA:60,0
DA:62,0
DA:63,0
DA:64,0
DA:65,0
DA:66,0
DA:68,0
DA:70,0
DA:71,0
DA:73,0
DA:76,0
DA:77,0
DA:79,0
DA:88,7
DA:89,4
DA:90,4
DA:91,3
DA:93,1
DA:97,1
DA:107,1
DA:108,1
LF:44
LH:31
BRDA:11,0,0,3
BRDA:11,0,1,19
BRDA:11,1,0,22
BRDA:11,1,1,21
BRDA:11,1,2,20
BRDA:12,2,0,2
BRDA:12,2,1,17
BRDA:18,3,0,6
BRDA:18,3,1,11
BRDA:30,4,0,2
BRDA:30,4,1,20
BRDA:30,5,0,22
BRDA:30,5,1,21
BRDA:32,6,0,1
BRDA:32,6,1,19
BRDA:35,7,0,1
BRDA:35,7,1,18
BRDA:38,8,0,1
BRDA:38,8,1,17
BRDA:40,9,0,9
BRDA:40,9,1,8
BRDA:43,10,0,3
BRDA:43,10,1,5
BRDA:59,11,0,0
BRDA:60,12,0,0
BRDA:60,12,1,0
BRDA:70,13,0,0
BRDA:70,13,1,0
BRDA:70,14,0,0
BRDA:70,14,1,0
BRDA:76,15,0,0
BRDA:76,15,1,0
BRDA:88,16,0,3
BRDA:88,16,1,4
BRDA:88,17,0,7
BRDA:88,17,1,4
BRDA:90,18,0,3
BRDA:90,18,1,1
BRDA:107,19,0,1
BRDA:107,19,1,0
BRDA:107,20,0,1
BRDA:107,20,1,1
BRF:42
BRH:32
end_of_record
