TN:
SF:background\service-worker.js
FN:29,loadDetachedPanelState
FN:60,saveDetachedPanelState
FN:86,waitForWindowState
FN:95,(anonymous_3)
FN:101,(anonymous_4)
FN:129,handleOpenBigEditor
FN:131,(anonymous_6)
FN:145,(anonymous_7)
FN:160,handleSyncNoteEdit
FN:170,handleOpenSidePanel
FN:177,(anonymous_10)
FN:178,(anonymous_11)
FN:181,handleCloseSidePanel
FN:189,(anonymous_13)
FN:190,(anonymous_14)
FN:193,handlePanelHeartbeat
FN:201,handlePanelClosed
FN:209,handleIsPanelOpen
FN:214,handleContentScriptReady
FN:218,(anonymous_19)
FN:227,isPanelOpenForTab
FN:234,resolveHostWindowForTab
FN:256,pickDetachedPanelWidth
FN:264,clampDetachedPanelWidth
FN:270,joinedPanelLeft
FN:274,lockDetachedSync
FN:279,isDetachedSyncLocked
FN:283,findDetachedEntryByWindowId
FN:295,syncDetachedPairFromHost
FN:350,syncDetachedPairFromPanel
FN:420,openDetachedPanelWindow
FN:586,openNotesPanelForTab
FN:613,closeNotesPanelForTab
FN:636,(anonymous_33)
FN:637,(anonymous_34)
FN:683,(anonymous_35)
FN:704,(anonymous_36)
FN:711,(anonymous_37)
FN:717,(anonymous_38)
FN:725,(anonymous_39)
FN:727,(anonymous_40)
FN:734,(anonymous_41)
FN:735,(anonymous_42)
FN:741,(anonymous_43)
FN:748,(anonymous_44)
FN:762,(anonymous_45)
FN:763,(anonymous_46)
FN:779,(anonymous_47)
FN:783,(anonymous_48)
FN:789,(anonymous_49)
FN:804,(anonymous_50)
FN:808,(anonymous_51)
FN:823,(anonymous_52)
FN:830,(anonymous_53)
FN:832,(anonymous_54)
FN:866,onBoundsChangedExecution
FN:878,(anonymous_56)
FN:887,(anonymous_57)
FN:902,(anonymous_58)
FN:913,(anonymous_59)
FN:929,(anonymous_60)
FN:933,(anonymous_61)
FNF:62
FNH:0
FNDA:0,loadDetachedPanelState
FNDA:0,saveDetachedPanelState
FNDA:0,waitForWindowState
FNDA:0,(anonymous_3)
FNDA:0,(anonymous_4)
FNDA:0,handleOpenBigEditor
FNDA:0,(anonymous_6)
FNDA:0,(anonymous_7)
FNDA:0,handleSyncNoteEdit
FNDA:0,handleOpenSidePanel
FNDA:0,(anonymous_10)
FNDA:0,(anonymous_11)
FNDA:0,handleCloseSidePanel
FNDA:0,(anonymous_13)
FNDA:0,(anonymous_14)
FNDA:0,handlePanelHeartbeat
FNDA:0,handlePanelClosed
FNDA:0,handleIsPanelOpen
FNDA:0,handleContentScriptReady
FNDA:0,(anonymous_19)
FNDA:0,isPanelOpenForTab
FNDA:0,resolveHostWindowForTab
FNDA:0,pickDetachedPanelWidth
FNDA:0,clampDetachedPanelWidth
FNDA:0,joinedPanelLeft
FNDA:0,lockDetachedSync
FNDA:0,isDetachedSyncLocked
FNDA:0,findDetachedEntryByWindowId
FNDA:0,syncDetachedPairFromHost
FNDA:0,syncDetachedPairFromPanel
FNDA:0,openDetachedPanelWindow
FNDA:0,openNotesPanelForTab
FNDA:0,closeNotesPanelForTab
FNDA:0,(anonymous_33)
FNDA:0,(anonymous_34)
FNDA:0,(anonymous_35)
FNDA:0,(anonymous_36)
FNDA:0,(anonymous_37)
FNDA:0,(anonymous_38)
FNDA:0,(anonymous_39)
FNDA:0,(anonymous_40)
FNDA:0,(anonymous_41)
FNDA:0,(anonymous_42)
FNDA:0,(anonymous_43)
FNDA:0,(anonymous_44)
FNDA:0,(anonymous_45)
FNDA:0,(anonymous_46)
FNDA:0,(anonymous_47)
FNDA:0,(anonymous_48)
FNDA:0,(anonymous_49)
FNDA:0,(anonymous_50)
FNDA:0,(anonymous_51)
FNDA:0,(anonymous_52)
FNDA:0,(anonymous_53)
FNDA:0,(anonymous_54)
FNDA:0,onBoundsChangedExecution
FNDA:0,(anonymous_56)
FNDA:0,(anonymous_57)
FNDA:0,(anonymous_58)
FNDA:0,(anonymous_59)
FNDA:0,(anonymous_60)
FNDA:0,(anonymous_61)
DA:3,0
DA:4,0
DA:5,0
DA:6,0
DA:7,0
DA:8,0
DA:9,0
DA:10,0
DA:11,0
DA:13,0
DA:23,0
DA:26,0
DA:30,0
DA:31,0
DA:32,0
DA:33,0
DA:35,0
DA:36,0
DA:37,0
DA:38,0
DA:39,0
DA:44,0
DA:45,0
DA:46,0
DA:47,0
DA:48,0
DA:52,0
DA:55,0
DA:61,0
DA:62,0
DA:68,0
DA:69,0
DA:72,0
DA:73,0
DA:76,0
DA:78,0
DA:83,0
DA:87,0
DA:88,0
DA:89,0
DA:90,0
DA:91,0
DA:93,0
DA:95,0
DA:97,0
DA:101,0
DA:102,0
DA:103,0
DA:104,0
DA:105,0
DA:106,0
DA:107,0
DA:108,0
DA:109,0
DA:110,0
DA:111,0
DA:112,0
DA:113,0
DA:114,0
DA:115,0
DA:116,0
DA:117,0
DA:118,0
DA:119,0
DA:120,0
DA:121,0
DA:122,0
DA:123,0
DA:124,0
DA:125,0
DA:130,0
DA:131,0
DA:132,0
DA:137,0
DA:139,0
DA:146,0
DA:147,0
DA:148,0
DA:149,0
DA:150,0
DA:152,0
DA:156,0
DA:161,0
DA:167,0
DA:171,0
DA:172,0
DA:173,0
DA:174,0
DA:176,0
DA:177,0
DA:178,0
DA:182,0
DA:183,0
DA:184,0
DA:185,0
DA:186,0
DA:188,0
DA:189,0
DA:190,0
DA:194,0
DA:195,0
DA:196,0
DA:198,0
DA:202,0
DA:203,0
DA:204,0
DA:206,0
DA:210,0
DA:211,0
DA:215,0
DA:216,0
DA:219,0
DA:223,0
DA:225,0
DA:228,0
DA:229,0
DA:230,0
DA:231,0
DA:235,0
DA:236,0
DA:237,0
DA:238,0
DA:244,0
DA:245,0
DA:246,0
DA:247,0
DA:250,0
DA:253,0
DA:257,0
DA:258,0
DA:260,0
DA:261,0
DA:265,0
DA:266,0
DA:267,0
DA:271,0
DA:275,0
DA:276,0
DA:280,0
DA:284,0
DA:285,0
DA:286,0
DA:288,0
DA:289,0
DA:292,0
DA:296,0
DA:297,0
DA:299,0
DA:300,0
DA:301,0
DA:303,0
DA:304,0
DA:308,0
DA:309,0
DA:311,0
DA:312,0
DA:313,0
DA:314,0
DA:317,0
DA:318,0
DA:319,0
DA:320,0
DA:323,0
DA:324,0
DA:327,0
DA:328,0
DA:335,0
DA:336,0
DA:339,0
DA:344,0
DA:346,0
DA:351,0
DA:352,0
DA:354,0
DA:355,0
DA:356,0
DA:358,0
DA:359,0
DA:363,0
DA:364,0
DA:366,0
DA:367,0
DA:370,0
DA:371,0
DA:374,0
DA:375,0
DA:376,0
DA:377,0
DA:380,0
DA:381,0
DA:382,0
DA:383,0
DA:384,0
DA:387,0
DA:388,0
DA:391,0
DA:392,0
DA:398,0
DA:405,0
DA:406,0
DA:409,0
DA:414,0
DA:416,0
DA:421,0
DA:422,0
DA:423,0
DA:424,0
DA:425,0
DA:426,0
DA:427,0
DA:429,0
DA:433,0
DA:434,0
DA:436,0
DA:437,0
DA:447,0
DA:448,0
DA:449,0
DA:451,0
DA:452,0
DA:454,0
DA:455,0
DA:457,0
DA:462,0
DA:463,0
DA:465,0
DA:467,0
DA:471,0
DA:472,0
DA:473,0
DA:474,0
DA:475,0
DA:478,0
DA:481,0
DA:482,0
DA:483,0
DA:484,0
DA:486,0
DA:487,0
DA:491,0
DA:494,0
DA:495,0
DA:497,0
DA:498,0
DA:500,0
DA:508,0
DA:509,0
DA:518,0
DA:519,0
DA:522,0
DA:525,0
DA:530,0
DA:531,0
DA:532,0
DA:539,0
DA:540,0
DA:542,0
DA:545,0
DA:546,0
DA:554,0
DA:555,0
DA:558,0
DA:563,0
DA:565,0
DA:566,0
DA:567,0
DA:573,0
DA:574,0
DA:579,0
DA:582,0
DA:587,0
DA:589,0
DA:590,0
DA:591,0
DA:596,0
DA:597,0
DA:598,0
DA:604,0
DA:605,0
DA:606,0
DA:607,0
DA:610,0
DA:614,0
DA:616,0
DA:618,0
DA:620,0
DA:621,0
DA:622,0
DA:623,0
DA:624,0
DA:625,0
DA:626,0
DA:629,0
DA:634,0
DA:635,0
DA:636,0
DA:637,0
DA:638,0
DA:641,0
DA:644,0
DA:645,0
DA:649,0
DA:650,0
DA:656,0
DA:657,0
DA:666,0
DA:667,0
DA:668,0
DA:673,0
DA:679,0
DA:683,0
DA:685,0
DA:694,0
DA:695,0
DA:699,0
DA:701,0
DA:704,0
DA:707,0
DA:711,0
DA:714,0
DA:717,0
DA:719,0
DA:721,0
DA:725,0
DA:726,0
DA:727,0
DA:728,0
DA:734,0
DA:735,0
DA:736,0
DA:741,0
DA:742,0
DA:743,0
DA:744,0
DA:745,0
DA:746,0
DA:747,0
DA:748,0
DA:749,0
DA:754,0
DA:755,0
DA:756,0
DA:760,0
DA:761,0
DA:762,0
DA:763,0
DA:764,0
DA:767,0
DA:771,0
DA:773,0
DA:774,0
DA:780,0
DA:781,0
DA:784,0
DA:789,0
DA:790,0
DA:791,0
DA:792,0
DA:794,0
DA:795,0
DA:796,0
DA:797,0
DA:798,0
DA:799,0
DA:805,0
DA:806,0
DA:809,0
DA:813,0
DA:814,0
DA:818,0
DA:819,0
DA:820,0
DA:822,0
DA:823,0
DA:824,0
DA:828,0
DA:829,0
DA:830,0
DA:831,0
DA:832,0
DA:833,0
DA:837,0
DA:840,0
DA:841,0
DA:846,0
DA:847,0
DA:848,0
DA:849,0
DA:854,0
DA:855,0
DA:856,0
DA:860,0
DA:863,0
DA:867,0
DA:868,0
DA:870,0
DA:871,0
DA:877,0
DA:878,0
DA:879,0
DA:887,0
DA:888,0
DA:889,0
DA:891,0
DA:892,0
DA:894,0
DA:895,0
DA:898,0
DA:899,0
DA:902,0
DA:903,0
DA:904,0
DA:907,0
DA:910,0
DA:913,0
DA:914,0
DA:915,0
DA:917,0
DA:918,0
DA:920,0
DA:922,0
DA:924,0
DA:925,0
DA:929,0
DA:930,0
DA:931,0
DA:933,0
DA:934,0
DA:935,0
DA:938,0
DA:942,0
DA:946,0
LF:432
LH:0
BRDA:33,0,0,0
BRDA:33,0,1,0
BRDA:33,1,0,0
BRDA:33,1,1,0
BRDA:35,2,0,0
BRDA:35,2,1,0
BRDA:38,3,0,0
BRDA:38,3,1,0
BRDA:44,4,0,0
BRDA:44,4,1,0
BRDA:47,5,0,0
BRDA:47,5,1,0
BRDA:47,6,0,0
BRDA:47,6,1,0
BRDA:86,7,0,0
BRDA:91,8,0,0
BRDA:91,8,1,0
BRDA:102,9,0,0
BRDA:102,9,1,0
BRDA:105,10,0,0
BRDA:105,10,1,0
BRDA:108,11,0,0
BRDA:108,11,1,0
BRDA:111,12,0,0
BRDA:111,12,1,0
BRDA:114,13,0,0
BRDA:114,13,1,0
BRDA:117,14,0,0
BRDA:117,14,1,0
BRDA:120,15,0,0
BRDA:120,15,1,0
BRDA:123,16,0,0
BRDA:123,16,1,0
BRDA:135,17,0,0
BRDA:135,17,1,0
BRDA:146,18,0,0
BRDA:146,18,1,0
BRDA:146,19,0,0
BRDA:146,19,1,0
BRDA:147,20,0,0
BRDA:147,20,1,0
BRDA:148,21,0,0
BRDA:148,21,1,0
BRDA:149,22,0,0
BRDA:149,22,1,0
BRDA:172,23,0,0
BRDA:172,23,1,0
BRDA:183,24,0,0
BRDA:183,24,1,0
BRDA:184,25,0,0
BRDA:184,25,1,0
BRDA:195,26,0,0
BRDA:195,26,1,0
BRDA:203,27,0,0
BRDA:203,27,1,0
BRDA:219,28,0,0
BRDA:219,28,1,0
BRDA:228,29,0,0
BRDA:228,29,1,0
BRDA:230,30,0,0
BRDA:230,30,1,0
BRDA:236,31,0,0
BRDA:236,31,1,0
BRDA:246,32,0,0
BRDA:246,32,1,0
BRDA:257,33,0,0
BRDA:257,33,1,0
BRDA:257,34,0,0
BRDA:257,34,1,0
BRDA:266,35,0,0
BRDA:266,35,1,0
BRDA:266,36,0,0
BRDA:266,36,1,0
BRDA:275,37,0,0
BRDA:275,37,1,0
BRDA:285,38,0,0
BRDA:285,38,1,0
BRDA:288,39,0,0
BRDA:288,39,1,0
BRDA:297,40,0,0
BRDA:297,40,1,0
BRDA:301,41,0,0
BRDA:301,41,1,0
BRDA:301,42,0,0
BRDA:301,42,1,0
BRDA:308,43,0,0
BRDA:308,43,1,0
BRDA:308,44,0,0
BRDA:308,44,1,0
BRDA:309,45,0,0
BRDA:309,45,1,0
BRDA:309,46,0,0
BRDA:309,46,1,0
BRDA:311,47,0,0
BRDA:311,47,1,0
BRDA:323,48,0,0
BRDA:323,48,1,0
BRDA:323,49,0,0
BRDA:323,49,1,0
BRDA:323,49,2,0
BRDA:323,49,3,0
BRDA:352,50,0,0
BRDA:352,50,1,0
BRDA:356,51,0,0
BRDA:356,51,1,0
BRDA:356,52,0,0
BRDA:356,52,1,0
BRDA:363,53,0,0
BRDA:363,53,1,0
BRDA:363,54,0,0
BRDA:363,54,1,0
BRDA:364,55,0,0
BRDA:364,55,1,0
BRDA:364,56,0,0
BRDA:364,56,1,0
BRDA:367,57,0,0
BRDA:367,57,1,0
BRDA:370,58,0,0
BRDA:370,58,1,0
BRDA:370,59,0,0
BRDA:370,59,1,0
BRDA:370,59,2,0
BRDA:387,60,0,0
BRDA:387,60,1,0
BRDA:387,61,0,0
BRDA:387,61,1,0
BRDA:387,61,2,0
BRDA:387,61,3,0
BRDA:387,61,4,0
BRDA:423,62,0,0
BRDA:423,62,1,0
BRDA:434,63,0,0
BRDA:434,63,1,0
BRDA:436,64,0,0
BRDA:436,64,1,0
BRDA:448,65,0,0
BRDA:448,65,1,0
BRDA:474,66,0,0
BRDA:474,66,1,0
BRDA:486,67,0,0
BRDA:486,67,1,0
BRDA:497,68,0,0
BRDA:497,68,1,0
BRDA:497,69,0,0
BRDA:497,69,1,0
BRDA:528,70,0,0
BRDA:528,70,1,0
BRDA:539,71,0,0
BRDA:539,71,1,0
BRDA:540,72,0,0
BRDA:540,72,1,0
BRDA:545,73,0,0
BRDA:545,73,1,0
BRDA:554,74,0,0
BRDA:554,74,1,0
BRDA:565,75,0,0
BRDA:565,75,1,0
BRDA:565,76,0,0
BRDA:565,76,1,0
BRDA:573,77,0,0
BRDA:573,77,1,0
BRDA:573,78,0,0
BRDA:573,78,1,0
BRDA:586,79,0,0
BRDA:587,80,0,0
BRDA:587,80,1,0
BRDA:589,81,0,0
BRDA:589,81,1,0
BRDA:589,82,0,0
BRDA:589,82,1,0
BRDA:605,83,0,0
BRDA:605,83,1,0
BRDA:614,84,0,0
BRDA:614,84,1,0
BRDA:622,85,0,0
BRDA:622,85,1,0
BRDA:635,86,0,0
BRDA:635,86,1,0
BRDA:645,87,0,0
BRDA:645,87,1,0
BRDA:646,88,0,0
BRDA:646,88,1,0
BRDA:656,89,0,0
BRDA:656,89,1,0
BRDA:656,90,0,0
BRDA:656,90,1,0
BRDA:666,91,0,0
BRDA:666,91,1,0
BRDA:726,92,0,0
BRDA:726,92,1,0
BRDA:747,93,0,0
BRDA:747,93,1,0
BRDA:754,94,0,0
BRDA:754,94,1,0
BRDA:761,95,0,0
BRDA:761,95,1,0
BRDA:773,96,0,0
BRDA:773,96,1,0
BRDA:773,97,0,0
BRDA:773,97,1,0
BRDA:780,98,0,0
BRDA:780,98,1,0
BRDA:780,99,0,0
BRDA:780,99,1,0
BRDA:794,100,0,0
BRDA:794,100,1,0
BRDA:798,101,0,0
BRDA:798,101,1,0
BRDA:798,102,0,0
BRDA:798,102,1,0
BRDA:805,103,0,0
BRDA:805,103,1,0
BRDA:805,104,0,0
BRDA:805,104,1,0
BRDA:818,105,0,0
BRDA:818,105,1,0
BRDA:822,106,0,0
BRDA:822,106,1,0
BRDA:822,107,0,0
BRDA:822,107,1,0
BRDA:829,108,0,0
BRDA:829,108,1,0
BRDA:831,109,0,0
BRDA:831,109,1,0
BRDA:831,110,0,0
BRDA:831,110,1,0
BRDA:847,111,0,0
BRDA:847,111,1,0
BRDA:849,112,0,0
BRDA:849,112,1,0
BRDA:854,113,0,0
BRDA:854,113,1,0
BRDA:868,114,0,0
BRDA:868,114,1,0
BRDA:871,115,0,0
BRDA:871,115,1,0
BRDA:877,116,0,0
BRDA:877,116,1,0
BRDA:889,117,0,0
BRDA:889,117,1,0
BRDA:892,118,0,0
BRDA:892,118,1,0
BRDA:895,119,0,0
BRDA:895,119,1,0
BRDA:898,120,0,0
BRDA:898,120,1,0
BRDA:914,121,0,0
BRDA:914,121,1,0
BRDA:914,122,0,0
BRDA:914,122,1,0
BRDA:914,122,2,0
BRDA:920,123,0,0
BRDA:920,123,1,0
BRDA:922,124,0,0
BRDA:922,124,1,0
BRDA:924,125,0,0
BRDA:924,125,1,0
BRDA:934,126,0,0
BRDA:934,126,1,0
BRDA:934,127,0,0
BRDA:934,127,1,0
BRF:261
BRH:0
end_of_record
TN:
SF:content\content-script.js
FN:1,(anonymous_0)
FN:11,debugLog
FN:16,(anonymous_2)
FN:46,(anonymous_3)
FN:54,(anonymous_4)
FN:75,(anonymous_5)
FN:119,(anonymous_6)
FN:120,(anonymous_7)
FN:122,(anonymous_8)
FN:131,(anonymous_9)
FN:141,(anonymous_10)
FN:144,(anonymous_11)
FN:158,(anonymous_12)
FN:166,(anonymous_13)
FN:173,(anonymous_14)
FN:189,(anonymous_15)
FN:211,(anonymous_16)
FN:215,(anonymous_17)
FN:224,(anonymous_18)
FN:235,(anonymous_19)
FN:243,(anonymous_20)
FN:253,(anonymous_21)
FN:265,(anonymous_22)
FN:282,(anonymous_23)
FN:284,(anonymous_24)
FN:296,(anonymous_25)
FN:305,(anonymous_26)
FN:307,(anonymous_27)
FN:309,(anonymous_28)
FN:319,(anonymous_29)
FN:321,(anonymous_30)
FN:331,(anonymous_31)
FN:336,(anonymous_32)
FN:359,(anonymous_33)
FN:368,(anonymous_34)
FN:397,(anonymous_35)
FN:400,(anonymous_36)
FN:409,(anonymous_37)
FN:421,(anonymous_38)
FN:426,(anonymous_39)
FN:432,(anonymous_40)
FN:438,(anonymous_41)
FN:447,(anonymous_42)
FN:453,(anonymous_43)
FN:465,(anonymous_44)
FN:481,(anonymous_45)
FN:482,(anonymous_46)
FN:491,(anonymous_47)
FN:500,(anonymous_48)
FN:503,(anonymous_49)
FN:509,(anonymous_50)
FN:518,(anonymous_51)
FN:526,(anonymous_52)
FN:533,(anonymous_53)
FN:537,(anonymous_54)
FN:570,(anonymous_55)
FN:591,(anonymous_56)
FN:608,(anonymous_57)
FN:619,(anonymous_58)
FN:638,(anonymous_59)
FN:647,(anonymous_60)
FN:652,(anonymous_61)
FN:669,(anonymous_62)
FN:677,(anonymous_63)
FN:684,(anonymous_64)
FN:695,(anonymous_65)
FN:696,(anonymous_66)
FN:704,(anonymous_67)
FN:713,(anonymous_68)
FN:747,(anonymous_69)
FN:766,(anonymous_70)
FN:774,(anonymous_71)
FN:782,(anonymous_72)
FN:804,(anonymous_73)
FN:815,(anonymous_74)
FN:831,(anonymous_75)
FN:849,(anonymous_76)
FN:864,(anonymous_77)
FN:886,(anonymous_78)
FN:892,(anonymous_79)
FN:900,(anonymous_80)
FN:909,(anonymous_81)
FN:911,(anonymous_82)
FN:912,(anonymous_83)
FN:913,(anonymous_84)
FN:914,(anonymous_85)
FN:918,(anonymous_86)
FN:924,(anonymous_87)
FN:931,(anonymous_88)
FN:940,(anonymous_89)
FN:983,(anonymous_90)
FN:1003,(anonymous_91)
FN:1021,(anonymous_92)
FN:1027,(anonymous_93)
FN:1037,(anonymous_94)
FN:1039,(anonymous_95)
FN:1053,(anonymous_96)
FN:1062,(anonymous_97)
FN:1078,(anonymous_98)
FN:1095,(anonymous_99)
FN:1123,(anonymous_100)
FN:1161,(anonymous_101)
FN:1235,(anonymous_102)
FN:1270,(anonymous_103)
FN:1271,(anonymous_104)
FN:1274,(anonymous_105)
FN:1304,(anonymous_106)
FN:1304,(anonymous_107)
FN:1313,(anonymous_108)
FN:1408,(anonymous_109)
FN:1452,(anonymous_110)
FN:1530,(anonymous_111)
FN:1535,(anonymous_112)
FN:1561,(anonymous_113)
FN:1564,(anonymous_114)
FN:1576,(anonymous_115)
FN:1582,(anonymous_116)
FN:1594,(anonymous_117)
FN:1603,(anonymous_118)
FN:1691,(anonymous_119)
FN:1704,(anonymous_120)
FN:1711,(anonymous_121)
FN:1719,(anonymous_122)
FN:1734,(anonymous_123)
FN:1748,(anonymous_124)
FN:1759,bootstrapYouTubeController
FNF:126
FNH:0
FNDA:0,(anonymous_0)
FNDA:0,debugLog
FNDA:0,(anonymous_2)
FNDA:0,(anonymous_3)
FNDA:0,(anonymous_4)
FNDA:0,(anonymous_5)
FNDA:0,(anonymous_6)
FNDA:0,(anonymous_7)
FNDA:0,(anonymous_8)
FNDA:0,(anonymous_9)
FNDA:0,(anonymous_10)
FNDA:0,(anonymous_11)
FNDA:0,(anonymous_12)
FNDA:0,(anonymous_13)
FNDA:0,(anonymous_14)
FNDA:0,(anonymous_15)
FNDA:0,(anonymous_16)
FNDA:0,(anonymous_17)
FNDA:0,(anonymous_18)
FNDA:0,(anonymous_19)
FNDA:0,(anonymous_20)
FNDA:0,(anonymous_21)
FNDA:0,(anonymous_22)
FNDA:0,(anonymous_23)
FNDA:0,(anonymous_24)
FNDA:0,(anonymous_25)
FNDA:0,(anonymous_26)
FNDA:0,(anonymous_27)
FNDA:0,(anonymous_28)
FNDA:0,(anonymous_29)
FNDA:0,(anonymous_30)
FNDA:0,(anonymous_31)
FNDA:0,(anonymous_32)
FNDA:0,(anonymous_33)
FNDA:0,(anonymous_34)
FNDA:0,(anonymous_35)
FNDA:0,(anonymous_36)
FNDA:0,(anonymous_37)
FNDA:0,(anonymous_38)
FNDA:0,(anonymous_39)
FNDA:0,(anonymous_40)
FNDA:0,(anonymous_41)
FNDA:0,(anonymous_42)
FNDA:0,(anonymous_43)
FNDA:0,(anonymous_44)
FNDA:0,(anonymous_45)
FNDA:0,(anonymous_46)
FNDA:0,(anonymous_47)
FNDA:0,(anonymous_48)
FNDA:0,(anonymous_49)
FNDA:0,(anonymous_50)
FNDA:0,(anonymous_51)
FNDA:0,(anonymous_52)
FNDA:0,(anonymous_53)
FNDA:0,(anonymous_54)
FNDA:0,(anonymous_55)
FNDA:0,(anonymous_56)
FNDA:0,(anonymous_57)
FNDA:0,(anonymous_58)
FNDA:0,(anonymous_59)
FNDA:0,(anonymous_60)
FNDA:0,(anonymous_61)
FNDA:0,(anonymous_62)
FNDA:0,(anonymous_63)
FNDA:0,(anonymous_64)
FNDA:0,(anonymous_65)
FNDA:0,(anonymous_66)
FNDA:0,(anonymous_67)
FNDA:0,(anonymous_68)
FNDA:0,(anonymous_69)
FNDA:0,(anonymous_70)
FNDA:0,(anonymous_71)
FNDA:0,(anonymous_72)
FNDA:0,(anonymous_73)
FNDA:0,(anonymous_74)
FNDA:0,(anonymous_75)
FNDA:0,(anonymous_76)
FNDA:0,(anonymous_77)
FNDA:0,(anonymous_78)
FNDA:0,(anonymous_79)
FNDA:0,(anonymous_80)
FNDA:0,(anonymous_81)
FNDA:0,(anonymous_82)
FNDA:0,(anonymous_83)
FNDA:0,(anonymous_84)
FNDA:0,(anonymous_85)
FNDA:0,(anonymous_86)
FNDA:0,(anonymous_87)
FNDA:0,(anonymous_88)
FNDA:0,(anonymous_89)
FNDA:0,(anonymous_90)
FNDA:0,(anonymous_91)
FNDA:0,(anonymous_92)
FNDA:0,(anonymous_93)
FNDA:0,(anonymous_94)
FNDA:0,(anonymous_95)
FNDA:0,(anonymous_96)
FNDA:0,(anonymous_97)
FNDA:0,(anonymous_98)
FNDA:0,(anonymous_99)
FNDA:0,(anonymous_100)
FNDA:0,(anonymous_101)
FNDA:0,(anonymous_102)
FNDA:0,(anonymous_103)
FNDA:0,(anonymous_104)
FNDA:0,(anonymous_105)
FNDA:0,(anonymous_106)
FNDA:0,(anonymous_107)
FNDA:0,(anonymous_108)
FNDA:0,(anonymous_109)
FNDA:0,(anonymous_110)
FNDA:0,(anonymous_111)
FNDA:0,(anonymous_112)
FNDA:0,(anonymous_113)
FNDA:0,(anonymous_114)
FNDA:0,(anonymous_115)
FNDA:0,(anonymous_116)
FNDA:0,(anonymous_117)
FNDA:0,(anonymous_118)
FNDA:0,(anonymous_119)
FNDA:0,(anonymous_120)
FNDA:0,(anonymous_121)
FNDA:0,(anonymous_122)
FNDA:0,(anonymous_123)
FNDA:0,(anonymous_124)
FNDA:0,bootstrapYouTubeController
DA:1,0
DA:2,0
DA:12,0
DA:17,0
DA:18,0
DA:19,0
DA:20,0
DA:21,0
DA:22,0
DA:23,0
DA:24,0
DA:25,0
DA:26,0
DA:27,0
DA:28,0
DA:29,0
DA:30,0
DA:31,0
DA:32,0
DA:33,0
DA:34,0
DA:35,0
DA:36,0
DA:37,0
DA:38,0
DA:39,0
DA:40,0
DA:41,0
DA:42,0
DA:47,0
DA:48,0
DA:50,0
DA:55,0
DA:57,0
DA:58,0
DA:59,0
DA:60,0
DA:62,0
DA:63,0
DA:64,0
DA:65,0
DA:68,0
DA:70,0
DA:71,0
DA:72,0
DA:75,0
DA:76,0
DA:77,0
DA:78,0
DA:84,0
DA:85,0
DA:87,0
DA:88,0
DA:89,0
DA:91,0
DA:92,0
DA:94,0
DA:95,0
DA:96,0
DA:98,0
DA:102,0
DA:103,0
DA:104,0
DA:106,0
DA:107,0
DA:108,0
DA:111,0
DA:112,0
DA:113,0
DA:114,0
DA:120,0
DA:122,0
DA:123,0
DA:124,0
DA:125,0
DA:126,0
DA:128,0
DA:131,0
DA:132,0
DA:133,0
DA:135,0
DA:136,0
DA:142,0
DA:144,0
DA:145,0
DA:146,0
DA:147,0
DA:148,0
DA:149,0
DA:150,0
DA:154,0
DA:155,0
DA:158,0
DA:159,0
DA:160,0
DA:161,0
DA:163,0
DA:166,0
DA:167,0
DA:168,0
DA:169,0
DA:177,0
DA:178,0
DA:179,0
DA:180,0
DA:181,0
DA:184,0
DA:185,0
DA:186,0
DA:187,0
DA:189,0
DA:190,0
DA:195,0
DA:196,0
DA:197,0
DA:200,0
DA:201,0
DA:202,0
DA:203,0
DA:204,0
DA:205,0
DA:206,0
DA:207,0
DA:212,0
DA:216,0
DA:217,0
DA:218,0
DA:219,0
DA:220,0
DA:221,0
DA:225,0
DA:232,0
DA:233,0
DA:234,0
DA:235,0
DA:236,0
DA:237,0
DA:238,0
DA:244,0
DA:247,0
DA:248,0
DA:249,0
DA:253,0
DA:254,0
DA:255,0
DA:256,0
DA:257,0
DA:261,0
DA:262,0
DA:266,0
DA:267,0
DA:270,0
DA:271,0
DA:273,0
DA:274,0
DA:275,0
DA:276,0
DA:277,0
DA:278,0
DA:279,0
DA:280,0
DA:282,0
DA:283,0
DA:284,0
DA:285,0
DA:286,0
DA:287,0
DA:292,0
DA:293,0
DA:297,0
DA:298,0
DA:299,0
DA:300,0
DA:301,0
DA:308,0
DA:309,0
DA:310,0
DA:311,0
DA:312,0
DA:313,0
DA:314,0
DA:320,0
DA:321,0
DA:322,0
DA:323,0
DA:324,0
DA:326,0
DA:327,0
DA:332,0
DA:333,0
DA:338,0
DA:339,0
DA:342,0
DA:343,0
DA:345,0
DA:346,0
DA:347,0
DA:351,0
DA:352,0
DA:353,0
DA:356,0
DA:360,0
DA:363,0
DA:364,0
DA:365,0
DA:368,0
DA:369,0
DA:371,0
DA:372,0
DA:374,0
DA:377,0
DA:378,0
DA:379,0
DA:380,0
DA:384,0
DA:385,0
DA:390,0
DA:394,0
DA:398,0
DA:399,0
DA:400,0
DA:401,0
DA:406,0
DA:410,0
DA:413,0
DA:414,0
DA:416,0
DA:417,0
DA:421,0
DA:422,0
DA:423,0
DA:427,0
DA:432,0
DA:433,0
DA:434,0
DA:439,0
DA:443,0
DA:444,0
DA:448,0
DA:449,0
DA:454,0
DA:455,0
DA:467,0
DA:468,0
DA:470,0
DA:473,0
DA:479,0
DA:480,0
DA:481,0
DA:482,0
DA:483,0
DA:484,0
DA:485,0
DA:491,0
DA:492,0
DA:493,0
DA:494,0
DA:495,0
DA:496,0
DA:497,0
DA:500,0
DA:503,0
DA:504,0
DA:505,0
DA:506,0
DA:508,0
DA:509,0
DA:510,0
DA:511,0
DA:512,0
DA:515,0
DA:516,0
DA:518,0
DA:519,0
DA:520,0
DA:522,0
DA:526,0
DA:527,0
DA:528,0
DA:538,0
DA:539,0
DA:540,0
DA:541,0
DA:567,0
DA:571,0
DA:574,0
DA:576,0
DA:577,0
DA:580,0
DA:581,0
DA:582,0
DA:583,0
DA:584,0
DA:585,0
DA:591,0
DA:592,0
DA:593,0
DA:594,0
DA:598,0
DA:599,0
DA:600,0
DA:601,0
DA:602,0
DA:603,0
DA:608,0
DA:609,0
DA:610,0
DA:611,0
DA:615,0
DA:616,0
DA:620,0
DA:621,0
DA:623,0
DA:624,0
DA:625,0
DA:626,0
DA:631,0
DA:633,0
DA:639,0
DA:640,0
DA:641,0
DA:644,0
DA:645,0
DA:646,0
DA:647,0
DA:653,0
DA:655,0
DA:656,0
DA:657,0
DA:658,0
DA:659,0
DA:661,0
DA:670,0
DA:671,0
DA:672,0
DA:673,0
DA:677,0
DA:678,0
DA:679,0
DA:680,0
DA:681,0
DA:682,0
DA:683,0
DA:684,0
DA:685,0
DA:686,0
DA:688,0
DA:691,0
DA:692,0
DA:694,0
DA:695,0
DA:696,0
DA:697,0
DA:698,0
DA:701,0
DA:702,0
DA:704,0
DA:705,0
DA:706,0
DA:707,0
DA:708,0
DA:709,0
DA:710,0
DA:711,0
DA:712,0
DA:713,0
DA:714,0
DA:715,0
DA:716,0
DA:717,0
DA:718,0
DA:719,0
DA:720,0
DA:726,0
DA:727,0
DA:728,0
DA:729,0
DA:730,0
DA:731,0
DA:732,0
DA:733,0
DA:734,0
DA:735,0
DA:736,0
DA:737,0
DA:738,0
DA:739,0
DA:741,0
DA:744,0
DA:748,0
DA:750,0
DA:751,0
DA:752,0
DA:754,0
DA:755,0
DA:757,0
DA:758,0
DA:759,0
DA:760,0
DA:762,0
DA:763,0
DA:766,0
DA:767,0
DA:770,0
DA:771,0
DA:775,0
DA:776,0
DA:777,0
DA:779,0
DA:783,0
DA:784,0
DA:785,0
DA:788,0
DA:789,0
DA:791,0
DA:792,0
DA:793,0
DA:794,0
DA:796,0
DA:797,0
DA:798,0
DA:800,0
DA:802,0
DA:804,0
DA:805,0
DA:806,0
DA:807,0
DA:808,0
DA:809,0
DA:810,0
DA:811,0
DA:812,0
DA:815,0
DA:816,0
DA:817,0
DA:818,0
DA:820,0
DA:821,0
DA:822,0
DA:823,0
DA:825,0
DA:826,0
DA:827,0
DA:828,0
DA:831,0
DA:832,0
DA:833,0
DA:835,0
DA:836,0
DA:837,0
DA:838,0
DA:840,0
DA:841,0
DA:842,0
DA:846,0
DA:849,0
DA:850,0
DA:851,0
DA:852,0
DA:853,0
DA:854,0
DA:858,0
DA:859,0
DA:860,0
DA:861,0
DA:865,0
DA:867,0
DA:868,0
DA:871,0
DA:872,0
DA:874,0
DA:875,0
DA:876,0
DA:877,0
DA:879,0
DA:880,0
DA:881,0
DA:882,0
DA:884,0
DA:886,0
DA:887,0
DA:888,0
DA:889,0
DA:891,0
DA:892,0
DA:893,0
DA:894,0
DA:895,0
DA:897,0
DA:900,0
DA:901,0
DA:904,0
DA:905,0
DA:910,0
DA:911,0
DA:912,0
DA:913,0
DA:914,0
DA:915,0
DA:919,0
DA:920,0
DA:921,0
DA:925,0
DA:932,0
DA:933,0
DA:934,0
DA:936,0
DA:937,0
DA:938,0
DA:940,0
DA:941,0
DA:942,0
DA:943,0
DA:946,0
DA:947,0
DA:948,0
DA:950,0
DA:951,0
DA:952,0
DA:953,0
DA:956,0
DA:958,0
DA:959,0
DA:960,0
DA:963,0
DA:964,0
DA:965,0
DA:966,0
DA:967,0
DA:968,0
DA:969,0
DA:971,0
DA:972,0
DA:973,0
DA:975,0
DA:976,0
DA:979,0
DA:980,0
DA:984,0
DA:986,0
DA:987,0
DA:988,0
DA:990,0
DA:991,0
DA:993,0
DA:994,0
DA:995,0
DA:1003,0
DA:1005,0
DA:1006,0
DA:1007,0
DA:1008,0
DA:1013,0
DA:1015,0
DA:1018,0
DA:1022,0
DA:1023,0
DA:1024,0
DA:1028,0
DA:1029,0
DA:1030,0
DA:1032,0
DA:1034,0
DA:1036,0
DA:1037,0
DA:1038,0
DA:1039,0
DA:1040,0
DA:1041,0
DA:1042,0
DA:1043,0
DA:1044,0
DA:1050,0
DA:1054,0
DA:1055,0
DA:1056,0
DA:1058,0
DA:1061,0
DA:1062,0
DA:1063,0
DA:1064,0
DA:1065,0
DA:1066,0
DA:1067,0
DA:1068,0
DA:1075,0
DA:1077,0
DA:1078,0
DA:1079,0
DA:1080,0
DA:1081,0
DA:1082,0
DA:1083,0
DA:1084,0
DA:1085,0
DA:1092,0
DA:1096,0
DA:1097,0
DA:1098,0
DA:1099,0
DA:1101,0
DA:1102,0
DA:1103,0
DA:1104,0
DA:1106,0
DA:1107,0
DA:1108,0
DA:1109,0
DA:1110,0
DA:1111,0
DA:1113,0
DA:1114,0
DA:1115,0
DA:1116,0
DA:1119,0
DA:1120,0
DA:1124,0
DA:1125,0
DA:1127,0
DA:1128,0
DA:1129,0
DA:1131,0
DA:1132,0
DA:1133,0
DA:1135,0
DA:1136,0
DA:1137,0
DA:1138,0
DA:1139,0
DA:1140,0
DA:1142,0
DA:1143,0
DA:1146,0
DA:1147,0
DA:1148,0
DA:1149,0
DA:1151,0
DA:1158,0
DA:1162,0
DA:1163,0
DA:1165,0
DA:1166,0
DA:1167,0
DA:1168,0
DA:1169,0
DA:1170,0
DA:1173,0
DA:1174,0
DA:1175,0
DA:1176,0
DA:1177,0
DA:1178,0
DA:1179,0
DA:1182,0
DA:1183,0
DA:1184,0
DA:1185,0
DA:1187,0
DA:1188,0
DA:1189,0
DA:1190,0
DA:1193,0
DA:1194,0
DA:1195,0
DA:1197,0
DA:1198,0
DA:1199,0
DA:1201,0
DA:1203,0
DA:1206,0
DA:1207,0
DA:1208,0
DA:1210,0
DA:1211,0
DA:1212,0
DA:1216,0
DA:1217,0
DA:1218,0
DA:1219,0
DA:1221,0
DA:1224,0
DA:1225,0
DA:1226,0
DA:1227,0
DA:1228,0
DA:1229,0
DA:1231,0
DA:1232,0
DA:1236,0
DA:1237,0
DA:1238,0
DA:1240,0
DA:1241,0
DA:1242,0
DA:1243,0
DA:1244,0
DA:1246,0
DA:1248,0
DA:1249,0
DA:1252,0
DA:1253,0
DA:1254,0
DA:1255,0
DA:1256,0
DA:1258,0
DA:1259,0
DA:1260,0
DA:1261,0
DA:1262,0
DA:1264,0
DA:1267,0
DA:1270,0
DA:1271,0
DA:1275,0
DA:1276,0
DA:1277,0
DA:1278,0
DA:1281,0
DA:1282,0
DA:1283,0
DA:1290,0
DA:1291,0
DA:1292,0
DA:1293,0
DA:1294,0
DA:1295,0
DA:1296,0
DA:1297,0
DA:1298,0
DA:1301,0
DA:1304,0
DA:1306,0
DA:1307,0
DA:1308,0
DA:1310,0
DA:1311,0
DA:1312,0
DA:1313,0
DA:1314,0
DA:1315,0
DA:1316,0
DA:1320,0
DA:1321,0
DA:1322,0
DA:1323,0
DA:1324,0
DA:1329,0
DA:1333,0
DA:1335,0
DA:1336,0
DA:1337,0
DA:1340,0
DA:1341,0
DA:1342,0
DA:1345,0
DA:1346,0
DA:1347,0
DA:1348,0
DA:1349,0
DA:1350,0
DA:1351,0
DA:1352,0
DA:1353,0
DA:1356,0
DA:1362,0
DA:1363,0
DA:1364,0
DA:1370,0
DA:1371,0
DA:1372,0
DA:1373,0
DA:1374,0
DA:1376,0
DA:1377,0
DA:1381,0
DA:1382,0
DA:1383,0
DA:1384,0
DA:1386,0
DA:1387,0
DA:1388,0
DA:1389,0
DA:1392,0
DA:1393,0
DA:1395,0
DA:1396,0
DA:1398,0
DA:1402,0
DA:1409,0
DA:1410,0
DA:1412,0
DA:1413,0
DA:1414,0
DA:1415,0
DA:1419,0
DA:1420,0
DA:1421,0
DA:1424,0
DA:1425,0
DA:1426,0
DA:1427,0
DA:1430,0
DA:1432,0
DA:1433,0
DA:1436,0
DA:1437,0
DA:1439,0
DA:1443,0
DA:1453,0
DA:1456,0
DA:1457,0
DA:1458,0
DA:1461,0
DA:1463,0
DA:1468,0
DA:1469,0
DA:1470,0
DA:1471,0
DA:1473,0
DA:1474,0
DA:1476,0
DA:1477,0
DA:1478,0
DA:1485,0
DA:1490,0
DA:1491,0
DA:1499,0
DA:1500,0
DA:1501,0
DA:1504,0
DA:1505,0
DA:1506,0
DA:1509,0
DA:1511,0
DA:1512,0
DA:1513,0
DA:1514,0
DA:1517,0
DA:1525,0
DA:1526,0
DA:1531,0
DA:1532,0
DA:1535,0
DA:1536,0
DA:1538,0
DA:1539,0
DA:1540,0
DA:1542,0
DA:1543,0
DA:1545,0
DA:1547,0
DA:1548,0
DA:1549,0
DA:1550,0
DA:1555,0
DA:1562,0
DA:1564,0
DA:1565,0
DA:1566,0
DA:1570,0
DA:1571,0
DA:1572,0
DA:1576,0
DA:1577,0
DA:1579,0
DA:1580,0
DA:1581,0
DA:1582,0
DA:1583,0
DA:1586,0
DA:1591,0
DA:1595,0
DA:1596,0
DA:1597,0
DA:1598,0
DA:1599,0
DA:1604,0
DA:1606,0
DA:1607,0
DA:1608,0
DA:1609,0
DA:1611,0
DA:1612,0
DA:1615,0
DA:1616,0
DA:1617,0
DA:1618,0
DA:1619,0
DA:1620,0
DA:1622,0
DA:1623,0
DA:1624,0
DA:1626,0
DA:1627,0
DA:1629,0
DA:1630,0
DA:1631,0
DA:1633,0
DA:1634,0
DA:1635,0
DA:1636,0
DA:1637,0
DA:1638,0
DA:1639,0
DA:1640,0
DA:1641,0
DA:1642,0
DA:1643,0
DA:1644,0
DA:1645,0
DA:1649,0
DA:1650,0
DA:1651,0
DA:1652,0
DA:1653,0
DA:1654,0
DA:1655,0
DA:1657,0
DA:1658,0
DA:1659,0
DA:1660,0
DA:1661,0
DA:1662,0
DA:1663,0
DA:1665,0
DA:1667,0
DA:1668,0
DA:1670,0
DA:1672,0
DA:1691,0
DA:1692,0
DA:1695,0
DA:1696,0
DA:1701,0
DA:1702,0
DA:1704,0
DA:1705,0
DA:1706,0
DA:1707,0
DA:1708,0
DA:1711,0
DA:1712,0
DA:1713,0
DA:1714,0
DA:1715,0
DA:1716,0
DA:1719,0
DA:1720,0
DA:1721,0
DA:1722,0
DA:1723,0
DA:1724,0
DA:1725,0
DA:1726,0
DA:1730,0
DA:1731,0
DA:1732,0
DA:1734,0
DA:1735,0
DA:1736,0
DA:1737,0
DA:1740,0
DA:1746,0
DA:1749,0
DA:1750,0
DA:1751,0
DA:1752,0
DA:1753,0
DA:1754,0
DA:1756,0
DA:1759,0
DA:1760,0
DA:1761,0
DA:1762,0
DA:1763,0
DA:1764,0
DA:1766,0
DA:1769,0
LF:978
LH:0
BRDA:12,0,0,0
BRDA:12,0,1,0
BRDA:57,1,0,0
BRDA:57,1,1,0
BRDA:58,2,0,0
BRDA:58,2,1,0
BRDA:59,3,0,0
BRDA:59,3,1,0
BRDA:60,4,0,0
BRDA:60,4,1,0
BRDA:68,5,0,0
BRDA:68,5,1,0
BRDA:70,6,0,0
BRDA:70,6,1,0
BRDA:76,7,0,0
BRDA:76,7,1,0
BRDA:76,8,0,0
BRDA:76,8,1,0
BRDA:94,9,0,0
BRDA:94,9,1,0
BRDA:102,10,0,0
BRDA:102,10,1,0
BRDA:102,11,0,0
BRDA:102,11,1,0
BRDA:106,12,0,0
BRDA:106,12,1,0
BRDA:106,13,0,0
BRDA:106,13,1,0
BRDA:113,14,0,0
BRDA:113,14,1,0
BRDA:126,15,0,0
BRDA:126,15,1,0
BRDA:142,16,0,0
BRDA:142,16,1,0
BRDA:145,17,0,0
BRDA:145,17,1,0
BRDA:147,18,0,0
BRDA:147,18,1,0
BRDA:159,19,0,0
BRDA:159,19,1,0
BRDA:169,20,0,0
BRDA:169,20,1,0
BRDA:178,21,0,0
BRDA:178,21,1,0
BRDA:178,22,0,0
BRDA:178,22,1,0
BRDA:184,23,0,0
BRDA:184,23,1,0
BRDA:190,24,0,0
BRDA:190,24,1,0
BRDA:200,25,0,0
BRDA:200,25,1,0
BRDA:202,26,0,0
BRDA:202,26,1,0
BRDA:204,27,0,0
BRDA:204,27,1,0
BRDA:236,28,0,0
BRDA:236,28,1,0
BRDA:244,29,0,0
BRDA:244,29,1,0
BRDA:247,30,0,0
BRDA:247,30,1,0
BRDA:254,31,0,0
BRDA:254,31,1,0
BRDA:255,32,0,0
BRDA:255,32,1,0
BRDA:266,33,0,0
BRDA:266,33,1,0
BRDA:266,34,0,0
BRDA:266,34,1,0
BRDA:271,35,0,0
BRDA:271,35,1,0
BRDA:283,36,0,0
BRDA:283,36,1,0
BRDA:285,37,0,0
BRDA:285,37,1,0
BRDA:285,38,0,0
BRDA:285,38,1,0
BRDA:299,39,0,0
BRDA:299,39,1,0
BRDA:300,40,0,0
BRDA:300,40,1,0
BRDA:300,40,2,0
BRDA:308,41,0,0
BRDA:308,41,1,0
BRDA:310,42,0,0
BRDA:310,42,1,0
BRDA:311,43,0,0
BRDA:311,43,1,0
BRDA:312,44,0,0
BRDA:312,44,1,0
BRDA:320,45,0,0
BRDA:320,45,1,0
BRDA:322,46,0,0
BRDA:322,46,1,0
BRDA:322,47,0,0
BRDA:322,47,1,0
BRDA:339,48,0,0
BRDA:339,48,1,0
BRDA:339,49,0,0
BRDA:339,49,1,0
BRDA:347,50,0,0
BRDA:347,50,1,0
BRDA:347,51,0,0
BRDA:347,51,1,0
BRDA:347,51,2,0
BRDA:353,52,0,0
BRDA:353,52,1,0
BRDA:356,53,0,0
BRDA:356,53,1,0
BRDA:356,53,2,0
BRDA:360,54,0,0
BRDA:360,54,1,0
BRDA:363,55,0,0
BRDA:363,55,1,0
BRDA:369,56,0,0
BRDA:369,56,1,0
BRDA:372,57,0,0
BRDA:372,57,1,0
BRDA:372,58,0,0
BRDA:372,58,1,0
BRDA:377,59,0,0
BRDA:377,59,1,0
BRDA:384,60,0,0
BRDA:384,60,1,0
BRDA:390,61,0,0
BRDA:390,61,1,0
BRDA:394,62,0,0
BRDA:394,62,1,0
BRDA:398,63,0,0
BRDA:398,63,1,0
BRDA:401,64,0,0
BRDA:401,64,1,0
BRDA:410,65,0,0
BRDA:410,65,1,0
BRDA:413,66,0,0
BRDA:413,66,1,0
BRDA:416,67,0,0
BRDA:416,67,1,0
BRDA:422,68,0,0
BRDA:422,68,1,0
BRDA:427,69,0,0
BRDA:427,69,1,0
BRDA:433,70,0,0
BRDA:433,70,1,0
BRDA:439,71,0,0
BRDA:439,71,1,0
BRDA:448,72,0,0
BRDA:448,72,1,0
BRDA:454,73,0,0
BRDA:454,73,1,0
BRDA:456,74,0,0
BRDA:456,74,1,0
BRDA:457,75,0,0
BRDA:457,75,1,0
BRDA:458,76,0,0
BRDA:458,76,1,0
BRDA:459,77,0,0
BRDA:459,77,1,0
BRDA:465,78,0,0
BRDA:468,79,0,0
BRDA:468,79,1,0
BRDA:470,80,0,0
BRDA:470,80,1,0
BRDA:470,81,0,0
BRDA:470,81,1,0
BRDA:480,82,0,0
BRDA:480,82,1,0
BRDA:483,83,0,0
BRDA:483,83,1,0
BRDA:504,84,0,0
BRDA:504,84,1,0
BRDA:511,85,0,0
BRDA:511,85,1,0
BRDA:511,86,0,0
BRDA:511,86,1,0
BRDA:538,87,0,0
BRDA:538,87,1,0
BRDA:571,88,0,0
BRDA:571,88,1,0
BRDA:574,89,0,0
BRDA:574,89,1,0
BRDA:577,90,0,0
BRDA:577,90,1,0
BRDA:620,91,0,0
BRDA:620,91,1,0
BRDA:639,92,0,0
BRDA:639,92,1,0
BRDA:645,93,0,0
BRDA:645,93,1,0
BRDA:658,94,0,0
BRDA:658,94,1,0
BRDA:658,95,0,0
BRDA:658,95,1,0
BRDA:658,95,2,0
BRDA:662,96,0,0
BRDA:662,96,1,0
BRDA:663,97,0,0
BRDA:663,97,1,0
BRDA:664,98,0,0
BRDA:664,98,1,0
BRDA:670,99,0,0
BRDA:670,99,1,0
BRDA:671,100,0,0
BRDA:671,100,1,0
BRDA:678,101,0,0
BRDA:678,101,1,0
BRDA:680,102,0,0
BRDA:680,102,1,0
BRDA:683,103,0,0
BRDA:683,103,1,0
BRDA:685,104,0,0
BRDA:685,104,1,0
BRDA:692,105,0,0
BRDA:692,105,1,0
BRDA:702,106,0,0
BRDA:702,106,1,0
BRDA:704,107,0,0
BRDA:704,107,1,0
BRDA:707,108,0,0
BRDA:707,108,1,0
BRDA:710,109,0,0
BRDA:710,109,1,0
BRDA:712,110,0,0
BRDA:712,110,1,0
BRDA:715,111,0,0
BRDA:715,111,1,0
BRDA:719,112,0,0
BRDA:719,112,1,0
BRDA:723,113,0,0
BRDA:723,113,1,0
BRDA:724,114,0,0
BRDA:724,114,1,0
BRDA:726,115,0,0
BRDA:726,115,1,0
BRDA:730,116,0,0
BRDA:730,116,1,0
BRDA:734,117,0,0
BRDA:734,117,1,0
BRDA:737,118,0,0
BRDA:737,118,1,0
BRDA:767,119,0,0
BRDA:767,119,1,0
BRDA:776,120,0,0
BRDA:776,120,1,0
BRDA:783,121,0,0
BRDA:783,121,1,0
BRDA:816,122,0,0
BRDA:816,122,1,0
BRDA:832,123,0,0
BRDA:832,123,1,0
BRDA:840,124,0,0
BRDA:840,124,1,0
BRDA:840,125,0,0
BRDA:840,125,1,0
BRDA:850,126,0,0
BRDA:850,126,1,0
BRDA:865,127,0,0
BRDA:865,127,1,0
BRDA:887,128,0,0
BRDA:887,128,1,0
BRDA:894,129,0,0
BRDA:894,129,1,0
BRDA:910,130,0,0
BRDA:910,130,1,0
BRDA:910,131,0,0
BRDA:910,131,1,0
BRDA:911,132,0,0
BRDA:911,132,1,0
BRDA:912,133,0,0
BRDA:912,133,1,0
BRDA:915,134,0,0
BRDA:915,134,1,0
BRDA:915,134,2,0
BRDA:915,134,3,0
BRDA:925,135,0,0
BRDA:925,135,1,0
BRDA:931,136,0,0
BRDA:933,137,0,0
BRDA:933,137,1,0
BRDA:934,138,0,0
BRDA:934,138,1,0
BRDA:936,139,0,0
BRDA:936,139,1,0
BRDA:942,140,0,0
BRDA:942,140,1,0
BRDA:948,141,0,0
BRDA:948,141,1,0
BRDA:950,142,0,0
BRDA:950,142,1,0
BRDA:951,143,0,0
BRDA:951,143,1,0
BRDA:958,144,0,0
BRDA:958,144,1,0
BRDA:966,145,0,0
BRDA:966,145,1,0
BRDA:967,146,0,0
BRDA:967,146,1,0
BRDA:972,147,0,0
BRDA:972,147,1,0
BRDA:976,148,0,0
BRDA:976,148,1,0
BRDA:986,149,0,0
BRDA:986,149,1,0
BRDA:988,150,0,0
BRDA:988,150,1,0
BRDA:990,151,0,0
BRDA:990,151,1,0
BRDA:991,152,0,0
BRDA:991,152,1,0
BRDA:1008,153,0,0
BRDA:1008,153,1,0
BRDA:1009,154,0,0
BRDA:1009,154,1,0
BRDA:1009,154,2,0
BRDA:1034,155,0,0
BRDA:1034,155,1,0
BRDA:1034,156,0,0
BRDA:1034,156,1,0
BRDA:1038,157,0,0
BRDA:1038,157,1,0
BRDA:1038,158,0,0
BRDA:1038,158,1,0
BRDA:1039,159,0,0
BRDA:1039,159,1,0
BRDA:1041,160,0,0
BRDA:1041,160,1,0
BRDA:1043,161,0,0
BRDA:1043,161,1,0
BRDA:1056,162,0,0
BRDA:1056,162,1,0
BRDA:1064,163,0,0
BRDA:1064,163,1,0
BRDA:1065,164,0,0
BRDA:1065,164,1,0
BRDA:1066,165,0,0
BRDA:1066,165,1,0
BRDA:1067,166,0,0
BRDA:1067,166,1,0
BRDA:1075,167,0,0
BRDA:1075,167,1,0
BRDA:1080,168,0,0
BRDA:1080,168,1,0
BRDA:1081,169,0,0
BRDA:1081,169,1,0
BRDA:1082,170,0,0
BRDA:1082,170,1,0
BRDA:1084,171,0,0
BRDA:1084,171,1,0
BRDA:1096,172,0,0
BRDA:1096,172,1,0
BRDA:1099,173,0,0
BRDA:1099,173,1,0
BRDA:1099,174,0,0
BRDA:1099,174,1,0
BRDA:1106,175,0,0
BRDA:1106,175,1,0
BRDA:1111,176,0,0
BRDA:1111,176,1,0
BRDA:1116,177,0,0
BRDA:1116,177,1,0
BRDA:1119,178,0,0
BRDA:1119,178,1,0
BRDA:1129,179,0,0
BRDA:1129,179,1,0
BRDA:1133,180,0,0
BRDA:1133,180,1,0
BRDA:1138,181,0,0
BRDA:1138,181,1,0
BRDA:1143,182,0,0
BRDA:1143,182,1,0
BRDA:1149,183,0,0
BRDA:1149,183,1,0
BRDA:1161,184,0,0
BRDA:1162,185,0,0
BRDA:1162,185,1,0
BRDA:1163,186,0,0
BRDA:1163,186,1,0
BRDA:1165,187,0,0
BRDA:1165,187,1,0
BRDA:1167,188,0,0
BRDA:1167,188,1,0
BRDA:1173,189,0,0
BRDA:1173,189,1,0
BRDA:1182,190,0,0
BRDA:1182,190,1,0
BRDA:1182,191,0,0
BRDA:1182,191,1,0
BRDA:1182,191,2,0
BRDA:1182,191,3,0
BRDA:1182,191,4,0
BRDA:1187,192,0,0
BRDA:1187,192,1,0
BRDA:1193,193,0,0
BRDA:1193,193,1,0
BRDA:1198,194,0,0
BRDA:1198,194,1,0
BRDA:1201,195,0,0
BRDA:1201,195,1,0
BRDA:1206,196,0,0
BRDA:1206,196,1,0
BRDA:1206,197,0,0
BRDA:1206,197,1,0
BRDA:1208,198,0,0
BRDA:1208,198,1,0
BRDA:1210,199,0,0
BRDA:1210,199,1,0
BRDA:1212,200,0,0
BRDA:1212,200,1,0
BRDA:1219,201,0,0
BRDA:1219,201,1,0
BRDA:1225,202,0,0
BRDA:1225,202,1,0
BRDA:1227,203,0,0
BRDA:1227,203,1,0
BRDA:1229,204,0,0
BRDA:1229,204,1,0
BRDA:1235,205,0,0
BRDA:1238,206,0,0
BRDA:1238,206,1,0
BRDA:1240,207,0,0
BRDA:1240,207,1,0
BRDA:1241,208,0,0
BRDA:1241,208,1,0
BRDA:1242,209,0,0
BRDA:1242,209,1,0
BRDA:1243,210,0,0
BRDA:1243,210,1,0
BRDA:1243,211,0,0
BRDA:1243,211,1,0
BRDA:1248,212,0,0
BRDA:1248,212,1,0
BRDA:1248,213,0,0
BRDA:1248,213,1,0
BRDA:1254,214,0,0
BRDA:1254,214,1,0
BRDA:1255,215,0,0
BRDA:1255,215,1,0
BRDA:1256,216,0,0
BRDA:1256,216,1,0
BRDA:1258,217,0,0
BRDA:1258,217,1,0
BRDA:1258,218,0,0
BRDA:1258,218,1,0
BRDA:1259,219,0,0
BRDA:1259,219,1,0
BRDA:1259,220,0,0
BRDA:1259,220,1,0
BRDA:1260,221,0,0
BRDA:1260,221,1,0
BRDA:1261,222,0,0
BRDA:1261,222,1,0
BRDA:1262,223,0,0
BRDA:1262,223,1,0
BRDA:1262,224,0,0
BRDA:1262,224,1,0
BRDA:1281,225,0,0
BRDA:1281,225,1,0
BRDA:1282,226,0,0
BRDA:1282,226,1,0
BRDA:1284,227,0,0
BRDA:1284,227,1,0
BRDA:1285,228,0,0
BRDA:1285,228,1,0
BRDA:1286,229,0,0
BRDA:1286,229,1,0
BRDA:1287,230,0,0
BRDA:1287,230,1,0
BRDA:1290,231,0,0
BRDA:1290,231,1,0
BRDA:1295,232,0,0
BRDA:1295,232,1,0
BRDA:1295,233,0,0
BRDA:1295,233,1,0
BRDA:1301,234,0,0
BRDA:1301,234,1,0
BRDA:1308,235,0,0
BRDA:1308,235,1,0
BRDA:1312,236,0,0
BRDA:1312,236,1,0
BRDA:1314,237,0,0
BRDA:1314,237,1,0
BRDA:1320,238,0,0
BRDA:1320,238,1,0
BRDA:1322,239,0,0
BRDA:1322,239,1,0
BRDA:1324,240,0,0
BRDA:1324,240,1,0
BRDA:1324,241,0,0
BRDA:1324,241,1,0
BRDA:1324,242,0,0
BRDA:1324,242,1,0
BRDA:1329,243,0,0
BRDA:1329,243,1,0
BRDA:1335,244,0,0
BRDA:1335,244,1,0
BRDA:1337,245,0,0
BRDA:1337,245,1,0
BRDA:1337,246,0,0
BRDA:1337,246,1,0
BRDA:1337,247,0,0
BRDA:1337,247,1,0
BRDA:1340,248,0,0
BRDA:1340,248,1,0
BRDA:1345,249,0,0
BRDA:1345,249,1,0
BRDA:1351,250,0,0
BRDA:1351,250,1,0
BRDA:1365,251,0,0
BRDA:1365,251,1,0
BRDA:1370,252,0,0
BRDA:1370,252,1,0
BRDA:1371,253,0,0
BRDA:1371,253,1,0
BRDA:1372,254,0,0
BRDA:1372,254,1,0
BRDA:1376,255,0,0
BRDA:1376,255,1,0
BRDA:1382,256,0,0
BRDA:1382,256,1,0
BRDA:1387,257,0,0
BRDA:1387,257,1,0
BRDA:1387,258,0,0
BRDA:1387,258,1,0
BRDA:1393,259,0,0
BRDA:1393,259,1,0
BRDA:1393,260,0,0
BRDA:1393,260,1,0
BRDA:1393,261,0,0
BRDA:1393,261,1,0
BRDA:1395,262,0,0
BRDA:1395,262,1,0
BRDA:1404,263,0,0
BRDA:1404,263,1,0
BRDA:1419,264,0,0
BRDA:1419,264,1,0
BRDA:1425,265,0,0
BRDA:1425,265,1,0
BRDA:1425,266,0,0
BRDA:1425,266,1,0
BRDA:1432,267,0,0
BRDA:1432,267,1,0
BRDA:1432,268,0,0
BRDA:1432,268,1,0
BRDA:1436,269,0,0
BRDA:1436,269,1,0
BRDA:1445,270,0,0
BRDA:1445,270,1,0
BRDA:1457,271,0,0
BRDA:1457,271,1,0
BRDA:1458,272,0,0
BRDA:1458,272,1,0
BRDA:1468,273,0,0
BRDA:1468,273,1,0
BRDA:1470,274,0,0
BRDA:1470,274,1,0
BRDA:1471,275,0,0
BRDA:1471,275,1,0
BRDA:1476,276,0,0
BRDA:1476,276,1,0
BRDA:1476,277,0,0
BRDA:1476,277,1,0
BRDA:1482,278,0,0
BRDA:1482,278,1,0
BRDA:1490,279,0,0
BRDA:1490,279,1,0
BRDA:1490,280,0,0
BRDA:1490,280,1,0
BRDA:1493,281,0,0
BRDA:1493,281,1,0
BRDA:1500,282,0,0
BRDA:1500,282,1,0
BRDA:1500,283,0,0
BRDA:1500,283,1,0
BRDA:1505,284,0,0
BRDA:1505,284,1,0
BRDA:1511,285,0,0
BRDA:1511,285,1,0
BRDA:1511,286,0,0
BRDA:1511,286,1,0
BRDA:1513,287,0,0
BRDA:1513,287,1,0
BRDA:1520,288,0,0
BRDA:1520,288,1,0
BRDA:1521,289,0,0
BRDA:1521,289,1,0
BRDA:1531,290,0,0
BRDA:1531,290,1,0
BRDA:1536,291,0,0
BRDA:1536,291,1,0
BRDA:1539,292,0,0
BRDA:1539,292,1,0
BRDA:1539,292,2,0
BRDA:1540,293,0,0
BRDA:1540,293,1,0
BRDA:1543,294,0,0
BRDA:1543,294,1,0
BRDA:1543,295,0,0
BRDA:1543,295,1,0
BRDA:1543,295,2,0
BRDA:1543,295,3,0
BRDA:1543,295,4,0
BRDA:1545,296,0,0
BRDA:1545,296,1,0
BRDA:1545,297,0,0
BRDA:1545,297,1,0
BRDA:1545,297,2,0
BRDA:1545,297,3,0
BRDA:1545,297,4,0
BRDA:1547,298,0,0
BRDA:1547,298,1,0
BRDA:1562,299,0,0
BRDA:1562,299,1,0
BRDA:1565,300,0,0
BRDA:1565,300,1,0
BRDA:1570,301,0,0
BRDA:1570,301,1,0
BRDA:1577,302,0,0
BRDA:1577,302,1,0
BRDA:1579,303,0,0
BRDA:1579,303,1,0
BRDA:1581,304,0,0
BRDA:1581,304,1,0
BRDA:1596,305,0,0
BRDA:1596,305,1,0
BRDA:1597,306,0,0
BRDA:1597,306,1,0
BRDA:1609,307,0,0
BRDA:1609,307,1,0
BRDA:1611,308,0,0
BRDA:1611,308,1,0
BRDA:1611,309,0,0
BRDA:1611,309,1,0
BRDA:1611,309,2,0
BRDA:1627,310,0,0
BRDA:1627,310,1,0
BRDA:1633,311,0,0
BRDA:1633,311,1,0
BRDA:1638,312,0,0
BRDA:1638,312,1,0
BRDA:1642,313,0,0
BRDA:1642,313,1,0
BRDA:1659,314,0,0
BRDA:1659,314,1,0
BRDA:1662,315,0,0
BRDA:1662,315,1,0
BRDA:1667,316,0,0
BRDA:1667,316,1,0
BRDA:1674,317,0,0
BRDA:1674,317,1,0
BRDA:1674,318,0,0
BRDA:1674,318,1,0
BRDA:1701,319,0,0
BRDA:1701,319,1,0
BRDA:1702,320,0,0
BRDA:1702,320,1,0
BRDA:1705,321,0,0
BRDA:1705,321,1,0
BRDA:1712,322,0,0
BRDA:1712,322,1,0
BRDA:1720,323,0,0
BRDA:1720,323,1,0
BRDA:1746,324,0,0
BRDA:1746,324,1,0
BRDA:1746,325,0,0
BRDA:1746,325,1,0
BRDA:1753,326,0,0
BRDA:1753,326,1,0
BRDA:1762,327,0,0
BRDA:1762,327,1,0
BRDA:1762,328,0,0
BRDA:1762,328,1,0
BRF:672
BRH:0
end_of_record
TN:
SF:content\page-bridge.js
FN:4,(anonymous_0)
FN:14,parseMaybeJson
FN:25,getCurrentVideoId
FN:34,rememberTimedtextUrl
FN:83,seedTimedtextUrlsFromPerformance
FN:94,getObservedTimedtextUrlsForCurrentVideo
FN:100,(anonymous_6)
FN:101,(anonymous_7)
FN:139,getPlayerResponseCandidates
FN:176,getResponseVideoId
FN:180,getBestPlayerResponse
FN:186,(anonymous_11)
FN:190,(anonymous_12)
FN:196,(anonymous_13)
FN:202,hookFetchAndXhr
FN:206,(anonymous_15)
FN:229,(anonymous_16)
FN:238,(anonymous_17)
FN:246,(anonymous_18)
FN:254,(anonymous_19)
FN:268,(anonymous_20)
FN:274,(anonymous_21)
FN:282,(anonymous_22)
FN:307,(anonymous_23)
FN:321,(anonymous_24)
FN:334,(anonymous_25)
FN:343,(anonymous_26)
FNF:27
FNH:0
FNDA:0,(anonymous_0)
FNDA:0,parseMaybeJson
FNDA:0,getCurrentVideoId
FNDA:0,rememberTimedtextUrl
FNDA:0,seedTimedtextUrlsFromPerformance
FNDA:0,getObservedTimedtextUrlsForCurrentVideo
FNDA:0,(anonymous_6)
FNDA:0,(anonymous_7)
FNDA:0,getPlayerResponseCandidates
FNDA:0,getResponseVideoId
FNDA:0,getBestPlayerResponse
FNDA:0,(anonymous_11)
FNDA:0,(anonymous_12)
FNDA:0,(anonymous_13)
FNDA:0,hookFetchAndXhr
FNDA:0,(anonymous_15)
FNDA:0,(anonymous_16)
FNDA:0,(anonymous_17)
FNDA:0,(anonymous_18)
FNDA:0,(anonymous_19)
FNDA:0,(anonymous_20)
FNDA:0,(anonymous_21)
FNDA:0,(anonymous_22)
FNDA:0,(anonymous_23)
FNDA:0,(anonymous_24)
FNDA:0,(anonymous_25)
FNDA:0,(anonymous_26)
DA:4,0
DA:5,0
DA:6,0
DA:7,0
DA:9,0
DA:11,0
DA:12,0
DA:15,0
DA:16,0
DA:17,0
DA:18,0
DA:19,0
DA:21,0
DA:26,0
DA:27,0
DA:29,0
DA:35,0
DA:36,0
DA:37,0
DA:38,0
DA:39,0
DA:40,0
DA:43,0
DA:44,0
DA:45,0
DA:46,0
DA:49,0
DA:50,0
DA:51,0
DA:52,0
DA:55,0
DA:57,0
DA:67,0
DA:68,0
DA:69,0
DA:70,0
DA:71,0
DA:72,0
DA:73,0
DA:76,0
DA:79,0
DA:84,0
DA:85,0
DA:86,0
DA:87,0
DA:90,0
DA:95,0
DA:96,0
DA:99,0
DA:100,0
DA:101,0
DA:108,0
DA:110,0
DA:111,0
DA:112,0
DA:113,0
DA:114,0
DA:115,0
DA:116,0
DA:117,0
DA:118,0
DA:119,0
DA:122,0
DA:123,0
DA:124,0
DA:125,0
DA:126,0
DA:130,0
DA:135,0
DA:136,0
DA:140,0
DA:142,0
DA:143,0
DA:144,0
DA:146,0
DA:149,0
DA:150,0
DA:151,0
DA:152,0
DA:155,0
DA:158,0
DA:159,0
DA:160,0
DA:162,0
DA:165,0
DA:166,0
DA:167,0
DA:170,0
DA:173,0
DA:177,0
DA:181,0
DA:182,0
DA:183,0
DA:185,0
DA:186,0
DA:187,0
DA:190,0
DA:191,0
DA:192,0
DA:194,0
DA:196,0
DA:197,0
DA:199,0
DA:203,0
DA:204,0
DA:205,0
DA:206,0
DA:207,0
DA:208,0
DA:209,0
DA:210,0
DA:212,0
DA:213,0
DA:214,0
DA:215,0
DA:216,0
DA:219,0
DA:220,0
DA:221,0
DA:222,0
DA:226,0
DA:228,0
DA:229,0
DA:230,0
DA:232,0
DA:235,0
DA:236,0
DA:237,0
DA:238,0
DA:239,0
DA:240,0
DA:241,0
DA:242,0
DA:243,0
DA:247,0
DA:251,0
DA:255,0
DA:257,0
DA:261,0
DA:264,0
DA:265,0
DA:266,0
DA:268,0
DA:269,0
DA:270,0
DA:271,0
DA:274,0
DA:275,0
DA:276,0
DA:277,0
DA:278,0
DA:280,0
DA:282,0
DA:283,0
DA:284,0
DA:286,0
DA:287,0
DA:288,0
DA:289,0
DA:290,0
DA:291,0
DA:292,0
DA:293,0
DA:298,0
DA:301,0
DA:304,0
DA:305,0
DA:307,0
DA:308,0
DA:309,0
DA:310,0
DA:311,0
DA:312,0
DA:313,0
DA:318,0
DA:321,0
DA:322,0
DA:323,0
DA:328,0
DA:332,0
DA:334,0
DA:335,0
DA:336,0
DA:338,0
DA:344,0
DA:345,0
DA:346,0
DA:347,0
DA:349,0
DA:354,0
LF:190
LH:0
BRDA:6,0,0,0
BRDA:6,0,1,0
BRDA:15,1,0,0
BRDA:15,1,1,0
BRDA:16,2,0,0
BRDA:16,2,1,0
BRDA:17,3,0,0
BRDA:17,3,1,0
BRDA:34,4,0,0
BRDA:34,5,0,0
BRDA:35,6,0,0
BRDA:35,6,1,0
BRDA:40,7,0,0
BRDA:40,7,1,0
BRDA:40,8,0,0
BRDA:40,8,1,0
BRDA:44,9,0,0
BRDA:44,9,1,0
BRDA:44,10,0,0
BRDA:44,10,1,0
BRDA:49,11,0,0
BRDA:49,11,1,0
BRDA:49,11,2,0
BRDA:55,12,0,0
BRDA:55,12,1,0
BRDA:58,13,0,0
BRDA:58,13,1,0
BRDA:59,14,0,0
BRDA:59,14,1,0
BRDA:60,15,0,0
BRDA:60,15,1,0
BRDA:61,16,0,0
BRDA:61,16,1,0
BRDA:61,17,0,0
BRDA:61,17,1,0
BRDA:62,18,0,0
BRDA:62,18,1,0
BRDA:62,18,2,0
BRDA:63,19,0,0
BRDA:63,19,1,0
BRDA:67,20,0,0
BRDA:67,20,1,0
BRDA:71,21,0,0
BRDA:71,21,1,0
BRDA:76,22,0,0
BRDA:76,22,1,0
BRDA:87,23,0,0
BRDA:87,23,1,0
BRDA:103,24,0,0
BRDA:103,24,1,0
BRDA:104,25,0,0
BRDA:104,25,1,0
BRDA:105,26,0,0
BRDA:105,26,1,0
BRDA:108,27,0,0
BRDA:108,27,1,0
BRDA:117,28,0,0
BRDA:117,28,1,0
BRDA:122,29,0,0
BRDA:122,29,1,0
BRDA:124,30,0,0
BRDA:124,30,1,0
BRDA:125,31,0,0
BRDA:125,31,1,0
BRDA:125,32,0,0
BRDA:125,32,1,0
BRDA:135,33,0,0
BRDA:135,33,1,0
BRDA:144,34,0,0
BRDA:144,34,1,0
BRDA:150,35,0,0
BRDA:150,35,1,0
BRDA:152,36,0,0
BRDA:152,36,1,0
BRDA:160,37,0,0
BRDA:160,37,1,0
BRDA:166,38,0,0
BRDA:166,38,1,0
BRDA:177,39,0,0
BRDA:177,39,1,0
BRDA:183,40,0,0
BRDA:183,40,1,0
BRDA:185,41,0,0
BRDA:185,41,1,0
BRDA:187,42,0,0
BRDA:187,42,1,0
BRDA:192,43,0,0
BRDA:192,43,1,0
BRDA:194,44,0,0
BRDA:194,44,1,0
BRDA:197,45,0,0
BRDA:197,45,1,0
BRDA:204,46,0,0
BRDA:204,46,1,0
BRDA:212,47,0,0
BRDA:212,47,1,0
BRDA:214,48,0,0
BRDA:214,48,1,0
BRDA:214,49,0,0
BRDA:214,49,1,0
BRDA:216,50,0,0
BRDA:216,50,1,0
BRDA:219,51,0,0
BRDA:219,51,1,0
BRDA:220,52,0,0
BRDA:220,52,1,0
BRDA:221,53,0,0
BRDA:221,53,1,0
BRDA:221,54,0,0
BRDA:221,54,1,0
BRDA:226,55,0,0
BRDA:226,55,1,0
BRDA:230,56,0,0
BRDA:230,56,1,0
BRDA:232,57,0,0
BRDA:232,57,1,0
BRDA:235,58,0,0
BRDA:235,58,1,0
BRDA:235,58,2,0
BRDA:236,59,0,0
BRDA:236,59,1,0
BRDA:236,60,0,0
BRDA:236,60,1,0
BRDA:239,61,0,0
BRDA:239,61,1,0
BRDA:239,62,0,0
BRDA:239,62,1,0
BRDA:241,63,0,0
BRDA:241,63,1,0
BRDA:276,64,0,0
BRDA:276,64,1,0
BRDA:277,65,0,0
BRDA:277,65,1,0
BRDA:280,66,0,0
BRDA:280,66,1,0
BRDA:283,67,0,0
BRDA:283,67,1,0
BRDA:284,68,0,0
BRDA:284,68,1,0
BRDA:286,69,0,0
BRDA:286,69,1,0
BRDA:286,69,2,0
BRDA:287,70,0,0
BRDA:287,70,1,0
BRDA:287,71,0,0
BRDA:287,71,1,0
BRDA:289,72,0,0
BRDA:289,72,1,0
BRDA:289,73,0,0
BRDA:289,73,1,0
BRDA:291,74,0,0
BRDA:291,74,1,0
BRDA:305,75,0,0
BRDA:305,75,1,0
BRDA:310,76,0,0
BRDA:310,76,1,0
BRDA:310,77,0,0
BRDA:310,77,1,0
BRDA:310,77,2,0
BRDA:312,78,0,0
BRDA:312,78,1,0
BRDA:344,79,0,0
BRDA:344,79,1,0
BRDA:345,80,0,0
BRDA:345,80,1,0
BRF:165
BRH:0
end_of_record
TN:
SF:sidepanel\editor.js
FN:23,(anonymous_0)
FN:30,(anonymous_1)
FN:39,initEditor
FN:48,(anonymous_3)
FN:55,(anonymous_4)
FN:70,(anonymous_5)
FN:81,setupInteractions
FN:84,(anonymous_7)
FN:93,(anonymous_8)
FN:106,(anonymous_9)
FN:122,(anonymous_10)
FN:147,(anonymous_11)
FN:176,(anonymous_12)
FN:242,(anonymous_13)
FN:243,(anonymous_14)
FN:244,(anonymous_15)
FN:250,(anonymous_16)
FN:251,(anonymous_17)
FN:252,(anonymous_18)
FN:264,(anonymous_19)
FN:273,(anonymous_20)
FN:281,(anonymous_21)
FN:283,(anonymous_22)
FN:297,(anonymous_23)
FN:303,handleViewportResize
FN:306,(anonymous_25)
FN:312,applyCanvasViewportFit
FN:332,(anonymous_27)
FN:341,updateStatusText
FN:353,drawShape
FN:377,drawArrow
FN:396,redrawAll
FN:401,(anonymous_32)
FN:429,undo
FN:436,redo
FN:444,saveToHistory
FN:450,updateHistoryButtons
FN:456,(anonymous_37)
FN:490,showConfirm
FN:491,(anonymous_39)
FN:504,(anonymous_40)
FN:511,(anonymous_41)
FN:512,(anonymous_42)
FN:516,showAlert
FN:517,(anonymous_44)
FN:531,(anonymous_45)
FN:543,(anonymous_46)
FNF:47
FNH:0
FNDA:0,(anonymous_0)
FNDA:0,(anonymous_1)
FNDA:0,initEditor
FNDA:0,(anonymous_3)
FNDA:0,(anonymous_4)
FNDA:0,(anonymous_5)
FNDA:0,setupInteractions
FNDA:0,(anonymous_7)
FNDA:0,(anonymous_8)
FNDA:0,(anonymous_9)
FNDA:0,(anonymous_10)
FNDA:0,(anonymous_11)
FNDA:0,(anonymous_12)
FNDA:0,(anonymous_13)
FNDA:0,(anonymous_14)
FNDA:0,(anonymous_15)
FNDA:0,(anonymous_16)
FNDA:0,(anonymous_17)
FNDA:0,(anonymous_18)
FNDA:0,(anonymous_19)
FNDA:0,(anonymous_20)
FNDA:0,(anonymous_21)
FNDA:0,(anonymous_22)
FNDA:0,(anonymous_23)
FNDA:0,handleViewportResize
FNDA:0,(anonymous_25)
FNDA:0,applyCanvasViewportFit
FNDA:0,(anonymous_27)
FNDA:0,updateStatusText
FNDA:0,drawShape
FNDA:0,drawArrow
FNDA:0,redrawAll
FNDA:0,(anonymous_32)
FNDA:0,undo
FNDA:0,redo
FNDA:0,saveToHistory
FNDA:0,updateHistoryButtons
FNDA:0,(anonymous_37)
FNDA:0,showConfirm
FNDA:0,(anonymous_39)
FNDA:0,(anonymous_40)
FNDA:0,(anonymous_41)
FNDA:0,(anonymous_42)
FNDA:0,showAlert
FNDA:0,(anonymous_44)
FNDA:0,(anonymous_45)
FNDA:0,(anonymous_46)
DA:6,0
DA:7,0
DA:8,0
DA:9,0
DA:10,0
DA:11,0
DA:12,0
DA:13,0
DA:14,0
DA:15,0
DA:16,0
DA:19,0
DA:20,0
DA:21,0
DA:23,0
DA:24,0
DA:25,0
DA:26,0
DA:28,0
DA:30,0
DA:31,0
DA:32,0
DA:33,0
DA:34,0
DA:35,0
DA:40,0
DA:41,0
DA:42,0
DA:44,0
DA:45,0
DA:46,0
DA:48,0
DA:49,0
DA:50,0
DA:51,0
DA:52,0
DA:55,0
DA:56,0
DA:57,0
DA:61,0
DA:62,0
DA:63,0
DA:64,0
DA:67,0
DA:70,0
DA:71,0
DA:72,0
DA:75,0
DA:76,0
DA:78,0
DA:82,0
DA:84,0
DA:85,0
DA:86,0
DA:87,0
DA:88,0
DA:89,0
DA:90,0
DA:93,0
DA:94,0
DA:95,0
DA:96,0
DA:97,0
DA:98,0
DA:99,0
DA:106,0
DA:107,0
DA:108,0
DA:109,0
DA:110,0
DA:111,0
DA:113,0
DA:114,0
DA:116,0
DA:117,0
DA:118,0
DA:122,0
DA:123,0
DA:124,0
DA:126,0
DA:127,0
DA:129,0
DA:131,0
DA:132,0
DA:133,0
DA:134,0
DA:136,0
DA:137,0
DA:139,0
DA:140,0
DA:141,0
DA:142,0
DA:144,0
DA:147,0
DA:148,0
DA:150,0
DA:151,0
DA:153,0
DA:154,0
DA:158,0
DA:159,0
DA:160,0
DA:162,0
DA:163,0
DA:165,0
DA:166,0
DA:167,0
DA:171,0
DA:172,0
DA:176,0
DA:177,0
DA:178,0
DA:179,0
DA:181,0
DA:185,0
DA:187,0
DA:196,0
DA:206,0
DA:207,0
DA:208,0
DA:209,0
DA:211,0
DA:212,0
DA:213,0
DA:214,0
DA:215,0
DA:216,0
DA:217,0
DA:218,0
DA:219,0
DA:223,0
DA:224,0
DA:225,0
DA:228,0
DA:231,0
DA:234,0
DA:235,0
DA:238,0
DA:239,0
DA:242,0
DA:243,0
DA:244,0
DA:245,0
DA:246,0
DA:250,0
DA:251,0
DA:252,0
DA:253,0
DA:254,0
DA:256,0
DA:257,0
DA:262,0
DA:263,0
DA:264,0
DA:265,0
DA:266,0
DA:270,0
DA:271,0
DA:273,0
DA:274,0
DA:275,0
DA:276,0
DA:277,0
DA:281,0
DA:283,0
DA:285,0
DA:286,0
DA:287,0
DA:288,0
DA:290,0
DA:291,0
DA:293,0
DA:297,0
DA:300,0
DA:304,0
DA:305,0
DA:306,0
DA:307,0
DA:308,0
DA:313,0
DA:314,0
DA:315,0
DA:317,0
DA:318,0
DA:319,0
DA:321,0
DA:322,0
DA:323,0
DA:324,0
DA:326,0
DA:327,0
DA:329,0
DA:330,0
DA:332,0
DA:333,0
DA:334,0
DA:335,0
DA:338,0
DA:342,0
DA:343,0
DA:345,0
DA:349,0
DA:354,0
DA:355,0
DA:356,0
DA:358,0
DA:359,0
DA:360,0
DA:361,0
DA:363,0
DA:364,0
DA:365,0
DA:366,0
DA:367,0
DA:368,0
DA:369,0
DA:370,0
DA:371,0
DA:372,0
DA:373,0
DA:378,0
DA:379,0
DA:380,0
DA:381,0
DA:382,0
DA:385,0
DA:386,0
DA:387,0
DA:388,0
DA:389,0
DA:390,0
DA:398,0
DA:401,0
DA:402,0
DA:403,0
DA:404,0
DA:406,0
DA:408,0
DA:409,0
DA:410,0
DA:413,0
DA:414,0
DA:415,0
DA:416,0
DA:418,0
DA:420,0
DA:422,0
DA:426,0
DA:430,0
DA:431,0
DA:432,0
DA:433,0
DA:437,0
DA:438,0
DA:439,0
DA:440,0
DA:447,0
DA:451,0
DA:452,0
DA:456,0
DA:457,0
DA:458,0
DA:460,0
DA:461,0
DA:462,0
DA:463,0
DA:464,0
DA:467,0
DA:468,0
DA:469,0
DA:470,0
DA:471,0
DA:474,0
DA:475,0
DA:476,0
DA:477,0
DA:480,0
DA:481,0
DA:482,0
DA:486,0
DA:487,0
DA:491,0
DA:492,0
DA:493,0
DA:494,0
DA:495,0
DA:496,0
DA:497,0
DA:499,0
DA:500,0
DA:501,0
DA:502,0
DA:504,0
DA:505,0
DA:506,0
DA:507,0
DA:508,0
DA:511,0
DA:512,0
DA:517,0
DA:518,0
DA:519,0
DA:520,0
DA:521,0
DA:522,0
DA:523,0
DA:525,0
DA:526,0
DA:527,0
DA:528,0
DA:529,0
DA:531,0
DA:532,0
DA:533,0
DA:534,0
DA:535,0
DA:538,0
DA:543,0
DA:544,0
DA:545,0
DA:546,0
LF:321
LH:0
BRDA:28,0,0,0
BRDA:28,0,1,0
BRDA:32,1,0,0
BRDA:32,1,1,0
BRDA:32,2,0,0
BRDA:32,2,1,0
BRDA:33,3,0,0
BRDA:33,3,1,0
BRDA:102,4,0,0
BRDA:102,4,1,0
BRDA:102,5,0,0
BRDA:102,5,1,0
BRDA:116,6,0,0
BRDA:116,6,1,0
BRDA:116,7,0,0
BRDA:116,7,1,0
BRDA:123,8,0,0
BRDA:123,8,1,0
BRDA:126,9,0,0
BRDA:126,9,1,0
BRDA:126,10,0,0
BRDA:126,10,1,0
BRDA:129,11,0,0
BRDA:129,11,1,0
BRDA:132,12,0,0
BRDA:132,12,1,0
BRDA:133,13,0,0
BRDA:133,13,1,0
BRDA:148,14,0,0
BRDA:148,14,1,0
BRDA:150,15,0,0
BRDA:150,15,1,0
BRDA:177,16,0,0
BRDA:177,16,1,0
BRDA:185,17,0,0
BRDA:185,17,1,0
BRDA:185,18,0,0
BRDA:185,18,1,0
BRDA:192,19,0,0
BRDA:192,19,1,0
BRDA:206,20,0,0
BRDA:206,20,1,0
BRDA:206,21,0,0
BRDA:206,21,1,0
BRDA:209,22,0,0
BRDA:209,22,1,0
BRDA:224,23,0,0
BRDA:224,23,1,0
BRDA:256,24,0,0
BRDA:256,24,1,0
BRDA:275,25,0,0
BRDA:275,25,1,0
BRDA:304,26,0,0
BRDA:304,26,1,0
BRDA:304,27,0,0
BRDA:304,27,1,0
BRDA:305,28,0,0
BRDA:305,28,1,0
BRDA:315,29,0,0
BRDA:315,29,1,0
BRDA:315,30,0,0
BRDA:315,30,1,0
BRDA:315,30,2,0
BRDA:315,30,3,0
BRDA:318,31,0,0
BRDA:318,31,1,0
BRDA:318,32,0,0
BRDA:318,32,1,0
BRDA:319,33,0,0
BRDA:319,33,1,0
BRDA:319,34,0,0
BRDA:319,34,1,0
BRDA:324,35,0,0
BRDA:324,35,1,0
BRDA:324,36,0,0
BRDA:324,36,1,0
BRDA:333,37,0,0
BRDA:333,37,1,0
BRDA:343,38,0,0
BRDA:343,38,1,0
BRDA:345,39,0,0
BRDA:345,39,1,0
BRDA:345,40,0,0
BRDA:345,40,1,0
BRDA:363,41,0,0
BRDA:363,41,1,0
BRDA:365,42,0,0
BRDA:365,42,1,0
BRDA:372,43,0,0
BRDA:372,43,1,0
BRDA:402,44,0,0
BRDA:402,44,1,0
BRDA:406,45,0,0
BRDA:406,45,1,0
BRDA:406,46,0,0
BRDA:406,46,1,0
BRDA:408,47,0,0
BRDA:408,47,1,0
BRDA:408,48,0,0
BRDA:408,48,1,0
BRDA:420,49,0,0
BRDA:420,49,1,0
BRDA:430,50,0,0
BRDA:430,50,1,0
BRDA:437,51,0,0
BRDA:437,51,1,0
BRDA:457,52,0,0
BRDA:457,52,1,0
BRDA:458,53,0,0
BRDA:458,53,1,0
BRDA:460,54,0,0
BRDA:460,54,1,0
BRDA:460,55,0,0
BRDA:460,55,1,0
BRDA:463,56,0,0
BRDA:463,56,1,0
BRDA:467,57,0,0
BRDA:467,57,1,0
BRDA:470,58,0,0
BRDA:470,58,1,0
BRDA:474,59,0,0
BRDA:474,59,1,0
BRDA:474,60,0,0
BRDA:474,60,1,0
BRDA:474,60,2,0
BRDA:480,61,0,0
BRDA:480,61,1,0
BRDA:480,62,0,0
BRDA:480,62,1,0
BRDA:480,62,2,0
BRDA:480,62,3,0
BRDA:480,62,4,0
BRDA:544,63,0,0
BRDA:544,63,1,0
BRDA:545,64,0,0
BRDA:545,64,1,0
BRDA:546,65,0,0
BRDA:546,65,1,0
BRF:138
BRH:0
end_of_record
TN:
SF:sidepanel\file-system.js
FN:11,(anonymous_0)
FN:19,(anonymous_1)
FN:32,(anonymous_2)
FN:33,(anonymous_3)
FN:36,(anonymous_4)
FN:43,(anonymous_5)
FN:48,(anonymous_6)
FN:52,(anonymous_7)
FN:53,(anonymous_8)
FN:57,(anonymous_9)
FN:62,(anonymous_10)
FN:66,(anonymous_11)
FN:67,(anonymous_12)
FN:76,(anonymous_13)
FN:80,(anonymous_14)
FN:84,(anonymous_15)
FN:88,(anonymous_16)
FN:95,(anonymous_17)
FN:96,(anonymous_18)
FN:100,(anonymous_19)
FN:104,(anonymous_20)
FN:108,(anonymous_21)
FN:155,(anonymous_22)
FN:179,(anonymous_23)
FN:232,(anonymous_24)
FN:265,(anonymous_25)
FN:277,(anonymous_26)
FN:331,(anonymous_27)
FN:340,(anonymous_28)
FN:391,(anonymous_29)
FN:412,(anonymous_30)
FN:452,(anonymous_31)
FN:546,(anonymous_32)
FN:563,(anonymous_33)
FN:574,(anonymous_34)
FNF:35
FNH:0
FNDA:0,(anonymous_0)
FNDA:0,(anonymous_1)
FNDA:0,(anonymous_2)
FNDA:0,(anonymous_3)
FNDA:0,(anonymous_4)
FNDA:0,(anonymous_5)
FNDA:0,(anonymous_6)
FNDA:0,(anonymous_7)
FNDA:0,(anonymous_8)
FNDA:0,(anonymous_9)
FNDA:0,(anonymous_10)
FNDA:0,(anonymous_11)
FNDA:0,(anonymous_12)
FNDA:0,(anonymous_13)
FNDA:0,(anonymous_14)
FNDA:0,(anonymous_15)
FNDA:0,(anonymous_16)
FNDA:0,(anonymous_17)
FNDA:0,(anonymous_18)
FNDA:0,(anonymous_19)
FNDA:0,(anonymous_20)
FNDA:0,(anonymous_21)
FNDA:0,(anonymous_22)
FNDA:0,(anonymous_23)
FNDA:0,(anonymous_24)
FNDA:0,(anonymous_25)
FNDA:0,(anonymous_26)
FNDA:0,(anonymous_27)
FNDA:0,(anonymous_28)
FNDA:0,(anonymous_29)
FNDA:0,(anonymous_30)
FNDA:0,(anonymous_31)
FNDA:0,(anonymous_32)
FNDA:0,(anonymous_33)
FNDA:0,(anonymous_34)
DA:3,0
DA:12,0
DA:13,0
DA:15,0
DA:20,0
DA:33,0
DA:34,0
DA:36,0
DA:37,0
DA:38,0
DA:39,0
DA:43,0
DA:44,0
DA:45,0
DA:48,0
DA:53,0
DA:54,0
DA:55,0
DA:56,0
DA:57,0
DA:58,0
DA:59,0
DA:60,0
DA:62,0
DA:67,0
DA:68,0
DA:69,0
DA:70,0
DA:71,0
DA:73,0
DA:74,0
DA:76,0
DA:77,0
DA:78,0
DA:80,0
DA:81,0
DA:82,0
DA:84,0
DA:85,0
DA:86,0
DA:88,0
DA:89,0
DA:90,0
DA:96,0
DA:97,0
DA:98,0
DA:99,0
DA:100,0
DA:101,0
DA:102,0
DA:104,0
DA:109,0
DA:111,0
DA:112,0
DA:113,0
DA:117,0
DA:118,0
DA:119,0
DA:120,0
DA:123,0
DA:124,0
DA:125,0
DA:127,0
DA:131,0
DA:134,0
DA:135,0
DA:136,0
DA:137,0
DA:138,0
DA:141,0
DA:142,0
DA:144,0
DA:145,0
DA:147,0
DA:152,0
DA:156,0
DA:157,0
DA:159,0
DA:162,0
DA:163,0
DA:164,0
DA:165,0
DA:166,0
DA:170,0
DA:171,0
DA:172,0
DA:173,0
DA:176,0
DA:181,0
DA:183,0
DA:184,0
DA:185,0
DA:187,0
DA:189,0
DA:192,0
DA:193,0
DA:196,0
DA:197,0
DA:199,0
DA:200,0
DA:204,0
DA:205,0
DA:206,0
DA:207,0
DA:210,0
DA:211,0
DA:213,0
DA:216,0
DA:217,0
DA:218,0
DA:219,0
DA:223,0
DA:224,0
DA:225,0
DA:233,0
DA:236,0
DA:237,0
DA:238,0
DA:239,0
DA:240,0
DA:243,0
DA:244,0
DA:245,0
DA:248,0
DA:249,0
DA:251,0
DA:253,0
DA:254,0
DA:256,0
DA:258,0
DA:266,0
DA:267,0
DA:268,0
DA:269,0
DA:270,0
DA:272,0
DA:273,0
DA:278,0
DA:280,0
DA:281,0
DA:285,0
DA:286,0
DA:287,0
DA:288,0
DA:289,0
DA:291,0
DA:295,0
DA:296,0
DA:297,0
DA:298,0
DA:299,0
DA:300,0
DA:301,0
DA:303,0
DA:304,0
DA:306,0
DA:309,0
DA:310,0
DA:312,0
DA:313,0
DA:316,0
DA:317,0
DA:318,0
DA:321,0
DA:322,0
DA:323,0
DA:324,0
DA:328,0
DA:329,0
DA:330,0
DA:331,0
DA:333,0
DA:337,0
DA:341,0
DA:342,0
DA:351,0
DA:352,0
DA:354,0
DA:356,0
DA:357,0
DA:358,0
DA:362,0
DA:363,0
DA:366,0
DA:367,0
DA:368,0
DA:369,0
DA:371,0
DA:375,0
DA:376,0
DA:377,0
DA:381,0
DA:383,0
DA:385,0
DA:386,0
DA:387,0
DA:392,0
DA:393,0
DA:394,0
DA:398,0
DA:399,0
DA:401,0
DA:404,0
DA:405,0
DA:408,0
DA:413,0
DA:417,0
DA:418,0
DA:419,0
DA:422,0
DA:425,0
DA:426,0
DA:427,0
DA:431,0
DA:432,0
DA:437,0
DA:438,0
DA:439,0
DA:440,0
DA:442,0
DA:444,0
DA:453,0
DA:454,0
DA:457,0
DA:458,0
DA:459,0
DA:460,0
DA:461,0
DA:462,0
DA:465,0
DA:466,0
DA:467,0
DA:471,0
DA:472,0
DA:475,0
DA:476,0
DA:477,0
DA:479,0
DA:481,0
DA:482,0
DA:483,0
DA:484,0
DA:485,0
DA:488,0
DA:489,0
DA:490,0
DA:497,0
DA:498,0
DA:501,0
DA:502,0
DA:503,0
DA:504,0
DA:505,0
DA:506,0
DA:508,0
DA:509,0
DA:511,0
DA:512,0
DA:514,0
DA:520,0
DA:522,0
DA:523,0
DA:524,0
DA:525,0
DA:528,0
DA:530,0
DA:531,0
DA:533,0
DA:534,0
DA:535,0
DA:536,0
DA:538,0
DA:541,0
DA:547,0
DA:548,0
DA:549,0
DA:550,0
DA:551,0
DA:552,0
DA:555,0
DA:557,0
DA:558,0
DA:564,0
DA:565,0
DA:566,0
DA:567,0
DA:569,0
DA:570,0
DA:575,0
DA:576,0
DA:578,0
LF:291
LH:0
BRDA:13,0,0,0
BRDA:13,0,1,0
BRDA:38,1,0,0
BRDA:38,1,1,0
BRDA:78,2,0,0
BRDA:78,2,1,0
BRDA:82,3,0,0
BRDA:82,3,1,0
BRDA:86,4,0,0
BRDA:86,4,1,0
BRDA:90,5,0,0
BRDA:90,5,1,0
BRDA:108,6,0,0
BRDA:109,7,0,0
BRDA:109,7,1,0
BRDA:112,8,0,0
BRDA:112,8,1,0
BRDA:118,9,0,0
BRDA:118,9,1,0
BRDA:123,10,0,0
BRDA:123,10,1,0
BRDA:124,11,0,0
BRDA:124,11,1,0
BRDA:124,12,0,0
BRDA:124,12,1,0
BRDA:127,13,0,0
BRDA:127,13,1,0
BRDA:134,14,0,0
BRDA:134,14,1,0
BRDA:136,15,0,0
BRDA:136,15,1,0
BRDA:141,16,0,0
BRDA:141,16,1,0
BRDA:142,17,0,0
BRDA:142,17,1,0
BRDA:144,18,0,0
BRDA:144,18,1,0
BRDA:144,19,0,0
BRDA:144,19,1,0
BRDA:144,19,2,0
BRDA:147,20,0,0
BRDA:147,20,1,0
BRDA:162,21,0,0
BRDA:162,21,1,0
BRDA:165,22,0,0
BRDA:165,22,1,0
BRDA:166,23,0,0
BRDA:166,23,1,0
BRDA:170,24,0,0
BRDA:170,24,1,0
BRDA:172,25,0,0
BRDA:172,25,1,0
BRDA:183,26,0,0
BRDA:183,26,1,0
BRDA:184,27,0,0
BRDA:184,27,1,0
BRDA:199,28,0,0
BRDA:199,28,1,0
BRDA:204,29,0,0
BRDA:204,29,1,0
BRDA:204,30,0,0
BRDA:204,30,1,0
BRDA:210,31,0,0
BRDA:210,31,1,0
BRDA:211,32,0,0
BRDA:211,32,1,0
BRDA:213,33,0,0
BRDA:213,33,1,0
BRDA:216,34,0,0
BRDA:216,34,1,0
BRDA:232,35,0,0
BRDA:233,36,0,0
BRDA:233,36,1,0
BRDA:237,37,0,0
BRDA:237,37,1,0
BRDA:243,38,0,0
BRDA:243,38,1,0
BRDA:251,39,0,0
BRDA:251,39,1,0
BRDA:253,40,0,0
BRDA:253,40,1,0
BRDA:253,41,0,0
BRDA:253,41,1,0
BRDA:268,42,0,0
BRDA:268,42,1,0
BRDA:277,43,0,0
BRDA:277,44,0,0
BRDA:278,45,0,0
BRDA:278,45,1,0
BRDA:280,46,0,0
BRDA:280,46,1,0
BRDA:280,47,0,0
BRDA:280,47,1,0
BRDA:286,48,0,0
BRDA:286,48,1,0
BRDA:288,49,0,0
BRDA:288,49,1,0
BRDA:306,50,0,0
BRDA:306,50,1,0
BRDA:309,51,0,0
BRDA:309,51,1,0
BRDA:316,52,0,0
BRDA:316,52,1,0
BRDA:316,53,0,0
BRDA:316,53,1,0
BRDA:321,54,0,0
BRDA:321,54,1,0
BRDA:328,55,0,0
BRDA:328,55,1,0
BRDA:351,56,0,0
BRDA:351,56,1,0
BRDA:356,57,0,0
BRDA:356,57,1,0
BRDA:366,58,0,0
BRDA:366,58,1,0
BRDA:366,59,0,0
BRDA:366,59,1,0
BRDA:366,59,2,0
BRDA:385,60,0,0
BRDA:385,60,1,0
BRDA:393,61,0,0
BRDA:393,61,1,0
BRDA:393,62,0,0
BRDA:393,62,1,0
BRDA:404,63,0,0
BRDA:404,63,1,0
BRDA:404,64,0,0
BRDA:404,64,1,0
BRDA:413,65,0,0
BRDA:413,65,1,0
BRDA:422,66,0,0
BRDA:422,66,1,0
BRDA:425,67,0,0
BRDA:425,67,1,0
BRDA:431,68,0,0
BRDA:431,68,1,0
BRDA:431,69,0,0
BRDA:431,69,1,0
BRDA:439,70,0,0
BRDA:439,70,1,0
BRDA:452,71,0,0
BRDA:452,72,0,0
BRDA:453,73,0,0
BRDA:453,73,1,0
BRDA:457,74,0,0
BRDA:457,74,1,0
BRDA:459,75,0,0
BRDA:459,75,1,0
BRDA:465,76,0,0
BRDA:465,76,1,0
BRDA:472,77,0,0
BRDA:472,77,1,0
BRDA:475,78,0,0
BRDA:475,78,1,0
BRDA:479,79,0,0
BRDA:479,79,1,0
BRDA:481,80,0,0
BRDA:481,80,1,0
BRDA:481,81,0,0
BRDA:481,81,1,0
BRDA:483,82,0,0
BRDA:483,82,1,0
BRDA:488,83,0,0
BRDA:488,83,1,0
BRDA:488,84,0,0
BRDA:488,84,1,0
BRDA:501,85,0,0
BRDA:501,85,1,0
BRDA:508,86,0,0
BRDA:508,86,1,0
BRDA:508,87,0,0
BRDA:508,87,1,0
BRDA:511,88,0,0
BRDA:511,88,1,0
BRDA:522,89,0,0
BRDA:522,89,1,0
BRDA:523,90,0,0
BRDA:523,90,1,0
BRDA:523,91,0,0
BRDA:523,91,1,0
BRDA:528,92,0,0
BRDA:528,92,1,0
BRDA:533,93,0,0
BRDA:533,93,1,0
BRDA:534,94,0,0
BRDA:534,94,1,0
BRDA:534,95,0,0
BRDA:534,95,1,0
BRDA:547,96,0,0
BRDA:547,96,1,0
BRDA:551,97,0,0
BRDA:551,97,1,0
BRDA:564,98,0,0
BRDA:564,98,1,0
BRDA:575,99,0,0
BRDA:575,99,1,0
BRF:196
BRH:0
end_of_record
TN:
SF:sidepanel\note-editor-big.js
FN:4,(anonymous_0)
FN:22,loadInitialContent
FN:24,(anonymous_2)
FN:37,(anonymous_3)
FN:38,(anonymous_4)
FN:47,(anonymous_5)
FN:48,(anonymous_6)
FN:56,(anonymous_7)
FN:95,(anonymous_8)
FN:104,(anonymous_9)
FN:109,(anonymous_10)
FN:115,showConfirm
FN:116,(anonymous_12)
FN:126,(anonymous_13)
FN:133,(anonymous_14)
FN:134,(anonymous_15)
FN:139,(anonymous_16)
FNF:17
FNH:0
FNDA:0,(anonymous_0)
FNDA:0,loadInitialContent
FNDA:0,(anonymous_2)
FNDA:0,(anonymous_3)
FNDA:0,(anonymous_4)
FNDA:0,(anonymous_5)
FNDA:0,(anonymous_6)
FNDA:0,(anonymous_7)
FNDA:0,(anonymous_8)
FNDA:0,(anonymous_9)
FNDA:0,(anonymous_10)
FNDA:0,showConfirm
FNDA:0,(anonymous_12)
FNDA:0,(anonymous_13)
FNDA:0,(anonymous_14)
FNDA:0,(anonymous_15)
FNDA:0,(anonymous_16)
DA:4,0
DA:5,0
DA:6,0
DA:7,0
DA:8,0
DA:9,0
DA:12,0
DA:13,0
DA:14,0
DA:15,0
DA:17,0
DA:18,0
DA:24,0
DA:25,0
DA:27,0
DA:34,0
DA:37,0
DA:38,0
DA:39,0
DA:40,0
DA:41,0
DA:42,0
DA:43,0
DA:47,0
DA:48,0
DA:49,0
DA:50,0
DA:51,0
DA:56,0
DA:57,0
DA:59,0
DA:60,0
DA:62,0
DA:63,0
DA:64,0
DA:66,0
DA:67,0
DA:69,0
DA:70,0
DA:71,0
DA:72,0
DA:76,0
DA:78,0
DA:79,0
DA:80,0
DA:81,0
DA:83,0
DA:85,0
DA:89,0
DA:90,0
DA:95,0
DA:96,0
DA:99,0
DA:105,0
DA:109,0
DA:110,0
DA:111,0
DA:116,0
DA:117,0
DA:118,0
DA:119,0
DA:120,0
DA:122,0
DA:123,0
DA:124,0
DA:126,0
DA:127,0
DA:128,0
DA:129,0
DA:130,0
DA:133,0
DA:134,0
DA:139,0
DA:140,0
DA:141,0
DA:143,0
DA:144,0
DA:145,0
DA:148,0
DA:149,0
DA:150,0
DA:154,0
LF:82
LH:0
BRDA:17,0,0,0
BRDA:17,0,1,0
BRDA:25,1,0,0
BRDA:25,1,1,0
BRDA:25,2,0,0
BRDA:25,2,1,0
BRDA:27,3,0,0
BRDA:27,3,1,0
BRDA:42,4,0,0
BRDA:42,4,1,0
BRDA:57,5,0,0
BRDA:57,5,1,0
BRDA:60,6,0,0
BRDA:60,6,1,0
BRDA:64,7,0,0
BRDA:64,7,1,0
BRDA:70,8,0,0
BRDA:70,8,1,0
BRDA:76,9,0,0
BRDA:76,9,1,0
BRDA:78,10,0,0
BRDA:78,10,1,0
BRDA:80,11,0,0
BRDA:80,11,1,0
BRDA:111,12,0,0
BRDA:111,12,1,0
BRDA:140,13,0,0
BRDA:140,13,1,0
BRDA:141,14,0,0
BRDA:141,14,1,0
BRDA:143,15,0,0
BRDA:143,15,1,0
BRDA:148,16,0,0
BRDA:148,16,1,0
BRDA:148,17,0,0
BRDA:148,17,1,0
BRF:36
BRH:0
end_of_record
TN:
SF:sidepanel\panel.js
FN:87,debugLog
FN:92,(anonymous_1)
FN:102,safeSendMessage
FN:124,(anonymous_3)
FN:151,(anonymous_4)
FN:166,(anonymous_5)
FN:175,(anonymous_6)
FN:189,(anonymous_7)
FN:193,(anonymous_8)
FN:200,(anonymous_9)
FN:214,(anonymous_10)
FN:219,(anonymous_11)
FN:232,showToast
FN:252,(anonymous_13)
FN:254,(anonymous_14)
FN:261,safeSetInnerHTML
FN:281,calculateDHash
FN:282,(anonymous_17)
FN:284,(anonymous_18)
FN:322,(anonymous_19)
FN:327,getHammingDistance
FN:343,isDuplicate
FN:358,isMissingFileSystemEntryError
FN:366,isPermissionDeniedFileSystemError
FN:375,sendMessageWithRetry
FN:378,(anonymous_25)
FN:379,(anonymous_26)
FN:394,(anonymous_27)
FN:401,isYouTubeWatchUrl
FN:414,shouldTrackSenderTab
FN:437,getValidatedWatchTab
FN:451,extractVideoIdFromWatchUrl
FN:461,pickBestYouTubeWatchTab
FN:462,(anonymous_33)
FN:465,(anonymous_34)
FN:474,(anonymous_35)
FN:482,seekActiveYouTubeTab
FN:489,initMessageListeners
FN:490,(anonymous_38)
FN:539,(anonymous_39)
FN:559,handleScreenshotEditedResult
FN:560,(anonymous_41)
FN:597,checkMetadataImmediate
FN:608,handleMetadataResponse
FN:667,initTheme
FN:671,(anonymous_45)
FN:681,showPrompt
FN:682,(anonymous_47)
FN:707,(anonymous_48)
FN:722,(anonymous_49)
FN:729,(anonymous_50)
FN:742,(anonymous_51)
FN:751,(anonymous_52)
FN:752,(anonymous_53)
FN:753,(anonymous_54)
FN:768,showConfirm
FN:769,(anonymous_56)
FN:784,(anonymous_57)
FN:792,(anonymous_58)
FN:793,(anonymous_59)
FN:794,(anonymous_60)
FN:809,showAlert
FN:810,(anonymous_62)
FN:825,(anonymous_63)
FN:833,(anonymous_64)
FN:843,resolveActiveYouTubeTabId
FN:878,(anonymous_66)
FN:919,closeDetachedPanelIfHostMissing
FN:939,resolveTrackedYouTubeTab
FN:952,sendPanelHeartbeat
FN:957,(anonymous_70)
FN:964,sendPanelClosed
FN:967,(anonymous_72)
FN:974,startPanelHeartbeat
FN:982,stopPanelHeartbeat
FN:993,ensureExportProgressOverlay
FN:1017,showExportProgressDialog
FN:1024,updateExportProgressDialog
FN:1030,hideExportProgressDialog
FN:1040,handleFolderPermissionRegrantClick
FN:1064,showFolderPermissionBanner
FN:1072,(anonymous_81)
FN:1079,showFolderMissingBanner
FN:1092,showFolderPermissionBannerIfNeeded
FN:1104,initFileSystem
FN:1107,(anonymous_85)
FN:1138,initTabs
FN:1139,(anonymous_87)
FN:1140,(anonymous_88)
FN:1145,(anonymous_89)
FN:1146,(anonymous_90)
FN:1165,initButtons
FN:1186,(anonymous_92)
FN:1199,(anonymous_93)
FN:1220,(anonymous_94)
FN:1226,(anonymous_95)
FN:1251,openLastScreenshotNote
FN:1258,(anonymous_97)
FN:1268,(anonymous_98)
FN:1292,editLastScreenshot
FN:1294,(anonymous_100)
FN:1304,handleAreaCapture
FN:1312,(anonymous_102)
FN:1353,(anonymous_103)
FN:1393,initAutoShotToggle
FN:1417,getCachedPlaybackRate
FN:1445,startAutoScreenshot
FN:1456,(anonymous_107)
FN:1466,(anonymous_108)
FN:1502,handleAutoScreenshotToggle
FN:1517,(anonymous_110)
FN:1551,handleDurationCalculator
FN:1555,syncNotebookStateToContent
FN:1564,(anonymous_113)
FN:1566,(anonymous_114)
FN:1574,initOptInToggle
FN:1580,(anonymous_116)
FN:1597,pollCurrentVideo
FN:1663,updateTimeline
FN:1738,handleCapture
FN:1746,(anonymous_120)
FN:1828,(anonymous_121)
FN:1835,(anonymous_122)
FN:1840,(anonymous_123)
FN:1959,handleAddLocalImage
FN:1994,(anonymous_125)
FN:1996,(anonymous_126)
FN:2060,dataURLtoBlobAsync
FN:2061,(anonymous_128)
FN:2097,renderMainGallery
FN:2110,(anonymous_130)
FN:2114,(anonymous_131)
FN:2115,(anonymous_132)
FN:2118,(anonymous_133)
FN:2127,(anonymous_134)
FN:2144,renderGalleryImmediate
FN:2148,(anonymous_136)
FN:2161,renderGalleryProgressively
FN:2168,renderNextBatch
FN:2177,(anonymous_139)
FN:2208,createTOCGalleryElement
FN:2257,(anonymous_141)
FN:2272,(anonymous_142)
FN:2281,(anonymous_143)
FN:2289,(anonymous_144)
FN:2304,(anonymous_145)
FN:2320,(anonymous_146)
FN:2326,(anonymous_147)
FN:2335,(anonymous_148)
FN:2340,(anonymous_149)
FN:2345,(anonymous_150)
FN:2359,(anonymous_151)
FN:2364,(anonymous_152)
FN:2367,(anonymous_153)
FN:2397,hasNoteHighlightStyle
FN:2401,syncNoteHighlightNodes
FN:2404,(anonymous_156)
FN:2415,applyNoteToolbarCommand
FN:2447,createScreenshotCard
FN:2527,(anonymous_159)
FN:2544,(anonymous_160)
FN:2545,(anonymous_161)
FN:2554,(anonymous_162)
FN:2555,(anonymous_163)
FN:2562,(anonymous_164)
FN:2588,(anonymous_165)
FN:2600,(anonymous_166)
FN:2628,(anonymous_167)
FN:2632,(anonymous_168)
FN:2636,(anonymous_169)
FN:2640,(anonymous_170)
FN:2680,(anonymous_171)
FN:2684,(anonymous_172)
FN:2690,(anonymous_173)
FN:2700,(anonymous_174)
FN:2707,(anonymous_175)
FN:2712,(anonymous_176)
FN:2716,(anonymous_177)
FN:2718,(anonymous_178)
FN:2724,startDownload
FN:2725,(anonymous_180)
FN:2733,waitForDownloadCompletion
FN:2734,(anonymous_182)
FN:2738,(anonymous_183)
FN:2746,(anonymous_184)
FN:2753,(anonymous_185)
FN:2765,(anonymous_186)
FN:2769,(anonymous_187)
FN:2782,(anonymous_188)
FN:2788,openCompletedDownload
FN:2793,openScreenshotInSystemViewer
FN:2794,(anonymous_191)
FN:2824,(anonymous_192)
FN:2830,openScreenshotEditor
FN:2831,(anonymous_194)
FN:2847,(anonymous_195)
FN:2849,(anonymous_196)
FN:2867,(anonymous_197)
FN:2889,handleCreateBoard
FN:2955,(anonymous_199)
FN:2961,normalizeScreenshotRecord
FN:2975,addScreenshotToUI
FN:2999,(anonymous_202)
FN:3035,(anonymous_203)
FN:3053,safeScrollToElement
FN:3063,(anonymous_205)
FN:3087,normalizeTOCRecord
FN:3118,normalizeTOCLevel
FN:3126,sortTOCByTimeline
FN:3127,(anonymous_209)
FN:3138,sortTOCByCreated
FN:3139,(anonymous_211)
FN:3150,promptTOCLevel
FN:3177,openBigNoteEditor
FN:3189,revokeScreenshotBlobUrlIfNeeded
FN:3201,deleteScreenshotFilesFromCurrentVideo
FN:3219,(anonymous_216)
FN:3225,(anonymous_217)
FN:3270,(anonymous_218)
FN:3321,deleteScreenshot
FN:3324,(anonymous_220)
FN:3344,(anonymous_221)
FN:3353,(anonymous_222)
FN:3372,handleDeleteAllScreenshotsForCurrentVideo
FN:3384,(anonymous_224)
FN:3401,(anonymous_225)
FN:3402,(anonymous_226)
FN:3419,getSafeFolderNameForTitle
FN:3431,getHistorySortTimestamp
FN:3436,sortHistoryEntries
FN:3437,(anonymous_230)
FN:3440,buildHistoryEntryFromState
FN:3462,normalizeHistoryIndexEntries
FN:3487,readHistoryIndexEntries
FN:3501,writeHistoryIndexEntries
FN:3521,upsertHistoryIndexEntry
FN:3525,(anonymous_236)
FN:3540,removeHistoryIndexEntry
FN:3543,(anonymous_238)
FN:3553,scanFoldersForHistoryEntries
FN:3565,(anonymous_240)
FN:3581,(anonymous_241)
FN:3591,renderHistoryEntry
FN:3620,(anonymous_243)
FN:3623,(anonymous_244)
FN:3633,(anonymous_245)
FN:3661,refreshHistory
FN:3672,(anonymous_247)
FN:3681,(anonymous_248)
FN:3717,collectTOCEntryDetails
FN:3728,collectTOCPlacementForScreenshot
FN:3749,handleAddTOC
FN:3803,addTOCToUI
FN:3837,renderTOCList
FN:3848,(anonymous_254)
FN:3855,clearVideoStateUI
FN:3857,(anonymous_256)
FN:3925,escapeHtmlForExport
FN:3934,normalizeInlineStyleForExport
FN:4003,sanitizeHtmlForEditorAndExport
FN:4013,(anonymous_260)
FN:4027,(anonymous_261)
FN:4042,(anonymous_262)
FN:4070,plainTextToEditorHtml
FN:4074,getPlainTextFromHtmlForExport
FN:4083,getPlainTextWithBreaksFromHtml
FN:4093,(anonymous_266)
FN:4127,getScreenshotNoteHtml
FN:4150,sanitizeNoteHtml
FN:4200,sanitizeNode
FN:4219,(anonymous_270)
FN:4230,(anonymous_271)
FN:4257,(anonymous_272)
FN:4266,sanitizeStyleAttribute
FN:4272,(anonymous_274)
FN:4302,convertMarkdownToHtml
FN:4315,(anonymous_276)
FN:4374,(anonymous_277)
FN:4375,(anonymous_278)
FN:4451,handleNoteEditorPaste
FN:4483,(anonymous_280)
FN:4493,handleNoteEditorKeydown
FN:4536,loadImageFromDataUrl
FN:4537,(anonymous_283)
FN:4539,(anonymous_284)
FN:4545,isDataUrlLikelyBlank
FN:4590,fitImageWithinBox
FN:4625,stripInvalidXmlChars
FN:4649,renderRichTextToCanvas
FN:4650,(anonymous_289)
FN:4677,(anonymous_290)
FN:4681,(anonymous_291)
FN:4729,(anonymous_292)
FN:4740,(anonymous_293)
FN:4756,renderPlainTextToCanvas
FN:4776,(anonymous_295)
FN:4828,addImageDataToPdfWithPaging
FN:4891,addRichBlockToPdf
FN:4897,generatePDFDoc
FN:4914,(anonymous_299)
FN:4920,(anonymous_300)
FN:4942,(anonymous_301)
FN:4952,(anonymous_302)
FN:4968,(anonymous_303)
FN:4980,(anonymous_304)
FN:4982,(anonymous_305)
FN:4995,(anonymous_306)
FN:4997,(anonymous_307)
FN:5017,(anonymous_308)
FN:5023,(anonymous_309)
FN:5024,(anonymous_310)
FN:5030,(anonymous_311)
FN:5055,(anonymous_312)
FN:5069,(anonymous_313)
FN:5094,(anonymous_314)
FN:5095,(anonymous_315)
FN:5096,(anonymous_316)
FN:5098,(anonymous_317)
FN:5107,(anonymous_318)
FN:5117,(anonymous_319)
FN:5187,(anonymous_320)
FN:5200,(anonymous_321)
FN:5218,(anonymous_322)
FN:5280,(anonymous_323)
FN:5284,(anonymous_324)
FN:5288,(anonymous_325)
FN:5302,(anonymous_326)
FN:5384,(anonymous_327)
FN:5576,(anonymous_328)
FN:5621,(anonymous_329)
FN:5622,(anonymous_330)
FN:5623,(anonymous_331)
FN:5649,(anonymous_332)
FN:5651,(anonymous_333)
FN:5761,handleExportPDF
FN:5766,(anonymous_335)
FN:5797,imageUrlToBase64
FN:5802,(anonymous_337)
FN:5804,(anonymous_338)
FN:5814,handleExportWatchLaterPDF
FN:5823,(anonymous_340)
FN:5851,generateWatchLaterPDFDoc
FN:5883,(anonymous_342)
FN:5964,getMeaningfulNoteTextForPreview
FN:5987,buildPreviewPagePlan
FN:5990,(anonymous_345)
FN:5997,(anonymous_346)
FN:5998,(anonymous_347)
FN:6005,(anonymous_348)
FN:6023,(anonymous_349)
FN:6046,renderPreviewPlaceholders
FN:6050,(anonymous_351)
FN:6059,renderPreviewPage
FN:6090,(anonymous_353)
FN:6110,(anonymous_354)
FN:6159,setupPreviewObserver
FN:6168,(anonymous_356)
FN:6169,(anonymous_357)
FN:6178,(anonymous_358)
FN:6183,openPdfPreviewModal
FN:6189,closePdfPreviewModal
FN:6205,initPreviewMode
FN:6231,(anonymous_362)
FN:6286,handlePreviewPDF
FN:6307,(anonymous_364)
FN:6308,(anonymous_365)
FN:6334,closePDFPreview
FN:6345,buildStateSnapshot
FN:6354,(anonymous_368)
FN:6376,saveVideoState
FN:6386,(anonymous_370)
FN:6406,(anonymous_371)
FN:6412,saveVideoStateExecution
FN:6463,getDisplayPath
FN:6468,loadVideoState
FN:6537,(anonymous_375)
FN:6548,processRehydrationBatch
FN:6549,(anonymous_377)
FN:6562,(anonymous_378)
FN:6599,(anonymous_379)
FN:6602,(anonymous_380)
FN:6644,(anonymous_381)
FN:6649,(anonymous_382)
FN:6656,(anonymous_383)
FN:6677,(anonymous_384)
FN:6694,setNotebookToggleState
FN:6718,setAutoOpenToggleState
FN:6740,initAutoOpenToggle
FN:6754,(anonymous_388)
FN:6759,setCCToggleState
FN:6781,initCCToggle
FN:6795,(anonymous_391)
FN:6807,initTranscriptRangeSettings
FN:6814,(anonymous_393)
FN:6820,(anonymous_394)
FN:6830,getCachedTranscript
FN:6844,refreshTranscript
FN:6877,(anonymous_397)
FN:6892,splitTranscriptTextForDisplay
FN:6901,(anonymous_399)
FN:6943,normalizeTranscriptSegmentsForDisplay
FN:6963,(anonymous_401)
FN:6980,displayTranscript
FN:6992,(anonymous_403)
FN:7000,(anonymous_404)
FN:7003,(anonymous_405)
FN:7014,copyTranscriptToClipboard
FN:7019,(anonymous_407)
FN:7031,(anonymous_408)
FN:7041,parseTimeToMs
FN:7043,(anonymous_410)
FN:7072,initDurationCalculator
FN:7078,(anonymous_412)
FN:7096,(anonymous_413)
FN:7103,(anonymous_414)
FN:7104,(anonymous_415)
FN:7116,(anonymous_416)
FN:7128,openDurationCalculator
FN:7150,(anonymous_418)
FN:7166,closeDurationCalculator
FN:7170,formatCalcTime
FN:7180,formatHoursMins
FN:7188,updateDurationCalculations
FN:7201,(anonymous_423)
FN:7241,(anonymous_424)
FN:7273,(anonymous_425)
FN:7294,(anonymous_426)
FN:7313,handleSetInterval
FN:7359,generateIntervalMarkers
FN:7436,initWatchLaterTab
FN:7439,(anonymous_430)
FN:7445,loadWatchLaterList
FN:7462,saveWatchLaterList
FN:7478,handleAddWatchLaterRequest
FN:7506,(anonymous_434)
FN:7560,renderWatchLaterList
FN:7576,(anonymous_436)
FN:7585,(anonymous_437)
FN:7611,(anonymous_438)
FN:7613,(anonymous_439)
FN:7628,(anonymous_440)
FN:7645,loadCountdowns
FN:7662,saveCountdowns
FN:7675,handleAddCountdownPrompt
FN:7732,renderCountdowns
FN:7750,(anonymous_445)
FN:7858,(anonymous_446)
FN:7861,(anonymous_447)
FN:7881,(anonymous_448)
FN:7887,(anonymous_449)
FN:7889,(anonymous_450)
FN:7925,toggleMiniView
FN:7932,(anonymous_452)
FN:7944,closeMiniView
FN:7950,(anonymous_454)
FNF:455
FNH:0
FNDA:0,debugLog
FNDA:0,(anonymous_1)
FNDA:0,safeSendMessage
FNDA:0,(anonymous_3)
FNDA:0,(anonymous_4)
FNDA:0,(anonymous_5)
FNDA:0,(anonymous_6)
FNDA:0,(anonymous_7)
FNDA:0,(anonymous_8)
FNDA:0,(anonymous_9)
FNDA:0,(anonymous_10)
FNDA:0,(anonymous_11)
FNDA:0,showToast
FNDA:0,(anonymous_13)
FNDA:0,(anonymous_14)
FNDA:0,safeSetInnerHTML
FNDA:0,calculateDHash
FNDA:0,(anonymous_17)
FNDA:0,(anonymous_18)
FNDA:0,(anonymous_19)
FNDA:0,getHammingDistance
FNDA:0,isDuplicate
FNDA:0,isMissingFileSystemEntryError
FNDA:0,isPermissionDeniedFileSystemError
FNDA:0,sendMessageWithRetry
FNDA:0,(anonymous_25)
FNDA:0,(anonymous_26)
FNDA:0,(anonymous_27)
FNDA:0,isYouTubeWatchUrl
FNDA:0,shouldTrackSenderTab
FNDA:0,getValidatedWatchTab
FNDA:0,extractVideoIdFromWatchUrl
FNDA:0,pickBestYouTubeWatchTab
FNDA:0,(anonymous_33)
FNDA:0,(anonymous_34)
FNDA:0,(anonymous_35)
FNDA:0,seekActiveYouTubeTab
FNDA:0,initMessageListeners
FNDA:0,(anonymous_38)
FNDA:0,(anonymous_39)
FNDA:0,handleScreenshotEditedResult
FNDA:0,(anonymous_41)
FNDA:0,checkMetadataImmediate
FNDA:0,handleMetadataResponse
FNDA:0,initTheme
FNDA:0,(anonymous_45)
FNDA:0,showPrompt
FNDA:0,(anonymous_47)
FNDA:0,(anonymous_48)
FNDA:0,(anonymous_49)
FNDA:0,(anonymous_50)
FNDA:0,(anonymous_51)
FNDA:0,(anonymous_52)
FNDA:0,(anonymous_53)
FNDA:0,(anonymous_54)
FNDA:0,showConfirm
FNDA:0,(anonymous_56)
FNDA:0,(anonymous_57)
FNDA:0,(anonymous_58)
FNDA:0,(anonymous_59)
FNDA:0,(anonymous_60)
FNDA:0,showAlert
FNDA:0,(anonymous_62)
FNDA:0,(anonymous_63)
FNDA:0,(anonymous_64)
FNDA:0,resolveActiveYouTubeTabId
FNDA:0,(anonymous_66)
FNDA:0,closeDetachedPanelIfHostMissing
FNDA:0,resolveTrackedYouTubeTab
FNDA:0,sendPanelHeartbeat
FNDA:0,(anonymous_70)
FNDA:0,sendPanelClosed
FNDA:0,(anonymous_72)
FNDA:0,startPanelHeartbeat
FNDA:0,stopPanelHeartbeat
FNDA:0,ensureExportProgressOverlay
FNDA:0,showExportProgressDialog
FNDA:0,updateExportProgressDialog
FNDA:0,hideExportProgressDialog
FNDA:0,handleFolderPermissionRegrantClick
FNDA:0,showFolderPermissionBanner
FNDA:0,(anonymous_81)
FNDA:0,showFolderMissingBanner
FNDA:0,showFolderPermissionBannerIfNeeded
FNDA:0,initFileSystem
FNDA:0,(anonymous_85)
FNDA:0,initTabs
FNDA:0,(anonymous_87)
FNDA:0,(anonymous_88)
FNDA:0,(anonymous_89)
FNDA:0,(anonymous_90)
FNDA:0,initButtons
FNDA:0,(anonymous_92)
FNDA:0,(anonymous_93)
FNDA:0,(anonymous_94)
FNDA:0,(anonymous_95)
FNDA:0,openLastScreenshotNote
FNDA:0,(anonymous_97)
FNDA:0,(anonymous_98)
FNDA:0,editLastScreenshot
FNDA:0,(anonymous_100)
FNDA:0,handleAreaCapture
FNDA:0,(anonymous_102)
FNDA:0,(anonymous_103)
FNDA:0,initAutoShotToggle
FNDA:0,getCachedPlaybackRate
FNDA:0,startAutoScreenshot
FNDA:0,(anonymous_107)
FNDA:0,(anonymous_108)
FNDA:0,handleAutoScreenshotToggle
FNDA:0,(anonymous_110)
FNDA:0,handleDurationCalculator
FNDA:0,syncNotebookStateToContent
FNDA:0,(anonymous_113)
FNDA:0,(anonymous_114)
FNDA:0,initOptInToggle
FNDA:0,(anonymous_116)
FNDA:0,pollCurrentVideo
FNDA:0,updateTimeline
FNDA:0,handleCapture
FNDA:0,(anonymous_120)
FNDA:0,(anonymous_121)
FNDA:0,(anonymous_122)
FNDA:0,(anonymous_123)
FNDA:0,handleAddLocalImage
FNDA:0,(anonymous_125)
FNDA:0,(anonymous_126)
FNDA:0,dataURLtoBlobAsync
FNDA:0,(anonymous_128)
FNDA:0,renderMainGallery
FNDA:0,(anonymous_130)
FNDA:0,(anonymous_131)
FNDA:0,(anonymous_132)
FNDA:0,(anonymous_133)
FNDA:0,(anonymous_134)
FNDA:0,renderGalleryImmediate
FNDA:0,(anonymous_136)
FNDA:0,renderGalleryProgressively
FNDA:0,renderNextBatch
FNDA:0,(anonymous_139)
FNDA:0,createTOCGalleryElement
FNDA:0,(anonymous_141)
FNDA:0,(anonymous_142)
FNDA:0,(anonymous_143)
FNDA:0,(anonymous_144)
FNDA:0,(anonymous_145)
FNDA:0,(anonymous_146)
FNDA:0,(anonymous_147)
FNDA:0,(anonymous_148)
FNDA:0,(anonymous_149)
FNDA:0,(anonymous_150)
FNDA:0,(anonymous_151)
FNDA:0,(anonymous_152)
FNDA:0,(anonymous_153)
FNDA:0,hasNoteHighlightStyle
FNDA:0,syncNoteHighlightNodes
FNDA:0,(anonymous_156)
FNDA:0,applyNoteToolbarCommand
FNDA:0,createScreenshotCard
FNDA:0,(anonymous_159)
FNDA:0,(anonymous_160)
FNDA:0,(anonymous_161)
FNDA:0,(anonymous_162)
FNDA:0,(anonymous_163)
FNDA:0,(anonymous_164)
FNDA:0,(anonymous_165)
FNDA:0,(anonymous_166)
FNDA:0,(anonymous_167)
FNDA:0,(anonymous_168)
FNDA:0,(anonymous_169)
FNDA:0,(anonymous_170)
FNDA:0,(anonymous_171)
FNDA:0,(anonymous_172)
FNDA:0,(anonymous_173)
FNDA:0,(anonymous_174)
FNDA:0,(anonymous_175)
FNDA:0,(anonymous_176)
FNDA:0,(anonymous_177)
FNDA:0,(anonymous_178)
FNDA:0,startDownload
FNDA:0,(anonymous_180)
FNDA:0,waitForDownloadCompletion
FNDA:0,(anonymous_182)
FNDA:0,(anonymous_183)
FNDA:0,(anonymous_184)
FNDA:0,(anonymous_185)
FNDA:0,(anonymous_186)
FNDA:0,(anonymous_187)
FNDA:0,(anonymous_188)
FNDA:0,openCompletedDownload
FNDA:0,openScreenshotInSystemViewer
FNDA:0,(anonymous_191)
FNDA:0,(anonymous_192)
FNDA:0,openScreenshotEditor
FNDA:0,(anonymous_194)
FNDA:0,(anonymous_195)
FNDA:0,(anonymous_196)
FNDA:0,(anonymous_197)
FNDA:0,handleCreateBoard
FNDA:0,(anonymous_199)
FNDA:0,normalizeScreenshotRecord
FNDA:0,addScreenshotToUI
FNDA:0,(anonymous_202)
FNDA:0,(anonymous_203)
FNDA:0,safeScrollToElement
FNDA:0,(anonymous_205)
FNDA:0,normalizeTOCRecord
FNDA:0,normalizeTOCLevel
FNDA:0,sortTOCByTimeline
FNDA:0,(anonymous_209)
FNDA:0,sortTOCByCreated
FNDA:0,(anonymous_211)
FNDA:0,promptTOCLevel
FNDA:0,openBigNoteEditor
FNDA:0,revokeScreenshotBlobUrlIfNeeded
FNDA:0,deleteScreenshotFilesFromCurrentVideo
FNDA:0,(anonymous_216)
FNDA:0,(anonymous_217)
FNDA:0,(anonymous_218)
FNDA:0,deleteScreenshot
FNDA:0,(anonymous_220)
FNDA:0,(anonymous_221)
FNDA:0,(anonymous_222)
FNDA:0,handleDeleteAllScreenshotsForCurrentVideo
FNDA:0,(anonymous_224)
FNDA:0,(anonymous_225)
FNDA:0,(anonymous_226)
FNDA:0,getSafeFolderNameForTitle
FNDA:0,getHistorySortTimestamp
FNDA:0,sortHistoryEntries
FNDA:0,(anonymous_230)
FNDA:0,buildHistoryEntryFromState
FNDA:0,normalizeHistoryIndexEntries
FNDA:0,readHistoryIndexEntries
FNDA:0,writeHistoryIndexEntries
FNDA:0,upsertHistoryIndexEntry
FNDA:0,(anonymous_236)
FNDA:0,removeHistoryIndexEntry
FNDA:0,(anonymous_238)
FNDA:0,scanFoldersForHistoryEntries
FNDA:0,(anonymous_240)
FNDA:0,(anonymous_241)
FNDA:0,renderHistoryEntry
FNDA:0,(anonymous_243)
FNDA:0,(anonymous_244)
FNDA:0,(anonymous_245)
FNDA:0,refreshHistory
FNDA:0,(anonymous_247)
FNDA:0,(anonymous_248)
FNDA:0,collectTOCEntryDetails
FNDA:0,collectTOCPlacementForScreenshot
FNDA:0,handleAddTOC
FNDA:0,addTOCToUI
FNDA:0,renderTOCList
FNDA:0,(anonymous_254)
FNDA:0,clearVideoStateUI
FNDA:0,(anonymous_256)
FNDA:0,escapeHtmlForExport
FNDA:0,normalizeInlineStyleForExport
FNDA:0,sanitizeHtmlForEditorAndExport
FNDA:0,(anonymous_260)
FNDA:0,(anonymous_261)
FNDA:0,(anonymous_262)
FNDA:0,plainTextToEditorHtml
FNDA:0,getPlainTextFromHtmlForExport
FNDA:0,getPlainTextWithBreaksFromHtml
FNDA:0,(anonymous_266)
FNDA:0,getScreenshotNoteHtml
FNDA:0,sanitizeNoteHtml
FNDA:0,sanitizeNode
FNDA:0,(anonymous_270)
FNDA:0,(anonymous_271)
FNDA:0,(anonymous_272)
FNDA:0,sanitizeStyleAttribute
FNDA:0,(anonymous_274)
FNDA:0,convertMarkdownToHtml
FNDA:0,(anonymous_276)
FNDA:0,(anonymous_277)
FNDA:0,(anonymous_278)
FNDA:0,handleNoteEditorPaste
FNDA:0,(anonymous_280)
FNDA:0,handleNoteEditorKeydown
FNDA:0,loadImageFromDataUrl
FNDA:0,(anonymous_283)
FNDA:0,(anonymous_284)
FNDA:0,isDataUrlLikelyBlank
FNDA:0,fitImageWithinBox
FNDA:0,stripInvalidXmlChars
FNDA:0,renderRichTextToCanvas
FNDA:0,(anonymous_289)
FNDA:0,(anonymous_290)
FNDA:0,(anonymous_291)
FNDA:0,(anonymous_292)
FNDA:0,(anonymous_293)
FNDA:0,renderPlainTextToCanvas
FNDA:0,(anonymous_295)
FNDA:0,addImageDataToPdfWithPaging
FNDA:0,addRichBlockToPdf
FNDA:0,generatePDFDoc
FNDA:0,(anonymous_299)
FNDA:0,(anonymous_300)
FNDA:0,(anonymous_301)
FNDA:0,(anonymous_302)
FNDA:0,(anonymous_303)
FNDA:0,(anonymous_304)
FNDA:0,(anonymous_305)
FNDA:0,(anonymous_306)
FNDA:0,(anonymous_307)
FNDA:0,(anonymous_308)
FNDA:0,(anonymous_309)
FNDA:0,(anonymous_310)
FNDA:0,(anonymous_311)
FNDA:0,(anonymous_312)
FNDA:0,(anonymous_313)
FNDA:0,(anonymous_314)
FNDA:0,(anonymous_315)
FNDA:0,(anonymous_316)
FNDA:0,(anonymous_317)
FNDA:0,(anonymous_318)
FNDA:0,(anonymous_319)
FNDA:0,(anonymous_320)
FNDA:0,(anonymous_321)
FNDA:0,(anonymous_322)
FNDA:0,(anonymous_323)
FNDA:0,(anonymous_324)
FNDA:0,(anonymous_325)
FNDA:0,(anonymous_326)
FNDA:0,(anonymous_327)
FNDA:0,(anonymous_328)
FNDA:0,(anonymous_329)
FNDA:0,(anonymous_330)
FNDA:0,(anonymous_331)
FNDA:0,(anonymous_332)
FNDA:0,(anonymous_333)
FNDA:0,handleExportPDF
FNDA:0,(anonymous_335)
FNDA:0,imageUrlToBase64
FNDA:0,(anonymous_337)
FNDA:0,(anonymous_338)
FNDA:0,handleExportWatchLaterPDF
FNDA:0,(anonymous_340)
FNDA:0,generateWatchLaterPDFDoc
FNDA:0,(anonymous_342)
FNDA:0,getMeaningfulNoteTextForPreview
FNDA:0,buildPreviewPagePlan
FNDA:0,(anonymous_345)
FNDA:0,(anonymous_346)
[...]
BRDA:4903,913,0,0
BRDA:4903,913,1,0
BRDA:4908,914,0,0
BRDA:4908,914,1,0
BRDA:4909,915,0,0
BRDA:4909,915,1,0
BRDA:4915,916,0,0
BRDA:4915,916,1,0
BRDA:4921,917,0,0
BRDA:4921,917,1,0
BRDA:4927,918,0,0
BRDA:4927,918,1,0
BRDA:4944,919,0,0
BRDA:4944,919,1,0
BRDA:4953,920,0,0
BRDA:4953,920,1,0
BRDA:4969,921,0,0
BRDA:4969,921,1,0
BRDA:4978,922,0,0
BRDA:4978,922,1,0
BRDA:5011,923,0,0
BRDA:5011,923,1,0
BRDA:5013,924,0,0
BRDA:5013,924,1,0
BRDA:5014,925,0,0
BRDA:5014,925,1,0
BRDA:5018,926,0,0
BRDA:5018,926,1,0
BRDA:5018,926,2,0
BRDA:5019,927,0,0
BRDA:5019,927,1,0
BRDA:5019,927,2,0
BRDA:5023,928,0,0
BRDA:5023,928,1,0
BRDA:5024,929,0,0
BRDA:5024,929,1,0
BRDA:5032,930,0,0
BRDA:5032,930,1,0
BRDA:5035,931,0,0
BRDA:5035,931,1,0
BRDA:5056,932,0,0
BRDA:5056,932,1,0
BRDA:5070,933,0,0
BRDA:5070,933,1,0
BRDA:5076,934,0,0
BRDA:5076,934,1,0
BRDA:5076,935,0,0
BRDA:5076,935,1,0
BRDA:5077,936,0,0
BRDA:5077,936,1,0
BRDA:5078,937,0,0
BRDA:5078,937,1,0
BRDA:5078,938,0,0
BRDA:5078,938,1,0
BRDA:5080,939,0,0
BRDA:5080,939,1,0
BRDA:5090,940,0,0
BRDA:5090,940,1,0
BRDA:5094,941,0,0
BRDA:5094,941,1,0
BRDA:5095,942,0,0
BRDA:5095,942,1,0
BRDA:5102,943,0,0
BRDA:5102,943,1,0
BRDA:5103,944,0,0
BRDA:5103,944,1,0
BRDA:5110,945,0,0
BRDA:5110,945,1,0
BRDA:5112,946,0,0
BRDA:5112,946,1,0
BRDA:5112,947,0,0
BRDA:5112,947,1,0
BRDA:5113,948,0,0
BRDA:5113,948,1,0
BRDA:5118,949,0,0
BRDA:5118,949,1,0
BRDA:5119,950,0,0
BRDA:5119,950,1,0
BRDA:5121,951,0,0
BRDA:5121,951,1,0
BRDA:5126,952,0,0
BRDA:5126,952,1,0
BRDA:5126,953,0,0
BRDA:5126,953,1,0
BRDA:5143,954,0,0
BRDA:5143,954,1,0
BRDA:5145,955,0,0
BRDA:5145,955,1,0
BRDA:5163,956,0,0
BRDA:5163,956,1,0
BRDA:5165,957,0,0
BRDA:5165,957,1,0
BRDA:5165,958,0,0
BRDA:5165,958,1,0
BRDA:5177,959,0,0
BRDA:5177,959,1,0
BRDA:5189,960,0,0
BRDA:5189,960,1,0
BRDA:5193,961,0,0
BRDA:5193,961,1,0
BRDA:5195,962,0,0
BRDA:5195,962,1,0
BRDA:5204,963,0,0
BRDA:5204,963,1,0
BRDA:5206,964,0,0
BRDA:5206,964,1,0
BRDA:5209,965,0,0
BRDA:5209,965,1,0
BRDA:5224,966,0,0
BRDA:5224,966,1,0
BRDA:5230,967,0,0
BRDA:5230,967,1,0
BRDA:5242,968,0,0
BRDA:5242,968,1,0
BRDA:5268,969,0,0
BRDA:5268,969,1,0
BRDA:5271,970,0,0
BRDA:5271,970,1,0
BRDA:5288,971,0,0
BRDA:5289,972,0,0
BRDA:5289,972,1,0
BRDA:5303,973,0,0
BRDA:5303,973,1,0
BRDA:5314,974,0,0
BRDA:5314,974,1,0
BRDA:5314,975,0,0
BRDA:5314,975,1,0
BRDA:5315,976,0,0
BRDA:5315,976,1,0
BRDA:5315,977,0,0
BRDA:5315,977,1,0
BRDA:5317,978,0,0
BRDA:5317,978,1,0
BRDA:5321,979,0,0
BRDA:5321,979,1,0
BRDA:5337,980,0,0
BRDA:5337,980,1,0
BRDA:5344,981,0,0
BRDA:5344,981,1,0
BRDA:5352,982,0,0
BRDA:5352,982,1,0
BRDA:5370,983,0,0
BRDA:5370,983,1,0
BRDA:5384,984,0,0
BRDA:5397,985,0,0
BRDA:5397,985,1,0
BRDA:5401,986,0,0
BRDA:5401,986,1,0
BRDA:5404,987,0,0
BRDA:5404,987,1,0
BRDA:5404,988,0,0
BRDA:5404,988,1,0
BRDA:5404,988,2,0
BRDA:5407,989,0,0
BRDA:5407,989,1,0
BRDA:5408,990,0,0
BRDA:5408,990,1,0
BRDA:5411,991,0,0
BRDA:5411,991,1,0
BRDA:5417,992,0,0
BRDA:5417,992,1,0
BRDA:5431,993,0,0
BRDA:5431,993,1,0
BRDA:5433,994,0,0
BRDA:5433,994,1,0
BRDA:5445,995,0,0
BRDA:5445,995,1,0
BRDA:5455,996,0,0
BRDA:5455,996,1,0
BRDA:5468,997,0,0
BRDA:5468,997,1,0
BRDA:5482,998,0,0
BRDA:5482,998,1,0
BRDA:5485,999,0,0
BRDA:5485,999,1,0
BRDA:5485,1000,0,0
BRDA:5485,1000,1,0
BRDA:5485,1000,2,0
BRDA:5493,1001,0,0
BRDA:5493,1001,1,0
BRDA:5494,1002,0,0
BRDA:5494,1002,1,0
BRDA:5505,1003,0,0
BRDA:5505,1003,1,0
BRDA:5513,1004,0,0
BRDA:5513,1004,1,0
BRDA:5522,1005,0,0
BRDA:5522,1005,1,0
BRDA:5523,1006,0,0
BRDA:5523,1006,1,0
BRDA:5533,1007,0,0
BRDA:5533,1007,1,0
BRDA:5542,1008,0,0
BRDA:5542,1008,1,0
BRDA:5546,1009,0,0
BRDA:5546,1009,1,0
BRDA:5559,1010,0,0
BRDA:5559,1010,1,0
BRDA:5578,1011,0,0
BRDA:5578,1011,1,0
BRDA:5578,1012,0,0
BRDA:5578,1012,1,0
BRDA:5579,1013,0,0
BRDA:5579,1013,1,0
BRDA:5579,1014,0,0
BRDA:5579,1014,1,0
BRDA:5582,1015,0,0
BRDA:5582,1015,1,0
BRDA:5606,1016,0,0
BRDA:5606,1016,1,0
BRDA:5614,1017,0,0
BRDA:5614,1017,1,0
BRDA:5621,1018,0,0
BRDA:5621,1018,1,0
BRDA:5622,1019,0,0
BRDA:5622,1019,1,0
BRDA:5629,1020,0,0
BRDA:5629,1020,1,0
BRDA:5643,1021,0,0
BRDA:5643,1021,1,0
BRDA:5643,1022,0,0
BRDA:5643,1022,1,0
BRDA:5648,1023,0,0
BRDA:5648,1023,1,0
BRDA:5655,1024,0,0
BRDA:5655,1024,1,0
BRDA:5657,1025,0,0
BRDA:5657,1025,1,0
BRDA:5669,1026,0,0
BRDA:5669,1026,1,0
BRDA:5669,1027,0,0
BRDA:5669,1027,1,0
BRDA:5675,1028,0,0
BRDA:5675,1028,1,0
BRDA:5681,1029,0,0
BRDA:5681,1029,1,0
BRDA:5683,1030,0,0
BRDA:5683,1030,1,0
BRDA:5683,1031,0,0
BRDA:5683,1031,1,0
BRDA:5700,1032,0,0
BRDA:5700,1032,1,0
BRDA:5723,1033,0,0
BRDA:5723,1033,1,0
BRDA:5738,1034,0,0
BRDA:5738,1034,1,0
BRDA:5746,1035,0,0
BRDA:5746,1035,1,0
BRDA:5767,1036,0,0
BRDA:5767,1036,1,0
BRDA:5770,1037,0,0
BRDA:5770,1037,1,0
BRDA:5777,1038,0,0
BRDA:5777,1038,1,0
BRDA:5783,1039,0,0
BRDA:5783,1039,1,0
BRDA:5800,1040,0,0
BRDA:5800,1040,1,0
BRDA:5815,1041,0,0
BRDA:5815,1041,1,0
BRDA:5824,1042,0,0
BRDA:5824,1042,1,0
BRDA:5827,1043,0,0
BRDA:5827,1043,1,0
BRDA:5838,1044,0,0
BRDA:5838,1044,1,0
BRDA:5851,1045,0,0
BRDA:5852,1046,0,0
BRDA:5852,1046,1,0
BRDA:5852,1047,0,0
BRDA:5852,1047,1,0
BRDA:5857,1048,0,0
BRDA:5857,1048,1,0
BRDA:5858,1049,0,0
BRDA:5858,1049,1,0
BRDA:5883,1050,0,0
BRDA:5883,1050,1,0
BRDA:5889,1051,0,0
BRDA:5889,1051,1,0
BRDA:5895,1052,0,0
BRDA:5895,1052,1,0
BRDA:5897,1053,0,0
BRDA:5897,1053,1,0
BRDA:5910,1054,0,0
BRDA:5910,1054,1,0
BRDA:5911,1055,0,0
BRDA:5911,1055,1,0
BRDA:5912,1056,0,0
BRDA:5912,1056,1,0
BRDA:5945,1057,0,0
BRDA:5945,1057,1,0
BRDA:5966,1058,0,0
BRDA:5966,1058,1,0
BRDA:5972,1059,0,0
BRDA:5972,1059,1,0
BRDA:5984,1060,0,0
BRDA:5984,1060,1,0
BRDA:5991,1061,0,0
BRDA:5991,1061,1,0
BRDA:5991,1061,2,0
BRDA:5992,1062,0,0
BRDA:5992,1062,1,0
BRDA:5992,1062,2,0
BRDA:5997,1063,0,0
BRDA:5997,1063,1,0
BRDA:5998,1064,0,0
BRDA:5998,1064,1,0
BRDA:6000,1065,0,0
BRDA:6000,1065,1,0
BRDA:6006,1066,0,0
BRDA:6006,1066,1,0
BRDA:6006,1067,0,0
BRDA:6006,1067,1,0
BRDA:6008,1068,0,0
BRDA:6008,1068,1,0
BRDA:6008,1069,0,0
BRDA:6008,1069,1,0
BRDA:6017,1070,0,0
BRDA:6017,1070,1,0
BRDA:6027,1071,0,0
BRDA:6027,1071,1,0
BRDA:6029,1072,0,0
BRDA:6029,1072,1,0
BRDA:6035,1073,0,0
BRDA:6035,1073,1,0
BRDA:6035,1074,0,0
BRDA:6035,1074,1,0
BRDA:6035,1074,2,0
BRDA:6048,1075,0,0
BRDA:6048,1075,1,0
BRDA:6060,1076,0,0
BRDA:6060,1076,1,0
BRDA:6060,1077,0,0
BRDA:6060,1077,1,0
BRDA:6065,1078,0,0
BRDA:6065,1078,1,0
BRDA:6066,1079,0,0
BRDA:6066,1079,1,0
BRDA:6067,1080,0,0
BRDA:6067,1080,1,0
BRDA:6068,1081,0,0
BRDA:6068,1081,1,0
BRDA:6077,1082,0,0
BRDA:6077,1082,1,0
BRDA:6082,1083,0,0
BRDA:6082,1083,1,0
BRDA:6085,1084,0,0
BRDA:6085,1084,1,0
BRDA:6097,1085,0,0
BRDA:6097,1085,1,0
BRDA:6100,1086,0,0
BRDA:6100,1086,1,0
BRDA:6109,1087,0,0
BRDA:6109,1087,1,0
BRDA:6115,1088,0,0
BRDA:6115,1088,1,0
BRDA:6119,1089,0,0
BRDA:6119,1089,1,0
BRDA:6124,1090,0,0
BRDA:6124,1090,1,0
BRDA:6126,1091,0,0
BRDA:6126,1091,1,0
BRDA:6140,1092,0,0
BRDA:6140,1092,1,0
BRDA:6147,1093,0,0
BRDA:6147,1093,1,0
BRDA:6162,1094,0,0
BRDA:6162,1094,1,0
BRDA:6162,1095,0,0
BRDA:6162,1095,1,0
BRDA:6164,1096,0,0
BRDA:6164,1096,1,0
BRDA:6170,1097,0,0
BRDA:6170,1097,1,0
BRDA:6172,1098,0,0
BRDA:6172,1098,1,0
BRDA:6172,1099,0,0
BRDA:6172,1099,1,0
BRDA:6185,1100,0,0
BRDA:6185,1100,1,0
BRDA:6191,1101,0,0
BRDA:6191,1101,1,0
BRDA:6194,1102,0,0
BRDA:6194,1102,1,0
BRDA:6202,1103,0,0
BRDA:6202,1103,1,0
BRDA:6208,1104,0,0
BRDA:6208,1104,1,0
BRDA:6212,1105,0,0
BRDA:6212,1105,1,0
BRDA:6220,1106,0,0
BRDA:6220,1106,1,0
BRDA:6229,1107,0,0
BRDA:6229,1107,1,0
BRDA:6242,1108,0,0
BRDA:6242,1108,1,0
BRDA:6242,1109,0,0
BRDA:6242,1109,1,0
BRDA:6248,1110,0,0
BRDA:6248,1110,1,0
BRDA:6253,1111,0,0
BRDA:6253,1111,1,0
BRDA:6261,1112,0,0
BRDA:6261,1112,1,0
BRDA:6272,1113,0,0
BRDA:6272,1113,1,0
BRDA:6274,1114,0,0
BRDA:6274,1114,1,0
BRDA:6287,1115,0,0
BRDA:6287,1115,1,0
BRDA:6287,1116,0,0
BRDA:6287,1116,1,0
BRDA:6296,1117,0,0
BRDA:6296,1117,1,0
BRDA:6296,1117,2,0
BRDA:6309,1118,0,0
BRDA:6309,1118,1,0
BRDA:6313,1119,0,0
BRDA:6313,1119,1,0
BRDA:6314,1120,0,0
BRDA:6314,1120,1,0
BRDA:6315,1121,0,0
BRDA:6315,1121,1,0
BRDA:6316,1122,0,0
BRDA:6316,1122,1,0
BRDA:6345,1123,0,0
BRDA:6345,1124,0,0
BRDA:6346,1125,0,0
BRDA:6346,1125,1,0
BRDA:6346,1125,2,0
BRDA:6346,1125,3,0
BRDA:6347,1126,0,0
BRDA:6347,1126,1,0
BRDA:6347,1126,2,0
BRDA:6347,1126,3,0
BRDA:6348,1127,0,0
BRDA:6348,1127,1,0
BRDA:6349,1128,0,0
BRDA:6349,1128,1,0
BRDA:6358,1129,0,0
BRDA:6358,1129,1,0
BRDA:6364,1130,0,0
BRDA:6364,1130,1,0
BRDA:6365,1131,0,0
BRDA:6365,1131,1,0
BRDA:6365,1131,2,0
BRDA:6376,1132,0,0
BRDA:6376,1133,0,0
BRDA:6378,1134,0,0
BRDA:6378,1134,1,0
BRDA:6384,1135,0,0
BRDA:6384,1135,1,0
BRDA:6388,1136,0,0
BRDA:6388,1136,1,0
BRDA:6403,1137,0,0
BRDA:6403,1137,1,0
BRDA:6412,1138,0,0
BRDA:6412,1139,0,0
BRDA:6413,1140,0,0
BRDA:6413,1140,1,0
BRDA:6413,1140,2,0
BRDA:6414,1141,0,0
BRDA:6414,1141,1,0
BRDA:6414,1142,0,0
BRDA:6414,1142,1,0
BRDA:6417,1143,0,0
BRDA:6417,1143,1,0
BRDA:6423,1144,0,0
BRDA:6423,1144,1,0
BRDA:6423,1144,2,0
BRDA:6423,1144,3,0
BRDA:6425,1145,0,0
BRDA:6425,1145,1,0
BRDA:6434,1146,0,0
BRDA:6434,1146,1,0
BRDA:6445,1147,0,0
BRDA:6445,1147,1,0
BRDA:6446,1148,0,0
BRDA:6446,1148,1,0
BRDA:6448,1149,0,0
BRDA:6448,1149,1,0
BRDA:6464,1150,0,0
BRDA:6464,1150,1,0
BRDA:6468,1151,0,0
BRDA:6471,1152,0,0
BRDA:6471,1152,1,0
BRDA:6471,1153,0,0
BRDA:6471,1153,1,0
BRDA:6471,1153,2,0
BRDA:6475,1154,0,0
BRDA:6475,1154,1,0
BRDA:6475,1155,0,0
BRDA:6475,1155,1,0
BRDA:6475,1155,2,0
BRDA:6480,1156,0,0
BRDA:6480,1156,1,0
BRDA:6484,1157,0,0
BRDA:6484,1157,1,0
BRDA:6486,1158,0,0
BRDA:6486,1158,1,0
BRDA:6491,1159,0,0
BRDA:6491,1159,1,0
BRDA:6496,1160,0,0
BRDA:6496,1160,1,0
BRDA:6501,1161,0,0
BRDA:6501,1161,1,0
BRDA:6504,1162,0,0
BRDA:6504,1162,1,0
BRDA:6512,1163,0,0
BRDA:6512,1163,1,0
BRDA:6512,1164,0,0
BRDA:6512,1164,1,0
BRDA:6512,1164,2,0
BRDA:6519,1165,0,0
BRDA:6519,1165,1,0
BRDA:6530,1166,0,0
BRDA:6530,1166,1,0
BRDA:6530,1167,0,0
BRDA:6530,1167,1,0
BRDA:6530,1167,2,0
BRDA:6530,1167,3,0
BRDA:6535,1168,0,0
BRDA:6535,1168,1,0
BRDA:6535,1169,0,0
BRDA:6535,1169,1,0
BRDA:6535,1169,2,0
BRDA:6550,1170,0,0
BRDA:6550,1170,1,0
BRDA:6550,1171,0,0
BRDA:6550,1171,1,0
BRDA:6559,1172,0,0
BRDA:6559,1172,1,0
BRDA:6560,1173,0,0
BRDA:6560,1173,1,0
BRDA:6568,1174,0,0
BRDA:6568,1174,1,0
BRDA:6573,1175,0,0
BRDA:6573,1175,1,0
BRDA:6578,1176,0,0
BRDA:6578,1176,1,0
BRDA:6579,1177,0,0
BRDA:6579,1177,1,0
BRDA:6579,1177,2,0
BRDA:6597,1178,0,0
BRDA:6597,1178,1,0
BRDA:6601,1179,0,0
BRDA:6601,1179,1,0
BRDA:6604,1180,0,0
BRDA:6604,1180,1,0
BRDA:6609,1181,0,0
BRDA:6609,1181,1,0
BRDA:6610,1182,0,0
BRDA:6610,1182,1,0
BRDA:6616,1183,0,0
BRDA:6616,1183,1,0
BRDA:6623,1184,0,0
BRDA:6623,1184,1,0
BRDA:6624,1185,0,0
BRDA:6624,1185,1,0
BRDA:6629,1186,0,0
BRDA:6629,1186,1,0
BRDA:6634,1187,0,0
BRDA:6634,1187,1,0
BRDA:6635,1188,0,0
BRDA:6635,1188,1,0
BRDA:6644,1189,0,0
BRDA:6644,1189,1,0
BRDA:6644,1190,0,0
BRDA:6644,1190,1,0
BRDA:6647,1191,0,0
BRDA:6647,1191,1,0
BRDA:6647,1192,0,0
BRDA:6647,1192,1,0
BRDA:6647,1192,2,0
BRDA:6654,1193,0,0
BRDA:6654,1193,1,0
BRDA:6654,1194,0,0
BRDA:6654,1194,1,0
BRDA:6654,1194,2,0
BRDA:6654,1194,3,0
BRDA:6662,1195,0,0
BRDA:6662,1195,1,0
BRDA:6679,1196,0,0
BRDA:6679,1196,1,0
BRDA:6679,1197,0,0
BRDA:6679,1197,1,0
BRDA:6698,1198,0,0
BRDA:6698,1198,1,0
BRDA:6698,1199,0,0
BRDA:6698,1199,1,0
BRDA:6700,1200,0,0
BRDA:6700,1200,1,0
BRDA:6722,1201,0,0
BRDA:6722,1201,1,0
BRDA:6722,1202,0,0
BRDA:6722,1202,1,0
BRDA:6724,1203,0,0
BRDA:6724,1203,1,0
BRDA:6742,1204,0,0
BRDA:6742,1204,1,0
BRDA:6763,1205,0,0
BRDA:6763,1205,1,0
BRDA:6763,1206,0,0
BRDA:6763,1206,1,0
BRDA:6765,1207,0,0
BRDA:6765,1207,1,0
BRDA:6783,1208,0,0
BRDA:6783,1208,1,0
BRDA:6811,1209,0,0
BRDA:6811,1209,1,0
BRDA:6811,1210,0,0
BRDA:6811,1210,1,0
BRDA:6815,1211,0,0
BRDA:6815,1211,1,0
BRDA:6816,1212,0,0
BRDA:6816,1212,1,0
BRDA:6821,1213,0,0
BRDA:6821,1213,1,0
BRDA:6822,1214,0,0
BRDA:6822,1214,1,0
BRDA:6830,1215,0,0
BRDA:6831,1216,0,0
BRDA:6831,1216,1,0
BRDA:6831,1217,0,0
BRDA:6831,1217,1,0
BRDA:6833,1218,0,0
BRDA:6833,1218,1,0
BRDA:6837,1219,0,0
BRDA:6837,1219,1,0
BRDA:6837,1220,0,0
BRDA:6837,1220,1,0
BRDA:6845,1221,0,0
BRDA:6845,1221,1,0
BRDA:6847,1222,0,0
BRDA:6847,1222,1,0
BRDA:6860,1223,0,0
BRDA:6860,1223,1,0
BRDA:6860,1224,0,0
BRDA:6860,1224,1,0
BRDA:6867,1225,0,0
BRDA:6867,1225,1,0
BRDA:6869,1226,0,0
BRDA:6869,1226,1,0
BRDA:6869,1227,0,0
BRDA:6869,1227,1,0
BRDA:6875,1228,0,0
BRDA:6875,1228,1,0
BRDA:6882,1229,0,0
BRDA:6882,1229,1,0
BRDA:6892,1230,0,0
BRDA:6893,1231,0,0
BRDA:6893,1231,1,0
BRDA:6894,1232,0,0
BRDA:6894,1232,1,0
BRDA:6895,1233,0,0
BRDA:6895,1233,1,0
BRDA:6897,1234,0,0
BRDA:6897,1234,1,0
BRDA:6903,1235,0,0
BRDA:6903,1235,1,0
BRDA:6909,1236,0,0
BRDA:6909,1236,1,0
BRDA:6910,1237,0,0
BRDA:6910,1237,1,0
BRDA:6911,1238,0,0
BRDA:6911,1238,1,0
BRDA:6918,1239,0,0
BRDA:6918,1239,1,0
BRDA:6926,1240,0,0
BRDA:6926,1240,1,0
BRDA:6927,1241,0,0
BRDA:6927,1241,1,0
BRDA:6932,1242,0,0
BRDA:6932,1242,1,0
BRDA:6936,1243,0,0
BRDA:6936,1243,1,0
BRDA:6946,1244,0,0
BRDA:6946,1244,1,0
BRDA:6947,1245,0,0
BRDA:6947,1245,1,0
BRDA:6950,1246,0,0
BRDA:6950,1246,1,0
BRDA:6951,1247,0,0
BRDA:6951,1247,1,0
BRDA:6951,1248,0,0
BRDA:6951,1248,1,0
BRDA:6953,1249,0,0
BRDA:6953,1249,1,0
BRDA:6968,1250,0,0
BRDA:6968,1250,1,0
BRDA:6969,1251,0,0
BRDA:6969,1251,1,0
BRDA:6969,1251,2,0
BRDA:6981,1252,0,0
BRDA:6981,1252,1,0
BRDA:6984,1253,0,0
BRDA:6984,1253,1,0
BRDA:6987,1254,0,0
BRDA:6987,1254,1,0
BRDA:7002,1255,0,0
BRDA:7002,1255,1,0
BRDA:7004,1256,0,0
BRDA:7004,1256,1,0
BRDA:7016,1257,0,0
BRDA:7016,1257,1,0
BRDA:7042,1258,0,0
BRDA:7042,1258,1,0
BRDA:7045,1259,0,0
BRDA:7045,1259,1,0
BRDA:7047,1260,0,0
BRDA:7047,1260,1,0
BRDA:7073,1261,0,0
BRDA:7073,1261,1,0
BRDA:7081,1262,0,0
BRDA:7081,1262,1,0
BRDA:7083,1263,0,0
BRDA:7083,1263,1,0
BRDA:7084,1264,0,0
BRDA:7084,1264,1,0
BRDA:7086,1265,0,0
BRDA:7086,1265,1,0
BRDA:7088,1266,0,0
BRDA:7088,1266,1,0
BRDA:7107,1267,0,0
BRDA:7107,1267,1,0
BRDA:7108,1268,0,0
BRDA:7108,1268,1,0
BRDA:7130,1269,0,0
BRDA:7130,1269,1,0
BRDA:7136,1270,0,0
BRDA:7136,1270,1,0
BRDA:7136,1271,0,0
BRDA:7136,1271,1,0
BRDA:7146,1272,0,0
BRDA:7146,1272,1,0
BRDA:7148,1273,0,0
BRDA:7148,1273,1,0
BRDA:7171,1274,0,0
BRDA:7171,1274,1,0
BRDA:7176,1275,0,0
BRDA:7176,1275,1,0
BRDA:7184,1276,0,0
BRDA:7184,1276,1,0
BRDA:7191,1277,0,0
BRDA:7191,1277,1,0
BRDA:7206,1278,0,0
BRDA:7206,1278,1,0
BRDA:7219,1279,0,0
BRDA:7219,1279,1,0
BRDA:7219,1280,0,0
BRDA:7219,1280,1,0
BRDA:7222,1281,0,0
BRDA:7222,1281,1,0
BRDA:7225,1282,0,0
BRDA:7225,1282,1,0
BRDA:7227,1283,0,0
BRDA:7227,1283,1,0
BRDA:7227,1284,0,0
BRDA:7227,1284,1,0
BRDA:7228,1285,0,0
BRDA:7228,1285,1,0
BRDA:7228,1286,0,0
BRDA:7228,1286,1,0
BRDA:7232,1287,0,0
BRDA:7232,1287,1,0
BRDA:7239,1288,0,0
BRDA:7239,1288,1,0
BRDA:7250,1289,0,0
BRDA:7250,1289,1,0
BRDA:7252,1290,0,0
BRDA:7252,1290,1,0
BRDA:7269,1291,0,0
BRDA:7269,1291,1,0
BRDA:7270,1292,0,0
BRDA:7270,1292,1,0
BRDA:7276,1293,0,0
BRDA:7276,1293,1,0
BRDA:7279,1294,0,0
BRDA:7279,1294,1,0
BRDA:7290,1295,0,0
BRDA:7290,1295,1,0
BRDA:7291,1296,0,0
BRDA:7291,1296,1,0
BRDA:7300,1297,0,0
BRDA:7300,1297,1,0
BRDA:7329,1298,0,0
BRDA:7329,1298,1,0
BRDA:7331,1299,0,0
BRDA:7331,1299,1,0
BRDA:7333,1300,0,0
BRDA:7333,1300,1,0
BRDA:7336,1301,0,0
BRDA:7336,1301,1,0
BRDA:7338,1302,0,0
BRDA:7338,1302,1,0
BRDA:7339,1303,0,0
BRDA:7339,1303,1,0
BRDA:7340,1304,0,0
BRDA:7340,1304,1,0
BRDA:7343,1305,0,0
BRDA:7343,1305,1,0
BRDA:7362,1306,0,0
BRDA:7362,1306,1,0
BRDA:7372,1307,0,0
BRDA:7372,1307,1,0
BRDA:7372,1308,0,0
BRDA:7372,1308,1,0
BRDA:7378,1309,0,0
BRDA:7378,1309,1,0
BRDA:7382,1310,0,0
BRDA:7382,1310,1,0
BRDA:7382,1311,0,0
BRDA:7382,1311,1,0
BRDA:7391,1312,0,0
BRDA:7391,1312,1,0
BRDA:7393,1313,0,0
BRDA:7393,1313,1,0
BRDA:7395,1314,0,0
BRDA:7395,1314,1,0
BRDA:7424,1315,0,0
BRDA:7424,1315,1,0
BRDA:7438,1316,0,0
BRDA:7438,1316,1,0
BRDA:7448,1317,0,0
BRDA:7448,1317,1,0
BRDA:7451,1318,0,0
BRDA:7451,1318,1,0
BRDA:7456,1319,0,0
BRDA:7456,1319,1,0
BRDA:7456,1320,0,0
BRDA:7456,1320,1,0
BRDA:7463,1321,0,0
BRDA:7463,1321,1,0
BRDA:7468,1322,0,0
BRDA:7468,1322,1,0
BRDA:7468,1323,0,0
BRDA:7468,1323,1,0
BRDA:7478,1324,0,0
BRDA:7482,1325,0,0
BRDA:7482,1325,1,0
BRDA:7482,1326,0,0
BRDA:7482,1326,1,0
BRDA:7482,1326,2,0
BRDA:7493,1327,0,0
BRDA:7493,1327,1,0
BRDA:7499,1328,0,0
BRDA:7499,1328,1,0
BRDA:7499,1329,0,0
BRDA:7499,1329,1,0
BRDA:7507,1330,0,0
BRDA:7507,1330,1,0
BRDA:7522,1331,0,0
BRDA:7522,1331,1,0
BRDA:7530,1332,0,0
BRDA:7530,1332,1,0
BRDA:7531,1333,0,0
BRDA:7531,1333,1,0
BRDA:7546,1334,0,0
BRDA:7546,1334,1,0
BRDA:7552,1335,0,0
BRDA:7552,1335,1,0
BRDA:7562,1336,0,0
BRDA:7562,1336,1,0
BRDA:7564,1337,0,0
BRDA:7564,1337,1,0
BRDA:7575,1338,0,0
BRDA:7575,1338,1,0
BRDA:7577,1339,0,0
BRDA:7577,1339,1,0
BRDA:7578,1340,0,0
BRDA:7578,1340,1,0
BRDA:7615,1341,0,0
BRDA:7615,1341,1,0
BRDA:7620,1342,0,0
BRDA:7620,1342,1,0
BRDA:7630,1343,0,0
BRDA:7630,1343,1,0
BRDA:7648,1344,0,0
BRDA:7648,1344,1,0
BRDA:7651,1345,0,0
BRDA:7651,1345,1,0
BRDA:7656,1346,0,0
BRDA:7656,1346,1,0
BRDA:7656,1347,0,0
BRDA:7656,1347,1,0
BRDA:7663,1348,0,0
BRDA:7663,1348,1,0
BRDA:7676,1349,0,0
BRDA:7676,1349,1,0
BRDA:7683,1350,0,0
BRDA:7683,1350,1,0
BRDA:7687,1351,0,0
BRDA:7687,1351,1,0
BRDA:7693,1352,0,0
BRDA:7693,1352,1,0
BRDA:7703,1353,0,0
BRDA:7703,1353,1,0
BRDA:7719,1354,0,0
BRDA:7719,1354,1,0
BRDA:7724,1355,0,0
BRDA:7724,1355,1,0
BRDA:7734,1356,0,0
BRDA:7734,1356,1,0
BRDA:7736,1357,0,0
BRDA:7736,1357,1,0
BRDA:7769,1358,0,0
BRDA:7769,1358,1,0
BRDA:7774,1359,0,0
BRDA:7774,1359,1,0
BRDA:7784,1360,0,0
BRDA:7784,1360,1,0
BRDA:7788,1361,0,0
BRDA:7788,1361,1,0
BRDA:7791,1362,0,0
BRDA:7791,1362,1,0
BRDA:7805,1363,0,0
BRDA:7805,1363,1,0
BRDA:7841,1364,0,0
BRDA:7841,1364,1,0
BRDA:7844,1365,0,0
BRDA:7844,1365,1,0
BRDA:7859,1366,0,0
BRDA:7859,1366,1,0
BRDA:7862,1367,0,0
BRDA:7862,1367,1,0
BRDA:7865,1368,0,0
BRDA:7865,1368,1,0
BRDA:7869,1369,0,0
BRDA:7869,1369,1,0
BRDA:7880,1370,0,0
BRDA:7880,1370,1,0
BRDA:7886,1371,0,0
BRDA:7886,1371,1,0
BRDA:7890,1372,0,0
BRDA:7890,1372,1,0
BRDA:7894,1373,0,0
BRDA:7894,1373,1,0
BRDA:7896,1374,0,0
BRDA:7896,1374,1,0
BRDA:7902,1375,0,0
BRDA:7902,1375,1,0
BRDA:7916,1376,0,0
BRDA:7916,1376,1,0
BRDA:7925,1377,0,0
BRDA:7927,1378,0,0
BRDA:7927,1378,1,0
BRDA:7927,1379,0,0
BRDA:7927,1379,1,0
BRDA:7933,1380,0,0
BRDA:7933,1380,1,0
BRDA:7951,1381,0,0
BRDA:7951,1381,1,0
BRDA:7951,1382,0,0
BRDA:7951,1382,1,0
BRDA:7952,1383,0,0
BRDA:7952,1383,1,0
BRF:2812
BRH:0
end_of_record
TN:
SF:sidepanel\pdf-worker.js
FN:16,(anonymous_0)
FN:154,stripHtml
FNF:2
FNH:0
FNDA:0,(anonymous_0)
FNDA:0,stripHtml
DA:4,0
DA:6,0
DA:7,0
DA:9,0
DA:10,0
DA:16,0
DA:17,0
DA:18,0
DA:20,0
DA:21,0
DA:22,0
DA:23,0
DA:26,0
DA:34,0
DA:35,0
DA:36,0
DA:37,0
DA:40,0
DA:41,0
DA:42,0
DA:44,0
DA:45,0
DA:46,0
DA:47,0
DA:50,0
DA:51,0
DA:52,0
DA:53,0
DA:56,0
DA:57,0
DA:58,0
DA:60,0
DA:61,0
DA:64,0
DA:65,0
DA:66,0
DA:70,0
DA:71,0
DA:72,0
DA:73,0
DA:76,0
DA:77,0
DA:78,0
DA:82,0
DA:83,0
DA:84,0
DA:85,0
DA:87,0
DA:88,0
DA:89,0
DA:90,0
DA:92,0
DA:93,0
DA:96,0
DA:97,0
DA:100,0
DA:101,0
DA:102,0
DA:103,0
DA:105,0
DA:106,0
DA:108,0
DA:113,0
DA:114,0
DA:115,0
DA:116,0
DA:117,0
DA:118,0
DA:120,0
DA:121,0
DA:122,0
DA:126,0
DA:129,0
DA:136,0
DA:139,0
DA:145,0
DA:146,0
DA:155,0
DA:157,0
DA:159,0
DA:161,0
LF:81
LH:0
BRDA:22,0,0,0
BRDA:22,0,1,0
BRDA:42,1,0,0
BRDA:42,1,1,0
BRDA:44,2,0,0
BRDA:44,2,1,0
BRDA:64,3,0,0
BRDA:64,3,1,0
BRDA:72,4,0,0
BRDA:72,4,1,0
BRDA:76,5,0,0
BRDA:76,5,1,0
BRDA:82,6,0,0
BRDA:82,6,1,0
BRDA:97,7,0,0
BRDA:97,7,1,0
BRDA:105,8,0,0
BRDA:105,8,1,0
BRDA:113,9,0,0
BRDA:113,9,1,0
BRDA:115,10,0,0
BRDA:115,10,1,0
BRDA:155,11,0,0
BRDA:155,11,1,0
BRF:24
BRH:0
end_of_record
TN:
SF:utils\time.js
FN:4,(anonymous_0)
FN:10,formatTime
FN:28,parseTimeToMs
FN:53,formatTimeWithOptions
FNF:4
FNH:0
FNDA:0,(anonymous_0)
FNDA:0,formatTime
FNDA:0,parseTimeToMs
FNDA:0,formatTimeWithOptions
DA:4,0
DA:11,0
DA:12,0
DA:13,0
DA:14,0
DA:15,0
DA:16,0
DA:17,0
DA:18,0
DA:20,0
DA:29,0
DA:32,0
DA:33,0
DA:34,0
DA:36,0
DA:37,0
DA:41,0
DA:42,0
DA:54,0
DA:56,0
DA:57,0
DA:58,0
DA:59,0
DA:60,0
DA:62,0
DA:64,0
DA:65,0
DA:67,0
DA:70,0
DA:71,0
DA:74,0
DA:78,0
LF:32
LH:0
BRDA:11,0,0,0
BRDA:11,0,1,0
BRDA:17,1,0,0
BRDA:17,1,1,0
BRDA:29,2,0,0
BRDA:29,2,1,0
BRDA:33,3,0,0
BRDA:33,3,1,0
BRDA:36,4,0,0
BRDA:36,4,1,0
BRDA:42,5,0,0
BRDA:42,5,1,0
BRDA:53,6,0,0
BRDA:54,7,0,0
BRDA:54,7,1,0
BRDA:64,8,0,0
BRDA:64,8,1,0
BRDA:64,9,0,0
BRDA:64,9,1,0
BRDA:70,10,0,0
BRDA:70,10,1,0
BRF:21
BRH:0
end_of_record
